2022/06/14 00:14:20 kabuget.go:23: 処理開始
2022/06/14 00:14:20 kabuget.go:36: DBStrring:kabu:kabukabu@tcp(localhost:3306)/kabu_test?parseTime=true&loc=Asia%!F(MISSING)Tokyo
2022/06/14 00:14:20 kabuget.go:37: Honban:false
2022/06/14 00:14:20 kabuget.go:38: Password:tkumi0312
2022/06/14 00:14:20 kabuget.go:55: 取得日付:2022/06/13
2022/06/14 00:14:20 kabuget.go:56: 取得日付NUM:5502
2022/06/14 00:14:20 kabuget.go:94: 1001:銘柄が見つからない
2022/06/14 00:14:20 kabuget.go:94: 1002:銘柄が見つからない
2022/06/14 00:14:20 kabuget.go:94: 1003:銘柄が見つからない
2022/06/14 00:14:20 kabuget.go:94: 1004:銘柄が見つからない
2022/06/14 00:14:21 kabuget.go:94: 1005:銘柄が見つからない
2022/06/14 00:14:21 kabuget.go:94: 1006:銘柄が見つからない
2022/06/14 00:14:21 kabuget.go:94: 1007:銘柄が見つからない
2022/06/14 00:14:21 kabuget.go:94: 1008:銘柄が見つからない
2022/06/14 00:14:22 kabuget.go:94: 1009:銘柄が見つからない
2022/06/14 00:14:22 kabuget.go:94: 1010:銘柄が見つからない
2022/06/14 00:14:22 kabuget.go:94: 1011:銘柄が見つからない
2022/06/14 00:14:23 kabuget.go:94: 1012:銘柄が見つからない
2022/06/14 00:14:23 kabuget.go:94: 1013:銘柄が見つからない
2022/06/14 00:14:23 kabuget.go:94: 1014:銘柄が見つからない
2022/06/14 00:14:23 kabuget.go:94: 1015:銘柄が見つからない
2022/06/14 00:14:24 kabuget.go:94: 1016:銘柄が見つからない
2022/06/14 00:14:24 kabuget.go:94: 1017:銘柄が見つからない
2022/06/14 00:14:24 kabuget.go:94: 1018:銘柄が見つからない
2022/06/14 00:14:24 kabuget.go:94: 1019:銘柄が見つからない
2022/06/14 00:14:25 kabuget.go:94: 1020:銘柄が見つからない
2022/06/14 00:14:25 kabuget.go:94: 1021:銘柄が見つからない
2022/06/14 00:14:25 kabuget.go:94: 1022:銘柄が見つからない
2022/06/14 00:14:25 kabuget.go:94: 1023:銘柄が見つからない
2022/06/14 00:14:26 kabuget.go:94: 1024:銘柄が見つからない
2022/06/14 00:14:26 kabuget.go:94: 1025:銘柄が見つからない
2022/06/14 00:14:26 kabuget.go:94: 1026:銘柄が見つからない
2022/06/14 00:14:26 kabuget.go:94: 1027:銘柄が見つからない
2022/06/14 00:14:27 kabuget.go:94: 1028:銘柄が見つからない
2022/06/14 00:14:27 kabuget.go:94: 1029:銘柄が見つからない
2022/06/14 00:14:27 kabuget.go:94: 1030:銘柄が見つからない
2022/06/14 00:14:28 kabuget.go:94: 1031:銘柄が見つからない
2022/06/14 00:14:28 kabuget.go:94: 1032:銘柄が見つからない
2022/06/14 00:14:28 kabuget.go:94: 1033:銘柄が見つからない
2022/06/14 00:14:28 kabuget.go:94: 1034:銘柄が見つからない
2022/06/14 00:14:29 kabuget.go:94: 1035:銘柄が見つからない
2022/06/14 00:14:29 kabuget.go:94: 1036:銘柄が見つからない
2022/06/14 00:14:29 kabuget.go:94: 1037:銘柄が見つからない
2022/06/14 00:14:29 kabuget.go:94: 1038:銘柄が見つからない
2022/06/14 00:14:30 kabuget.go:94: 1039:銘柄が見つからない
2022/06/14 00:14:30 kabuget.go:94: 1040:銘柄が見つからない
2022/06/14 00:14:30 kabuget.go:94: 1041:銘柄が見つからない
2022/06/14 00:14:30 kabuget.go:94: 1042:銘柄が見つからない
2022/06/14 00:14:31 kabuget.go:94: 1043:銘柄が見つからない
2022/06/14 00:14:31 kabuget.go:94: 1044:銘柄が見つからない
2022/06/14 00:14:31 kabuget.go:94: 1045:銘柄が見つからない
2022/06/14 00:14:31 kabuget.go:94: 1046:銘柄が見つからない
2022/06/14 00:14:32 kabuget.go:94: 1047:銘柄が見つからない
2022/06/14 00:14:32 kabuget.go:94: 1048:銘柄が見つからない
2022/06/14 00:14:32 kabuget.go:94: 1049:銘柄が見つからない
2022/06/14 00:14:33 kabuget.go:94: 1050:銘柄が見つからない
2022/06/14 00:14:33 kabuget.go:94: 1051:銘柄が見つからない
2022/06/14 00:14:33 kabuget.go:94: 1052:銘柄が見つからない
2022/06/14 00:14:33 kabuget.go:94: 1053:銘柄が見つからない
2022/06/14 00:14:34 kabuget.go:94: 1054:銘柄が見つからない
2022/06/14 00:14:34 kabuget.go:94: 1055:銘柄が見つからない
2022/06/14 00:14:34 kabuget.go:94: 1056:銘柄が見つからない
2022/06/14 00:14:34 kabuget.go:94: 1057:銘柄が見つからない
2022/06/14 00:14:35 kabuget.go:94: 1058:銘柄が見つからない
2022/06/14 00:14:35 kabuget.go:94: 1059:銘柄が見つからない
2022/06/14 00:14:35 kabuget.go:94: 1060:銘柄が見つからない
2022/06/14 00:14:35 kabuget.go:94: 1061:銘柄が見つからない
2022/06/14 00:14:36 kabuget.go:94: 1062:銘柄が見つからない
2022/06/14 00:14:36 kabuget.go:94: 1063:銘柄が見つからない
2022/06/14 00:14:36 kabuget.go:94: 1064:銘柄が見つからない
2022/06/14 00:14:37 kabuget.go:94: 1065:銘柄が見つからない
2022/06/14 00:14:37 kabuget.go:94: 1066:銘柄が見つからない
2022/06/14 00:14:37 kabuget.go:94: 1067:銘柄が見つからない
2022/06/14 00:14:37 kabuget.go:94: 1068:銘柄が見つからない
2022/06/14 00:14:38 kabuget.go:94: 1069:銘柄が見つからない
2022/06/14 00:14:38 kabuget.go:94: 1070:銘柄が見つからない
2022/06/14 00:14:38 kabuget.go:94: 1071:銘柄が見つからない
2022/06/14 00:14:38 kabuget.go:94: 1072:銘柄が見つからない
2022/06/14 00:14:39 kabuget.go:94: 1073:銘柄が見つからない
2022/06/14 00:14:39 kabuget.go:94: 1074:銘柄が見つからない
2022/06/14 00:14:39 kabuget.go:94: 1075:銘柄が見つからない
2022/06/14 00:14:39 kabuget.go:94: 1076:銘柄が見つからない
2022/06/14 00:14:40 kabuget.go:94: 1077:銘柄が見つからない
2022/06/14 00:14:40 kabuget.go:94: 1078:銘柄が見つからない
2022/06/14 00:14:40 kabuget.go:94: 1079:銘柄が見つからない
2022/06/14 00:14:40 kabuget.go:94: 1080:銘柄が見つからない
2022/06/14 00:14:41 kabuget.go:94: 1081:銘柄が見つからない
2022/06/14 00:14:41 kabuget.go:94: 1082:銘柄が見つからない
2022/06/14 00:14:41 kabuget.go:94: 1083:銘柄が見つからない
2022/06/14 00:14:42 kabuget.go:94: 1084:銘柄が見つからない
2022/06/14 00:14:42 kabuget.go:94: 1085:銘柄が見つからない
2022/06/14 00:14:42 kabuget.go:94: 1086:銘柄が見つからない
2022/06/14 00:14:42 kabuget.go:94: 1087:銘柄が見つからない
2022/06/14 00:14:43 kabuget.go:94: 1088:銘柄が見つからない
2022/06/14 00:14:43 kabuget.go:94: 1089:銘柄が見つからない
2022/06/14 00:14:43 kabuget.go:94: 1090:銘柄が見つからない
2022/06/14 00:14:43 kabuget.go:94: 1091:銘柄が見つからない
2022/06/14 00:14:44 kabuget.go:94: 1092:銘柄が見つからない
2022/06/14 00:14:44 kabuget.go:94: 1093:銘柄が見つからない
2022/06/14 00:14:44 kabuget.go:94: 1094:銘柄が見つからない
2022/06/14 00:14:44 kabuget.go:94: 1095:銘柄が見つからない
2022/06/14 00:14:45 kabuget.go:94: 1096:銘柄が見つからない
2022/06/14 00:14:45 kabuget.go:94: 1097:銘柄が見つからない
2022/06/14 00:14:45 kabuget.go:94: 1098:銘柄が見つからない
2022/06/14 00:14:45 kabuget.go:94: 1099:銘柄が見つからない
2022/06/14 00:14:46 kabuget.go:94: 1100:銘柄が見つからない
2022/06/14 00:14:46 kabuget.go:94: 1101:銘柄が見つからない
2022/06/14 00:14:46 kabuget.go:94: 1102:銘柄が見つからない
2022/06/14 00:14:47 kabuget.go:94: 1103:銘柄が見つからない
2022/06/14 00:14:47 kabuget.go:94: 1104:銘柄が見つからない
2022/06/14 00:14:47 kabuget.go:94: 1105:銘柄が見つからない
2022/06/14 00:14:47 kabuget.go:94: 1106:銘柄が見つからない
2022/06/14 00:14:48 kabuget.go:94: 1107:銘柄が見つからない
2022/06/14 00:14:48 kabuget.go:94: 1108:銘柄が見つからない
2022/06/14 00:14:48 kabuget.go:94: 1109:銘柄が見つからない
2022/06/14 00:14:48 kabuget.go:94: 1110:銘柄が見つからない
2022/06/14 00:14:49 kabuget.go:94: 1111:銘柄が見つからない
2022/06/14 00:14:49 kabuget.go:94: 1112:銘柄が見つからない
2022/06/14 00:14:49 kabuget.go:94: 1113:銘柄が見つからない
2022/06/14 00:14:49 kabuget.go:94: 1114:銘柄が見つからない
2022/06/14 00:14:50 kabuget.go:94: 1115:銘柄が見つからない
2022/06/14 00:14:50 kabuget.go:94: 1116:銘柄が見つからない
2022/06/14 00:14:50 kabuget.go:94: 1117:銘柄が見つからない
2022/06/14 00:14:51 kabuget.go:94: 1118:銘柄が見つからない
2022/06/14 00:14:51 kabuget.go:94: 1119:銘柄が見つからない
2022/06/14 00:14:51 kabuget.go:94: 1120:銘柄が見つからない
2022/06/14 00:14:51 kabuget.go:94: 1121:銘柄が見つからない
2022/06/14 00:14:52 kabuget.go:94: 1122:銘柄が見つからない
2022/06/14 00:14:52 kabuget.go:94: 1123:銘柄が見つからない
2022/06/14 00:14:52 kabuget.go:94: 1124:銘柄が見つからない
2022/06/14 00:14:52 kabuget.go:94: 1125:銘柄が見つからない
2022/06/14 00:14:53 kabuget.go:94: 1126:銘柄が見つからない
2022/06/14 00:14:53 kabuget.go:94: 1127:銘柄が見つからない
2022/06/14 00:14:53 kabuget.go:94: 1128:銘柄が見つからない
2022/06/14 00:14:53 kabuget.go:94: 1129:銘柄が見つからない
2022/06/14 00:14:54 kabuget.go:94: 1130:銘柄が見つからない
2022/06/14 00:14:54 kabuget.go:94: 1131:銘柄が見つからない
2022/06/14 00:14:54 kabuget.go:94: 1132:銘柄が見つからない
2022/06/14 00:14:54 kabuget.go:94: 1133:銘柄が見つからない
2022/06/14 00:14:55 kabuget.go:94: 1134:銘柄が見つからない
2022/06/14 00:14:55 kabuget.go:94: 1135:銘柄が見つからない
2022/06/14 00:14:55 kabuget.go:94: 1136:銘柄が見つからない
2022/06/14 00:14:56 kabuget.go:94: 1137:銘柄が見つからない
2022/06/14 00:14:56 kabuget.go:94: 1138:銘柄が見つからない
2022/06/14 00:14:56 kabuget.go:94: 1139:銘柄が見つからない
2022/06/14 00:14:56 kabuget.go:94: 1140:銘柄が見つからない
2022/06/14 00:14:57 kabuget.go:94: 1141:銘柄が見つからない
2022/06/14 00:14:57 kabuget.go:94: 1142:銘柄が見つからない
2022/06/14 00:14:57 kabuget.go:94: 1143:銘柄が見つからない
2022/06/14 00:14:57 kabuget.go:94: 1144:銘柄が見つからない
2022/06/14 00:14:58 kabuget.go:94: 1145:銘柄が見つからない
2022/06/14 00:14:58 kabuget.go:94: 1146:銘柄が見つからない
2022/06/14 00:14:58 kabuget.go:94: 1147:銘柄が見つからない
2022/06/14 00:14:58 kabuget.go:94: 1148:銘柄が見つからない
2022/06/14 00:14:59 kabuget.go:94: 1149:銘柄が見つからない
2022/06/14 00:14:59 kabuget.go:94: 1150:銘柄が見つからない
2022/06/14 00:14:59 kabuget.go:94: 1151:銘柄が見つからない
2022/06/14 00:15:00 kabuget.go:94: 1152:銘柄が見つからない
2022/06/14 00:15:00 kabuget.go:94: 1153:銘柄が見つからない
2022/06/14 00:15:00 kabuget.go:94: 1154:銘柄が見つからない
2022/06/14 00:15:00 kabuget.go:94: 1155:銘柄が見つからない
2022/06/14 00:15:01 kabuget.go:94: 1156:銘柄が見つからない
2022/06/14 00:15:01 kabuget.go:94: 1157:銘柄が見つからない
2022/06/14 00:15:01 kabuget.go:94: 1158:銘柄が見つからない
2022/06/14 00:15:01 kabuget.go:94: 1159:銘柄が見つからない
2022/06/14 00:15:02 kabuget.go:94: 1160:銘柄が見つからない
2022/06/14 00:15:02 kabuget.go:94: 1161:銘柄が見つからない
2022/06/14 00:15:02 kabuget.go:94: 1162:銘柄が見つからない
2022/06/14 00:15:02 kabuget.go:94: 1163:銘柄が見つからない
2022/06/14 00:15:03 kabuget.go:94: 1164:銘柄が見つからない
2022/06/14 00:15:03 kabuget.go:94: 1165:銘柄が見つからない
2022/06/14 00:15:03 kabuget.go:94: 1166:銘柄が見つからない
2022/06/14 00:15:03 kabuget.go:94: 1167:銘柄が見つからない
2022/06/14 00:15:04 kabuget.go:94: 1168:銘柄が見つからない
2022/06/14 00:15:04 kabuget.go:94: 1169:銘柄が見つからない
2022/06/14 00:15:04 kabuget.go:94: 1170:銘柄が見つからない
2022/06/14 00:15:05 kabuget.go:94: 1171:銘柄が見つからない
2022/06/14 00:15:05 kabuget.go:94: 1172:銘柄が見つからない
2022/06/14 00:15:05 kabuget.go:94: 1173:銘柄が見つからない
2022/06/14 00:15:05 kabuget.go:94: 1174:銘柄が見つからない
2022/06/14 00:15:06 kabuget.go:94: 1175:銘柄が見つからない
2022/06/14 00:15:06 kabuget.go:94: 1176:銘柄が見つからない
2022/06/14 00:15:06 kabuget.go:94: 1177:銘柄が見つからない
2022/06/14 00:15:06 kabuget.go:94: 1178:銘柄が見つからない
2022/06/14 00:15:07 kabuget.go:94: 1179:銘柄が見つからない
2022/06/14 00:15:07 kabuget.go:94: 1180:銘柄が見つからない
2022/06/14 00:15:07 kabuget.go:94: 1181:銘柄が見つからない
2022/06/14 00:15:07 kabuget.go:94: 1182:銘柄が見つからない
2022/06/14 00:15:08 kabuget.go:94: 1183:銘柄が見つからない
2022/06/14 00:15:08 kabuget.go:94: 1184:銘柄が見つからない
2022/06/14 00:15:08 kabuget.go:94: 1185:銘柄が見つからない
2022/06/14 00:15:08 kabuget.go:94: 1186:銘柄が見つからない
2022/06/14 00:15:09 kabuget.go:94: 1187:銘柄が見つからない
2022/06/14 00:15:09 kabuget.go:94: 1188:銘柄が見つからない
2022/06/14 00:15:09 kabuget.go:94: 1189:銘柄が見つからない
2022/06/14 00:15:10 kabuget.go:94: 1190:銘柄が見つからない
2022/06/14 00:15:10 kabuget.go:94: 1191:銘柄が見つからない
2022/06/14 00:15:10 kabuget.go:94: 1192:銘柄が見つからない
2022/06/14 00:15:10 kabuget.go:94: 1193:銘柄が見つからない
2022/06/14 00:15:11 kabuget.go:94: 1194:銘柄が見つからない
2022/06/14 00:15:11 kabuget.go:94: 1195:銘柄が見つからない
2022/06/14 00:15:11 kabuget.go:94: 1196:銘柄が見つからない
2022/06/14 00:15:11 kabuget.go:94: 1197:銘柄が見つからない
2022/06/14 00:15:12 kabuget.go:94: 1198:銘柄が見つからない
2022/06/14 00:15:12 kabuget.go:94: 1199:銘柄が見つからない
2022/06/14 00:15:12 kabuget.go:94: 1200:銘柄が見つからない
2022/06/14 00:15:12 kabuget.go:94: 1201:銘柄が見つからない
2022/06/14 00:15:13 kabuget.go:94: 1202:銘柄が見つからない
2022/06/14 00:15:13 kabuget.go:94: 1203:銘柄が見つからない
2022/06/14 00:15:13 kabuget.go:94: 1204:銘柄が見つからない
2022/06/14 00:15:13 kabuget.go:94: 1205:銘柄が見つからない
2022/06/14 00:15:14 kabuget.go:94: 1206:銘柄が見つからない
2022/06/14 00:15:14 kabuget.go:94: 1207:銘柄が見つからない
2022/06/14 00:15:14 kabuget.go:94: 1208:銘柄が見つからない
2022/06/14 00:15:15 kabuget.go:94: 1209:銘柄が見つからない
2022/06/14 00:15:15 kabuget.go:94: 1210:銘柄が見つからない
2022/06/14 00:15:15 kabuget.go:94: 1211:銘柄が見つからない
2022/06/14 00:15:15 kabuget.go:94: 1212:銘柄が見つからない
2022/06/14 00:15:16 kabuget.go:94: 1213:銘柄が見つからない
2022/06/14 00:15:16 kabuget.go:94: 1214:銘柄が見つからない
2022/06/14 00:15:16 kabuget.go:94: 1215:銘柄が見つからない
2022/06/14 00:15:16 kabuget.go:94: 1216:銘柄が見つからない
2022/06/14 00:15:17 kabuget.go:94: 1217:銘柄が見つからない
2022/06/14 00:15:17 kabuget.go:94: 1218:銘柄が見つからない
2022/06/14 00:15:17 kabuget.go:94: 1219:銘柄が見つからない
2022/06/14 00:15:17 kabuget.go:94: 1220:銘柄が見つからない
2022/06/14 00:15:18 kabuget.go:94: 1221:銘柄が見つからない
2022/06/14 00:15:18 kabuget.go:94: 1222:銘柄が見つからない
2022/06/14 00:15:18 kabuget.go:94: 1223:銘柄が見つからない
2022/06/14 00:15:18 kabuget.go:94: 1224:銘柄が見つからない
2022/06/14 00:15:19 kabuget.go:94: 1225:銘柄が見つからない
2022/06/14 00:15:19 kabuget.go:94: 1226:銘柄が見つからない
2022/06/14 00:15:19 kabuget.go:94: 1227:銘柄が見つからない
2022/06/14 00:15:20 kabuget.go:94: 1228:銘柄が見つからない
2022/06/14 00:15:20 kabuget.go:94: 1229:銘柄が見つからない
2022/06/14 00:15:20 kabuget.go:94: 1230:銘柄が見つからない
2022/06/14 00:15:20 kabuget.go:94: 1231:銘柄が見つからない
2022/06/14 00:15:21 kabuget.go:94: 1232:銘柄が見つからない
2022/06/14 00:15:21 kabuget.go:94: 1233:銘柄が見つからない
2022/06/14 00:15:21 kabuget.go:94: 1234:銘柄が見つからない
2022/06/14 00:15:21 kabuget.go:94: 1235:銘柄が見つからない
2022/06/14 00:15:22 kabuget.go:94: 1236:銘柄が見つからない
2022/06/14 00:15:22 kabuget.go:94: 1237:銘柄が見つからない
2022/06/14 00:15:22 kabuget.go:94: 1238:銘柄が見つからない
2022/06/14 00:15:22 kabuget.go:94: 1239:銘柄が見つからない
2022/06/14 00:15:23 kabuget.go:94: 1240:銘柄が見つからない
2022/06/14 00:15:23 kabuget.go:94: 1241:銘柄が見つからない
2022/06/14 00:15:23 kabuget.go:94: 1242:銘柄が見つからない
2022/06/14 00:15:23 kabuget.go:94: 1243:銘柄が見つからない
2022/06/14 00:15:24 kabuget.go:94: 1244:銘柄が見つからない
2022/06/14 00:15:24 kabuget.go:94: 1245:銘柄が見つからない
2022/06/14 00:15:24 kabuget.go:94: 1246:銘柄が見つからない
2022/06/14 00:15:25 kabuget.go:94: 1247:銘柄が見つからない
2022/06/14 00:15:25 kabuget.go:94: 1248:銘柄が見つからない
2022/06/14 00:15:25 kabuget.go:94: 1249:銘柄が見つからない
2022/06/14 00:15:25 kabuget.go:94: 1250:銘柄が見つからない
2022/06/14 00:15:26 kabuget.go:94: 1251:銘柄が見つからない
2022/06/14 00:15:26 kabuget.go:94: 1252:銘柄が見つからない
2022/06/14 00:15:26 kabuget.go:94: 1253:銘柄が見つからない
2022/06/14 00:15:26 kabuget.go:94: 1254:銘柄が見つからない
2022/06/14 00:15:27 kabuget.go:94: 1255:銘柄が見つからない
2022/06/14 00:15:27 kabuget.go:94: 1256:銘柄が見つからない
2022/06/14 00:15:27 kabuget.go:94: 1257:銘柄が見つからない
2022/06/14 00:15:27 kabuget.go:94: 1258:銘柄が見つからない
2022/06/14 00:15:28 kabuget.go:94: 1259:銘柄が見つからない
2022/06/14 00:15:28 kabuget.go:94: 1260:銘柄が見つからない
2022/06/14 00:15:28 kabuget.go:94: 1261:銘柄が見つからない
2022/06/14 00:15:28 kabuget.go:94: 1262:銘柄が見つからない
2022/06/14 00:15:29 kabuget.go:94: 1263:銘柄が見つからない
2022/06/14 00:15:29 kabuget.go:94: 1264:銘柄が見つからない
2022/06/14 00:15:29 kabuget.go:94: 1265:銘柄が見つからない
2022/06/14 00:15:30 kabuget.go:94: 1266:銘柄が見つからない
2022/06/14 00:15:30 kabuget.go:94: 1267:銘柄が見つからない
2022/06/14 00:15:30 kabuget.go:94: 1268:銘柄が見つからない
2022/06/14 00:15:30 kabuget.go:94: 1269:銘柄が見つからない
2022/06/14 00:15:31 kabuget.go:94: 1270:銘柄が見つからない
2022/06/14 00:15:31 kabuget.go:94: 1271:銘柄が見つからない
2022/06/14 00:15:31 kabuget.go:94: 1272:銘柄が見つからない
2022/06/14 00:15:31 kabuget.go:94: 1273:銘柄が見つからない
2022/06/14 00:15:32 kabuget.go:94: 1274:銘柄が見つからない
2022/06/14 00:15:32 kabuget.go:94: 1275:銘柄が見つからない
2022/06/14 00:15:32 kabuget.go:94: 1276:銘柄が見つからない
2022/06/14 00:15:32 kabuget.go:94: 1277:銘柄が見つからない
2022/06/14 00:15:33 kabuget.go:94: 1278:銘柄が見つからない
2022/06/14 00:15:33 kabuget.go:94: 1279:銘柄が見つからない
2022/06/14 00:15:33 kabuget.go:94: 1280:銘柄が見つからない
2022/06/14 00:15:33 kabuget.go:94: 1281:銘柄が見つからない
2022/06/14 00:15:34 kabuget.go:94: 1282:銘柄が見つからない
2022/06/14 00:15:34 kabuget.go:94: 1283:銘柄が見つからない
2022/06/14 00:15:34 kabuget.go:94: 1284:銘柄が見つからない
2022/06/14 00:15:35 kabuget.go:94: 1285:銘柄が見つからない
2022/06/14 00:15:35 kabuget.go:94: 1286:銘柄が見つからない
2022/06/14 00:15:35 kabuget.go:94: 1287:銘柄が見つからない
2022/06/14 00:15:35 kabuget.go:94: 1288:銘柄が見つからない
2022/06/14 00:15:36 kabuget.go:94: 1289:銘柄が見つからない
2022/06/14 00:15:36 kabuget.go:94: 1290:銘柄が見つからない
2022/06/14 00:15:36 kabuget.go:94: 1291:銘柄が見つからない
2022/06/14 00:15:36 kabuget.go:94: 1292:銘柄が見つからない
2022/06/14 00:15:37 kabuget.go:94: 1293:銘柄が見つからない
2022/06/14 00:15:37 kabuget.go:94: 1294:銘柄が見つからない
2022/06/14 00:15:37 kabuget.go:94: 1295:銘柄が見つからない
2022/06/14 00:15:37 kabuget.go:94: 1296:銘柄が見つからない
2022/06/14 00:15:38 kabuget.go:94: 1297:銘柄が見つからない
2022/06/14 00:15:38 kabuget.go:94: 1298:銘柄が見つからない
2022/06/14 00:15:38 kabuget.go:94: 1299:銘柄が見つからない
2022/06/14 00:15:38 kabuget.go:94: 1300:銘柄が見つからない
2022/06/14 00:15:39 kabuget.go:96: {   0  0  0 0   0 0 <nil>}
