2022/06/14 00:07:21 kabuget.go:24: 処理開始
2022/06/14 00:07:21 kabuget.go:37: DBStrring:kabu:kabukabu@tcp(localhost:3306)/kabu_test?parseTime=true&loc=Asia%!F(MISSING)Tokyo
2022/06/14 00:07:21 kabuget.go:38: Honban:false
2022/06/14 00:07:21 kabuget.go:39: Password:tkumi0312
2022/06/14 00:07:21 kabuget.go:56: 取得日付:2022/06/13
2022/06/14 00:07:21 kabuget.go:57: 取得日付NUM:5502
2022/06/14 00:07:31 kabuget.go:95: 1001:銘柄が見つからない
2022/06/14 00:07:38 kabuget.go:95: 1002:銘柄が見つからない
2022/06/14 00:07:38 kabuget.go:95: 1003:銘柄が見つからない
2022/06/14 00:07:38 kabuget.go:95: 1004:銘柄が見つからない
2022/06/14 00:07:38 kabuget.go:95: 1005:銘柄が見つからない
2022/06/14 00:07:38 kabuget.go:95: 1006:銘柄が見つからない
2022/06/14 00:07:38 kabuget.go:95: 1007:銘柄が見つからない
2022/06/14 00:07:38 kabuget.go:95: 1008:銘柄が見つからない
2022/06/14 00:07:39 kabuget.go:95: 1009:銘柄が見つからない
2022/06/14 00:07:39 kabuget.go:95: 1010:銘柄が見つからない
2022/06/14 00:07:39 kabuget.go:95: 1011:銘柄が見つからない
2022/06/14 00:07:39 kabuget.go:95: 1012:銘柄が見つからない
2022/06/14 00:07:39 kabuget.go:95: 1013:銘柄が見つからない
2022/06/14 00:07:39 kabuget.go:95: 1014:銘柄が見つからない
2022/06/14 00:07:39 kabuget.go:95: 1015:銘柄が見つからない
2022/06/14 00:07:39 kabuget.go:95: 1016:銘柄が見つからない
2022/06/14 00:07:39 kabuget.go:95: 1017:銘柄が見つからない
2022/06/14 00:07:40 kabuget.go:95: 1018:銘柄が見つからない
2022/06/14 00:07:40 kabuget.go:95: 1019:銘柄が見つからない
2022/06/14 00:07:40 kabuget.go:95: 1020:銘柄が見つからない
2022/06/14 00:07:40 kabuget.go:95: 1021:銘柄が見つからない
2022/06/14 00:07:40 kabuget.go:95: 1022:銘柄が見つからない
2022/06/14 00:07:40 kabuget.go:95: 1023:銘柄が見つからない
2022/06/14 00:07:40 kabuget.go:95: 1024:銘柄が見つからない
2022/06/14 00:07:40 kabuget.go:95: 1025:銘柄が見つからない
2022/06/14 00:07:40 kabuget.go:95: 1026:銘柄が見つからない
2022/06/14 00:07:41 kabuget.go:95: 1027:銘柄が見つからない
2022/06/14 00:07:41 kabuget.go:95: 1028:銘柄が見つからない
2022/06/14 00:07:41 kabuget.go:95: 1029:銘柄が見つからない
2022/06/14 00:07:41 kabuget.go:95: 1030:銘柄が見つからない
2022/06/14 00:07:41 kabuget.go:95: 1031:銘柄が見つからない
2022/06/14 00:07:41 kabuget.go:95: 1032:銘柄が見つからない
2022/06/14 00:07:41 kabuget.go:95: 1033:銘柄が見つからない
2022/06/14 00:07:41 kabuget.go:95: 1034:銘柄が見つからない
2022/06/14 00:07:41 kabuget.go:95: 1035:銘柄が見つからない
2022/06/14 00:07:42 kabuget.go:95: 1036:銘柄が見つからない
2022/06/14 00:07:42 kabuget.go:95: 1037:銘柄が見つからない
2022/06/14 00:07:42 kabuget.go:95: 1038:銘柄が見つからない
2022/06/14 00:07:42 kabuget.go:95: 1039:銘柄が見つからない
2022/06/14 00:07:42 kabuget.go:95: 1040:銘柄が見つからない
2022/06/14 00:07:42 kabuget.go:95: 1041:銘柄が見つからない
2022/06/14 00:07:42 kabuget.go:95: 1042:銘柄が見つからない
2022/06/14 00:07:42 kabuget.go:95: 1043:銘柄が見つからない
2022/06/14 00:07:42 kabuget.go:95: 1044:銘柄が見つからない
2022/06/14 00:07:43 kabuget.go:95: 1045:銘柄が見つからない
2022/06/14 00:07:43 kabuget.go:95: 1046:銘柄が見つからない
2022/06/14 00:07:43 kabuget.go:95: 1047:銘柄が見つからない
2022/06/14 00:07:43 kabuget.go:95: 1048:銘柄が見つからない
2022/06/14 00:07:43 kabuget.go:95: 1049:銘柄が見つからない
2022/06/14 00:07:43 kabuget.go:95: 1050:銘柄が見つからない
2022/06/14 00:07:43 kabuget.go:95: 1051:銘柄が見つからない
2022/06/14 00:07:43 kabuget.go:95: 1052:銘柄が見つからない
2022/06/14 00:07:43 kabuget.go:95: 1053:銘柄が見つからない
2022/06/14 00:07:43 kabuget.go:95: 1054:銘柄が見つからない
2022/06/14 00:07:44 kabuget.go:95: 1055:銘柄が見つからない
2022/06/14 00:07:44 kabuget.go:95: 1056:銘柄が見つからない
2022/06/14 00:07:44 kabuget.go:95: 1057:銘柄が見つからない
2022/06/14 00:07:44 kabuget.go:95: 1058:銘柄が見つからない
2022/06/14 00:07:44 kabuget.go:95: 1059:銘柄が見つからない
2022/06/14 00:07:44 kabuget.go:95: 1060:銘柄が見つからない
2022/06/14 00:07:44 kabuget.go:95: 1061:銘柄が見つからない
2022/06/14 00:07:44 kabuget.go:95: 1062:銘柄が見つからない
2022/06/14 00:07:44 kabuget.go:95: 1063:銘柄が見つからない
2022/06/14 00:07:45 kabuget.go:95: 1064:銘柄が見つからない
2022/06/14 00:07:45 kabuget.go:95: 1065:銘柄が見つからない
2022/06/14 00:07:45 kabuget.go:95: 1066:銘柄が見つからない
2022/06/14 00:07:45 kabuget.go:95: 1067:銘柄が見つからない
2022/06/14 00:07:45 kabuget.go:95: 1068:銘柄が見つからない
2022/06/14 00:07:45 kabuget.go:95: 1069:銘柄が見つからない
2022/06/14 00:07:45 kabuget.go:95: 1070:銘柄が見つからない
2022/06/14 00:07:45 kabuget.go:95: 1071:銘柄が見つからない
2022/06/14 00:07:45 kabuget.go:95: 1072:銘柄が見つからない
2022/06/14 00:07:46 kabuget.go:95: 1073:銘柄が見つからない
2022/06/14 00:07:46 kabuget.go:95: 1074:銘柄が見つからない
2022/06/14 00:07:46 kabuget.go:95: 1075:銘柄が見つからない
2022/06/14 00:07:46 kabuget.go:95: 1076:銘柄が見つからない
2022/06/14 00:07:46 kabuget.go:95: 1077:銘柄が見つからない
2022/06/14 00:07:46 kabuget.go:95: 1078:銘柄が見つからない
2022/06/14 00:07:46 kabuget.go:95: 1079:銘柄が見つからない
2022/06/14 00:07:46 kabuget.go:95: 1080:銘柄が見つからない
2022/06/14 00:07:46 kabuget.go:95: 1081:銘柄が見つからない
2022/06/14 00:07:47 kabuget.go:95: 1082:銘柄が見つからない
2022/06/14 00:07:47 kabuget.go:95: 1083:銘柄が見つからない
2022/06/14 00:07:47 kabuget.go:95: 1084:銘柄が見つからない
2022/06/14 00:07:47 kabuget.go:95: 1085:銘柄が見つからない
2022/06/14 00:07:47 kabuget.go:95: 1086:銘柄が見つからない
2022/06/14 00:07:47 kabuget.go:95: 1087:銘柄が見つからない
2022/06/14 00:07:47 kabuget.go:95: 1088:銘柄が見つからない
2022/06/14 00:07:47 kabuget.go:95: 1089:銘柄が見つからない
2022/06/14 00:07:47 kabuget.go:95: 1090:銘柄が見つからない
2022/06/14 00:07:48 kabuget.go:95: 1091:銘柄が見つからない
2022/06/14 00:07:48 kabuget.go:95: 1092:銘柄が見つからない
2022/06/14 00:07:48 kabuget.go:95: 1093:銘柄が見つからない
2022/06/14 00:07:48 kabuget.go:95: 1094:銘柄が見つからない
2022/06/14 00:07:48 kabuget.go:95: 1095:銘柄が見つからない
2022/06/14 00:07:48 kabuget.go:95: 1096:銘柄が見つからない
2022/06/14 00:07:48 kabuget.go:95: 1097:銘柄が見つからない
2022/06/14 00:07:48 kabuget.go:95: 1098:銘柄が見つからない
2022/06/14 00:07:48 kabuget.go:95: 1099:銘柄が見つからない
2022/06/14 00:07:49 kabuget.go:95: 1100:銘柄が見つからない
2022/06/14 00:07:49 kabuget.go:95: 1101:銘柄が見つからない
2022/06/14 00:07:49 kabuget.go:95: 1102:銘柄が見つからない
2022/06/14 00:07:49 kabuget.go:95: 1103:銘柄が見つからない
2022/06/14 00:07:49 kabuget.go:95: 1104:銘柄が見つからない
2022/06/14 00:07:49 kabuget.go:95: 1105:銘柄が見つからない
2022/06/14 00:07:49 kabuget.go:95: 1106:銘柄が見つからない
2022/06/14 00:07:49 kabuget.go:95: 1107:銘柄が見つからない
2022/06/14 00:07:49 kabuget.go:95: 1108:銘柄が見つからない
2022/06/14 00:07:50 kabuget.go:95: 1109:銘柄が見つからない
2022/06/14 00:07:50 kabuget.go:95: 1110:銘柄が見つからない
2022/06/14 00:07:50 kabuget.go:95: 1111:銘柄が見つからない
2022/06/14 00:07:50 kabuget.go:95: 1112:銘柄が見つからない
2022/06/14 00:07:50 kabuget.go:95: 1113:銘柄が見つからない
2022/06/14 00:07:50 kabuget.go:95: 1114:銘柄が見つからない
2022/06/14 00:07:50 kabuget.go:95: 1115:銘柄が見つからない
2022/06/14 00:07:50 kabuget.go:95: 1116:銘柄が見つからない
2022/06/14 00:07:50 kabuget.go:95: 1117:銘柄が見つからない
2022/06/14 00:07:51 kabuget.go:95: 1118:銘柄が見つからない
2022/06/14 00:07:51 kabuget.go:95: 1119:銘柄が見つからない
2022/06/14 00:07:51 kabuget.go:95: 1120:銘柄が見つからない
2022/06/14 00:07:51 kabuget.go:95: 1121:銘柄が見つからない
2022/06/14 00:07:51 kabuget.go:95: 1122:銘柄が見つからない
2022/06/14 00:07:51 kabuget.go:95: 1123:銘柄が見つからない
2022/06/14 00:07:51 kabuget.go:95: 1124:銘柄が見つからない
2022/06/14 00:07:51 kabuget.go:95: 1125:銘柄が見つからない
2022/06/14 00:07:51 kabuget.go:95: 1126:銘柄が見つからない
2022/06/14 00:07:52 kabuget.go:95: 1127:銘柄が見つからない
2022/06/14 00:07:52 kabuget.go:95: 1128:銘柄が見つからない
2022/06/14 00:07:52 kabuget.go:95: 1129:銘柄が見つからない
2022/06/14 00:07:52 kabuget.go:95: 1130:銘柄が見つからない
2022/06/14 00:07:52 kabuget.go:95: 1131:銘柄が見つからない
2022/06/14 00:07:52 kabuget.go:95: 1132:銘柄が見つからない
2022/06/14 00:07:52 kabuget.go:95: 1133:銘柄が見つからない
2022/06/14 00:07:52 kabuget.go:95: 1134:銘柄が見つからない
2022/06/14 00:07:52 kabuget.go:95: 1135:銘柄が見つからない
2022/06/14 00:07:53 kabuget.go:95: 1136:銘柄が見つからない
2022/06/14 00:07:53 kabuget.go:95: 1137:銘柄が見つからない
2022/06/14 00:07:53 kabuget.go:95: 1138:銘柄が見つからない
2022/06/14 00:07:53 kabuget.go:95: 1139:銘柄が見つからない
2022/06/14 00:07:53 kabuget.go:95: 1140:銘柄が見つからない
2022/06/14 00:07:53 kabuget.go:95: 1141:銘柄が見つからない
2022/06/14 00:07:53 kabuget.go:95: 1142:銘柄が見つからない
2022/06/14 00:07:53 kabuget.go:95: 1143:銘柄が見つからない
2022/06/14 00:07:53 kabuget.go:95: 1144:銘柄が見つからない
2022/06/14 00:07:53 kabuget.go:95: 1145:銘柄が見つからない
2022/06/14 00:07:54 kabuget.go:95: 1146:銘柄が見つからない
2022/06/14 00:07:54 kabuget.go:95: 1147:銘柄が見つからない
2022/06/14 00:07:54 kabuget.go:95: 1148:銘柄が見つからない
2022/06/14 00:07:54 kabuget.go:95: 1149:銘柄が見つからない
2022/06/14 00:07:54 kabuget.go:95: 1150:銘柄が見つからない
2022/06/14 00:07:54 kabuget.go:95: 1151:銘柄が見つからない
2022/06/14 00:07:54 kabuget.go:95: 1152:銘柄が見つからない
2022/06/14 00:07:54 kabuget.go:95: 1153:銘柄が見つからない
2022/06/14 00:07:54 kabuget.go:95: 1154:銘柄が見つからない
2022/06/14 00:07:55 kabuget.go:95: 1155:銘柄が見つからない
2022/06/14 00:07:55 kabuget.go:95: 1156:銘柄が見つからない
2022/06/14 00:07:55 kabuget.go:95: 1157:銘柄が見つからない
2022/06/14 00:07:55 kabuget.go:95: 1158:銘柄が見つからない
2022/06/14 00:07:55 kabuget.go:95: 1159:銘柄が見つからない
2022/06/14 00:07:55 kabuget.go:95: 1160:銘柄が見つからない
2022/06/14 00:07:55 kabuget.go:95: 1161:銘柄が見つからない
2022/06/14 00:07:55 kabuget.go:95: 1162:銘柄が見つからない
2022/06/14 00:07:56 kabuget.go:95: 1163:銘柄が見つからない
2022/06/14 00:07:56 kabuget.go:95: 1164:銘柄が見つからない
2022/06/14 00:07:56 kabuget.go:95: 1165:銘柄が見つからない
2022/06/14 00:07:56 kabuget.go:95: 1166:銘柄が見つからない
2022/06/14 00:07:56 kabuget.go:95: 1167:銘柄が見つからない
2022/06/14 00:07:56 kabuget.go:95: 1168:銘柄が見つからない
2022/06/14 00:07:56 kabuget.go:95: 1169:銘柄が見つからない
2022/06/14 00:07:56 kabuget.go:95: 1170:銘柄が見つからない
2022/06/14 00:07:56 kabuget.go:95: 1171:銘柄が見つからない
2022/06/14 00:07:57 kabuget.go:95: 1172:銘柄が見つからない
2022/06/14 00:07:57 kabuget.go:95: 1173:銘柄が見つからない
2022/06/14 00:07:57 kabuget.go:95: 1174:銘柄が見つからない
2022/06/14 00:07:57 kabuget.go:95: 1175:銘柄が見つからない
2022/06/14 00:07:57 kabuget.go:95: 1176:銘柄が見つからない
2022/06/14 00:07:57 kabuget.go:95: 1177:銘柄が見つからない
2022/06/14 00:07:57 kabuget.go:95: 1178:銘柄が見つからない
2022/06/14 00:07:57 kabuget.go:95: 1179:銘柄が見つからない
2022/06/14 00:07:57 kabuget.go:95: 1180:銘柄が見つからない
2022/06/14 00:07:58 kabuget.go:95: 1181:銘柄が見つからない
2022/06/14 00:07:58 kabuget.go:95: 1182:銘柄が見つからない
2022/06/14 00:07:58 kabuget.go:95: 1183:銘柄が見つからない
2022/06/14 00:07:58 kabuget.go:95: 1184:銘柄が見つからない
2022/06/14 00:07:58 kabuget.go:95: 1185:銘柄が見つからない
2022/06/14 00:07:58 kabuget.go:95: 1186:銘柄が見つからない
2022/06/14 00:07:58 kabuget.go:95: 1187:銘柄が見つからない
2022/06/14 00:07:58 kabuget.go:95: 1188:銘柄が見つからない
2022/06/14 00:07:58 kabuget.go:95: 1189:銘柄が見つからない
2022/06/14 00:07:58 kabuget.go:95: 1190:銘柄が見つからない
2022/06/14 00:07:59 kabuget.go:95: 1191:銘柄が見つからない
2022/06/14 00:07:59 kabuget.go:95: 1192:銘柄が見つからない
2022/06/14 00:07:59 kabuget.go:95: 1193:銘柄が見つからない
2022/06/14 00:07:59 kabuget.go:95: 1194:銘柄が見つからない
2022/06/14 00:07:59 kabuget.go:95: 1195:銘柄が見つからない
2022/06/14 00:07:59 kabuget.go:95: 1196:銘柄が見つからない
2022/06/14 00:07:59 kabuget.go:95: 1197:銘柄が見つからない
2022/06/14 00:07:59 kabuget.go:95: 1198:銘柄が見つからない
2022/06/14 00:07:59 kabuget.go:95: 1199:銘柄が見つからない
2022/06/14 00:08:00 kabuget.go:95: 1200:銘柄が見つからない
2022/06/14 00:08:00 kabuget.go:95: 1201:銘柄が見つからない
2022/06/14 00:08:00 kabuget.go:95: 1202:銘柄が見つからない
2022/06/14 00:08:00 kabuget.go:95: 1203:銘柄が見つからない
2022/06/14 00:08:00 kabuget.go:95: 1204:銘柄が見つからない
2022/06/14 00:08:00 kabuget.go:95: 1205:銘柄が見つからない
2022/06/14 00:08:00 kabuget.go:95: 1206:銘柄が見つからない
2022/06/14 00:08:00 kabuget.go:95: 1207:銘柄が見つからない
2022/06/14 00:08:00 kabuget.go:95: 1208:銘柄が見つからない
2022/06/14 00:08:01 kabuget.go:95: 1209:銘柄が見つからない
2022/06/14 00:08:01 kabuget.go:95: 1210:銘柄が見つからない
2022/06/14 00:08:01 kabuget.go:95: 1211:銘柄が見つからない
2022/06/14 00:08:01 kabuget.go:95: 1212:銘柄が見つからない
2022/06/14 00:08:01 kabuget.go:95: 1213:銘柄が見つからない
2022/06/14 00:08:01 kabuget.go:95: 1214:銘柄が見つからない
2022/06/14 00:08:01 kabuget.go:95: 1215:銘柄が見つからない
2022/06/14 00:08:01 kabuget.go:95: 1216:銘柄が見つからない
2022/06/14 00:08:01 kabuget.go:95: 1217:銘柄が見つからない
2022/06/14 00:08:02 kabuget.go:95: 1218:銘柄が見つからない
2022/06/14 00:08:02 kabuget.go:95: 1219:銘柄が見つからない
2022/06/14 00:08:02 kabuget.go:95: 1220:銘柄が見つからない
2022/06/14 00:08:02 kabuget.go:95: 1221:銘柄が見つからない
2022/06/14 00:08:02 kabuget.go:95: 1222:銘柄が見つからない
2022/06/14 00:08:02 kabuget.go:95: 1223:銘柄が見つからない
2022/06/14 00:08:02 kabuget.go:95: 1224:銘柄が見つからない
2022/06/14 00:08:02 kabuget.go:95: 1225:銘柄が見つからない
2022/06/14 00:08:02 kabuget.go:95: 1226:銘柄が見つからない
2022/06/14 00:08:03 kabuget.go:95: 1227:銘柄が見つからない
2022/06/14 00:08:03 kabuget.go:95: 1228:銘柄が見つからない
2022/06/14 00:08:03 kabuget.go:95: 1229:銘柄が見つからない
2022/06/14 00:08:03 kabuget.go:95: 1230:銘柄が見つからない
2022/06/14 00:08:03 kabuget.go:95: 1231:銘柄が見つからない
2022/06/14 00:08:03 kabuget.go:95: 1232:銘柄が見つからない
2022/06/14 00:08:03 kabuget.go:95: 1233:銘柄が見つからない
2022/06/14 00:08:03 kabuget.go:95: 1234:銘柄が見つからない
2022/06/14 00:08:03 kabuget.go:95: 1235:銘柄が見つからない
2022/06/14 00:08:04 kabuget.go:95: 1236:銘柄が見つからない
2022/06/14 00:08:04 kabuget.go:95: 1237:銘柄が見つからない
2022/06/14 00:08:04 kabuget.go:95: 1238:銘柄が見つからない
2022/06/14 00:08:04 kabuget.go:95: 1239:銘柄が見つからない
2022/06/14 00:08:04 kabuget.go:95: 1240:銘柄が見つからない
2022/06/14 00:08:04 kabuget.go:95: 1241:銘柄が見つからない
2022/06/14 00:08:04 kabuget.go:95: 1242:銘柄が見つからない
2022/06/14 00:08:04 kabuget.go:95: 1243:銘柄が見つからない
2022/06/14 00:08:04 kabuget.go:95: 1244:銘柄が見つからない
2022/06/14 00:08:05 kabuget.go:95: 1245:銘柄が見つからない
2022/06/14 00:08:05 kabuget.go:95: 1246:銘柄が見つからない
2022/06/14 00:08:05 kabuget.go:95: 1247:銘柄が見つからない
2022/06/14 00:08:05 kabuget.go:95: 1248:銘柄が見つからない
2022/06/14 00:08:05 kabuget.go:95: 1249:銘柄が見つからない
2022/06/14 00:08:05 kabuget.go:95: 1250:銘柄が見つからない
2022/06/14 00:08:05 kabuget.go:95: 1251:銘柄が見つからない
2022/06/14 00:08:05 kabuget.go:95: 1252:銘柄が見つからない
2022/06/14 00:08:05 kabuget.go:95: 1253:銘柄が見つからない
2022/06/14 00:08:06 kabuget.go:95: 1254:銘柄が見つからない
2022/06/14 00:08:06 kabuget.go:95: 1255:銘柄が見つからない
2022/06/14 00:08:06 kabuget.go:95: 1256:銘柄が見つからない
2022/06/14 00:08:06 kabuget.go:95: 1257:銘柄が見つからない
2022/06/14 00:08:06 kabuget.go:95: 1258:銘柄が見つからない
2022/06/14 00:08:06 kabuget.go:95: 1259:銘柄が見つからない
2022/06/14 00:08:06 kabuget.go:95: 1260:銘柄が見つからない
2022/06/14 00:08:06 kabuget.go:95: 1261:銘柄が見つからない
2022/06/14 00:08:06 kabuget.go:95: 1262:銘柄が見つからない
2022/06/14 00:08:07 kabuget.go:95: 1263:銘柄が見つからない
2022/06/14 00:08:07 kabuget.go:95: 1264:銘柄が見つからない
2022/06/14 00:08:07 kabuget.go:95: 1265:銘柄が見つからない
2022/06/14 00:08:07 kabuget.go:95: 1266:銘柄が見つからない
2022/06/14 00:08:07 kabuget.go:95: 1267:銘柄が見つからない
2022/06/14 00:08:07 kabuget.go:95: 1268:銘柄が見つからない
2022/06/14 00:08:07 kabuget.go:95: 1269:銘柄が見つからない
2022/06/14 00:08:07 kabuget.go:95: 1270:銘柄が見つからない
2022/06/14 00:08:07 kabuget.go:95: 1271:銘柄が見つからない
2022/06/14 00:08:08 kabuget.go:95: 1272:銘柄が見つからない
2022/06/14 00:08:08 kabuget.go:95: 1273:銘柄が見つからない
2022/06/14 00:08:08 kabuget.go:95: 1274:銘柄が見つからない
2022/06/14 00:08:08 kabuget.go:95: 1275:銘柄が見つからない
2022/06/14 00:08:08 kabuget.go:95: 1276:銘柄が見つからない
2022/06/14 00:08:08 kabuget.go:95: 1277:銘柄が見つからない
2022/06/14 00:08:08 kabuget.go:95: 1278:銘柄が見つからない
2022/06/14 00:08:08 kabuget.go:95: 1279:銘柄が見つからない
2022/06/14 00:08:08 kabuget.go:95: 1280:銘柄が見つからない
2022/06/14 00:08:09 kabuget.go:95: 1281:銘柄が見つからない
2022/06/14 00:08:09 kabuget.go:95: 1282:銘柄が見つからない
2022/06/14 00:08:09 kabuget.go:95: 1283:銘柄が見つからない
2022/06/14 00:08:09 kabuget.go:95: 1284:銘柄が見つからない
2022/06/14 00:08:09 kabuget.go:95: 1285:銘柄が見つからない
2022/06/14 00:08:09 kabuget.go:95: 1286:銘柄が見つからない
2022/06/14 00:08:09 kabuget.go:95: 1287:銘柄が見つからない
2022/06/14 00:08:09 kabuget.go:95: 1288:銘柄が見つからない
2022/06/14 00:08:09 kabuget.go:95: 1289:銘柄が見つからない
2022/06/14 00:08:10 kabuget.go:95: 1290:銘柄が見つからない
2022/06/14 00:08:10 kabuget.go:95: 1291:銘柄が見つからない
2022/06/14 00:08:10 kabuget.go:95: 1292:銘柄が見つからない
2022/06/14 00:08:10 kabuget.go:95: 1293:銘柄が見つからない
2022/06/14 00:08:10 kabuget.go:95: 1294:銘柄が見つからない
2022/06/14 00:08:10 kabuget.go:95: 1295:銘柄が見つからない
2022/06/14 00:08:10 kabuget.go:95: 1296:銘柄が見つからない
2022/06/14 00:08:10 kabuget.go:95: 1297:銘柄が見つからない
2022/06/14 00:08:10 kabuget.go:95: 1298:銘柄が見つからない
2022/06/14 00:08:11 kabuget.go:95: 1299:銘柄が見つからない
2022/06/14 00:08:11 kabuget.go:95: 1300:銘柄が見つからない
2022/06/14 00:08:11 kabuget.go:97: {   0  0  0 0   0 0 <nil>}
2022/06/14 00:09:29 kabuget.go:102: {  0  0 0001-01-01 00:00:00 +0000 UTC  0 0 0 0001-01-01 00:00:00 +0000 UTC 0 0 0 0001-01-01 00:00:00 +0000 UTC 0 0001-01-01 00:00:00 +0000 UTC 0 0001-01-01 00:00:00 +0000 UTC 0 0001-01-01 00:00:00 +0000 UTC 0 0 0 0 0001-01-01 00:00:00 +0000 UTC  0 {0001-01-01 00:00:00 +0000 UTC  0 0} {0 0} {0 0} {0 0} {0 0} {0 0} {0 0} {0 0} {0 0} {0 0} 0 0 0001-01-01 00:00:00 +0000 UTC  0 {0001-01-01 00:00:00 +0000 UTC  0 0} {0 0} {0 0} {0 0} {0 0} {0 0} {0 0} {0 0} {0 0} {0 0} 0 0 0 0}
