2022/06/15 00:50:17 kabuget.go:23: 処理開始
2022/06/15 00:50:17 kabuget.go:36: DBStrring:kabu:kabukabu@tcp(localhost:3306)/kabu_test?parseTime=true&loc=Asia%!F(MISSING)Tokyo
2022/06/15 00:50:17 kabuget.go:37: Honban:true
2022/06/15 00:50:17 kabuget.go:38: Password:kumi0312
2022/06/15 00:50:17 kabuget.go:55: 取得日付:2022/06/14
2022/06/15 00:50:17 kabuget.go:56: 取得日付NUM:5503
2022/06/15 00:50:18 kabuget.go:94: 1001:銘柄が見つからない
2022/06/15 00:50:18 kabuget.go:94: 1002:銘柄が見つからない
2022/06/15 00:50:19 kabuget.go:94: 1003:銘柄が見つからない
2022/06/15 00:50:19 kabuget.go:94: 1004:銘柄が見つからない
2022/06/15 00:50:19 kabuget.go:94: 1005:銘柄が見つからない
2022/06/15 00:50:19 kabuget.go:94: 1006:銘柄が見つからない
2022/06/15 00:50:19 kabuget.go:94: 1007:銘柄が見つからない
2022/06/15 00:50:19 kabuget.go:94: 1008:銘柄が見つからない
2022/06/15 00:50:19 kabuget.go:94: 1009:銘柄が見つからない
2022/06/15 00:50:19 kabuget.go:94: 1010:銘柄が見つからない
2022/06/15 00:50:19 kabuget.go:94: 1011:銘柄が見つからない
2022/06/15 00:50:20 kabuget.go:94: 1012:銘柄が見つからない
2022/06/15 00:50:20 kabuget.go:94: 1013:銘柄が見つからない
2022/06/15 00:50:20 kabuget.go:94: 1014:銘柄が見つからない
2022/06/15 00:50:20 kabuget.go:94: 1015:銘柄が見つからない
2022/06/15 00:50:20 kabuget.go:94: 1016:銘柄が見つからない
2022/06/15 00:50:20 kabuget.go:94: 1017:銘柄が見つからない
2022/06/15 00:50:20 kabuget.go:94: 1018:銘柄が見つからない
2022/06/15 00:50:20 kabuget.go:94: 1019:銘柄が見つからない
2022/06/15 00:50:20 kabuget.go:94: 1020:銘柄が見つからない
2022/06/15 00:50:21 kabuget.go:94: 1021:銘柄が見つからない
2022/06/15 00:50:21 kabuget.go:94: 1022:銘柄が見つからない
2022/06/15 00:50:21 kabuget.go:94: 1023:銘柄が見つからない
2022/06/15 00:50:21 kabuget.go:94: 1024:銘柄が見つからない
2022/06/15 00:50:21 kabuget.go:94: 1025:銘柄が見つからない
2022/06/15 00:50:21 kabuget.go:94: 1026:銘柄が見つからない
2022/06/15 00:50:21 kabuget.go:94: 1027:銘柄が見つからない
2022/06/15 00:50:21 kabuget.go:94: 1028:銘柄が見つからない
2022/06/15 00:50:21 kabuget.go:94: 1029:銘柄が見つからない
2022/06/15 00:50:22 kabuget.go:94: 1030:銘柄が見つからない
2022/06/15 00:50:22 kabuget.go:94: 1031:銘柄が見つからない
2022/06/15 00:50:22 kabuget.go:94: 1032:銘柄が見つからない
2022/06/15 00:50:22 kabuget.go:94: 1033:銘柄が見つからない
2022/06/15 00:50:22 kabuget.go:94: 1034:銘柄が見つからない
2022/06/15 00:50:22 kabuget.go:94: 1035:銘柄が見つからない
2022/06/15 00:50:22 kabuget.go:94: 1036:銘柄が見つからない
2022/06/15 00:50:22 kabuget.go:94: 1037:銘柄が見つからない
2022/06/15 00:50:22 kabuget.go:94: 1038:銘柄が見つからない
2022/06/15 00:50:23 kabuget.go:94: 1039:銘柄が見つからない
2022/06/15 00:50:23 kabuget.go:94: 1040:銘柄が見つからない
2022/06/15 00:50:23 kabuget.go:94: 1041:銘柄が見つからない
2022/06/15 00:50:23 kabuget.go:94: 1042:銘柄が見つからない
2022/06/15 00:50:23 kabuget.go:94: 1043:銘柄が見つからない
2022/06/15 00:50:23 kabuget.go:94: 1044:銘柄が見つからない
2022/06/15 00:50:23 kabuget.go:94: 1045:銘柄が見つからない
2022/06/15 00:50:23 kabuget.go:94: 1046:銘柄が見つからない
2022/06/15 00:50:23 kabuget.go:94: 1047:銘柄が見つからない
2022/06/15 00:50:23 kabuget.go:94: 1048:銘柄が見つからない
2022/06/15 00:50:24 kabuget.go:94: 1049:銘柄が見つからない
2022/06/15 00:50:24 kabuget.go:94: 1050:銘柄が見つからない
2022/06/15 00:50:24 kabuget.go:94: 1051:銘柄が見つからない
2022/06/15 00:50:24 kabuget.go:94: 1052:銘柄が見つからない
2022/06/15 00:50:24 kabuget.go:94: 1053:銘柄が見つからない
2022/06/15 00:50:24 kabuget.go:94: 1054:銘柄が見つからない
2022/06/15 00:50:24 kabuget.go:94: 1055:銘柄が見つからない
2022/06/15 00:50:24 kabuget.go:94: 1056:銘柄が見つからない
2022/06/15 00:50:24 kabuget.go:94: 1057:銘柄が見つからない
2022/06/15 00:50:25 kabuget.go:94: 1058:銘柄が見つからない
2022/06/15 00:50:25 kabuget.go:94: 1059:銘柄が見つからない
2022/06/15 00:50:25 kabuget.go:94: 1060:銘柄が見つからない
2022/06/15 00:50:25 kabuget.go:94: 1061:銘柄が見つからない
2022/06/15 00:50:25 kabuget.go:94: 1062:銘柄が見つからない
2022/06/15 00:50:25 kabuget.go:94: 1063:銘柄が見つからない
2022/06/15 00:50:25 kabuget.go:94: 1064:銘柄が見つからない
2022/06/15 00:50:25 kabuget.go:94: 1065:銘柄が見つからない
2022/06/15 00:50:25 kabuget.go:94: 1066:銘柄が見つからない
2022/06/15 00:50:26 kabuget.go:94: 1067:銘柄が見つからない
2022/06/15 00:50:26 kabuget.go:94: 1068:銘柄が見つからない
2022/06/15 00:50:26 kabuget.go:94: 1069:銘柄が見つからない
2022/06/15 00:50:26 kabuget.go:94: 1070:銘柄が見つからない
2022/06/15 00:50:26 kabuget.go:94: 1071:銘柄が見つからない
2022/06/15 00:50:26 kabuget.go:94: 1072:銘柄が見つからない
2022/06/15 00:50:26 kabuget.go:94: 1073:銘柄が見つからない
2022/06/15 00:50:26 kabuget.go:94: 1074:銘柄が見つからない
2022/06/15 00:50:26 kabuget.go:94: 1075:銘柄が見つからない
2022/06/15 00:50:27 kabuget.go:94: 1076:銘柄が見つからない
2022/06/15 00:50:27 kabuget.go:94: 1077:銘柄が見つからない
2022/06/15 00:50:27 kabuget.go:94: 1078:銘柄が見つからない
2022/06/15 00:50:27 kabuget.go:94: 1079:銘柄が見つからない
2022/06/15 00:50:27 kabuget.go:94: 1080:銘柄が見つからない
2022/06/15 00:50:27 kabuget.go:94: 1081:銘柄が見つからない
2022/06/15 00:50:27 kabuget.go:94: 1082:銘柄が見つからない
2022/06/15 00:50:27 kabuget.go:94: 1083:銘柄が見つからない
2022/06/15 00:50:27 kabuget.go:94: 1084:銘柄が見つからない
2022/06/15 00:50:28 kabuget.go:94: 1085:銘柄が見つからない
2022/06/15 00:50:28 kabuget.go:94: 1086:銘柄が見つからない
2022/06/15 00:50:28 kabuget.go:94: 1087:銘柄が見つからない
2022/06/15 00:50:28 kabuget.go:94: 1088:銘柄が見つからない
2022/06/15 00:50:28 kabuget.go:94: 1089:銘柄が見つからない
2022/06/15 00:50:28 kabuget.go:94: 1090:銘柄が見つからない
2022/06/15 00:50:28 kabuget.go:94: 1091:銘柄が見つからない
2022/06/15 00:50:28 kabuget.go:94: 1092:銘柄が見つからない
2022/06/15 00:50:28 kabuget.go:94: 1093:銘柄が見つからない
2022/06/15 00:50:29 kabuget.go:94: 1094:銘柄が見つからない
2022/06/15 00:50:29 kabuget.go:94: 1095:銘柄が見つからない
2022/06/15 00:50:29 kabuget.go:94: 1096:銘柄が見つからない
2022/06/15 00:50:29 kabuget.go:94: 1097:銘柄が見つからない
2022/06/15 00:50:29 kabuget.go:94: 1098:銘柄が見つからない
2022/06/15 00:50:29 kabuget.go:94: 1099:銘柄が見つからない
2022/06/15 00:50:29 kabuget.go:94: 1100:銘柄が見つからない
2022/06/15 00:50:29 kabuget.go:94: 1101:銘柄が見つからない
2022/06/15 00:50:29 kabuget.go:94: 1102:銘柄が見つからない
2022/06/15 00:50:30 kabuget.go:94: 1103:銘柄が見つからない
2022/06/15 00:50:30 kabuget.go:94: 1104:銘柄が見つからない
2022/06/15 00:50:30 kabuget.go:94: 1105:銘柄が見つからない
2022/06/15 00:50:30 kabuget.go:94: 1106:銘柄が見つからない
2022/06/15 00:50:30 kabuget.go:94: 1107:銘柄が見つからない
2022/06/15 00:50:30 kabuget.go:94: 1108:銘柄が見つからない
2022/06/15 00:50:30 kabuget.go:94: 1109:銘柄が見つからない
2022/06/15 00:50:30 kabuget.go:94: 1110:銘柄が見つからない
2022/06/15 00:50:30 kabuget.go:94: 1111:銘柄が見つからない
2022/06/15 00:50:31 kabuget.go:94: 1112:銘柄が見つからない
2022/06/15 00:50:31 kabuget.go:94: 1113:銘柄が見つからない
2022/06/15 00:50:31 kabuget.go:94: 1114:銘柄が見つからない
2022/06/15 00:50:31 kabuget.go:94: 1115:銘柄が見つからない
2022/06/15 00:50:31 kabuget.go:94: 1116:銘柄が見つからない
2022/06/15 00:50:31 kabuget.go:94: 1117:銘柄が見つからない
2022/06/15 00:50:31 kabuget.go:94: 1118:銘柄が見つからない
2022/06/15 00:50:31 kabuget.go:94: 1119:銘柄が見つからない
2022/06/15 00:50:31 kabuget.go:94: 1120:銘柄が見つからない
2022/06/15 00:50:32 kabuget.go:94: 1121:銘柄が見つからない
2022/06/15 00:50:32 kabuget.go:94: 1122:銘柄が見つからない
2022/06/15 00:50:32 kabuget.go:94: 1123:銘柄が見つからない
2022/06/15 00:50:32 kabuget.go:94: 1124:銘柄が見つからない
2022/06/15 00:50:32 kabuget.go:94: 1125:銘柄が見つからない
2022/06/15 00:50:32 kabuget.go:94: 1126:銘柄が見つからない
2022/06/15 00:50:32 kabuget.go:94: 1127:銘柄が見つからない
2022/06/15 00:50:32 kabuget.go:94: 1128:銘柄が見つからない
2022/06/15 00:50:32 kabuget.go:94: 1129:銘柄が見つからない
2022/06/15 00:50:33 kabuget.go:94: 1130:銘柄が見つからない
2022/06/15 00:50:33 kabuget.go:94: 1131:銘柄が見つからない
2022/06/15 00:50:33 kabuget.go:94: 1132:銘柄が見つからない
2022/06/15 00:50:33 kabuget.go:94: 1133:銘柄が見つからない
2022/06/15 00:50:33 kabuget.go:94: 1134:銘柄が見つからない
2022/06/15 00:50:33 kabuget.go:94: 1135:銘柄が見つからない
2022/06/15 00:50:33 kabuget.go:94: 1136:銘柄が見つからない
2022/06/15 00:50:33 kabuget.go:94: 1137:銘柄が見つからない
2022/06/15 00:50:33 kabuget.go:94: 1138:銘柄が見つからない
2022/06/15 00:50:34 kabuget.go:94: 1139:銘柄が見つからない
2022/06/15 00:50:34 kabuget.go:94: 1140:銘柄が見つからない
2022/06/15 00:50:34 kabuget.go:94: 1141:銘柄が見つからない
2022/06/15 00:50:34 kabuget.go:94: 1142:銘柄が見つからない
2022/06/15 00:50:34 kabuget.go:94: 1143:銘柄が見つからない
2022/06/15 00:50:34 kabuget.go:94: 1144:銘柄が見つからない
2022/06/15 00:50:34 kabuget.go:94: 1145:銘柄が見つからない
2022/06/15 00:50:34 kabuget.go:94: 1146:銘柄が見つからない
2022/06/15 00:50:34 kabuget.go:94: 1147:銘柄が見つからない
2022/06/15 00:50:34 kabuget.go:94: 1148:銘柄が見つからない
2022/06/15 00:50:35 kabuget.go:94: 1149:銘柄が見つからない
2022/06/15 00:50:35 kabuget.go:94: 1150:銘柄が見つからない
2022/06/15 00:50:35 kabuget.go:94: 1151:銘柄が見つからない
2022/06/15 00:50:35 kabuget.go:94: 1152:銘柄が見つからない
2022/06/15 00:50:35 kabuget.go:94: 1153:銘柄が見つからない
2022/06/15 00:50:35 kabuget.go:94: 1154:銘柄が見つからない
2022/06/15 00:50:35 kabuget.go:94: 1155:銘柄が見つからない
2022/06/15 00:50:35 kabuget.go:94: 1156:銘柄が見つからない
2022/06/15 00:50:35 kabuget.go:94: 1157:銘柄が見つからない
2022/06/15 00:50:36 kabuget.go:94: 1158:銘柄が見つからない
2022/06/15 00:50:36 kabuget.go:94: 1159:銘柄が見つからない
2022/06/15 00:50:36 kabuget.go:94: 1160:銘柄が見つからない
2022/06/15 00:50:36 kabuget.go:94: 1161:銘柄が見つからない
2022/06/15 00:50:36 kabuget.go:94: 1162:銘柄が見つからない
2022/06/15 00:50:36 kabuget.go:94: 1163:銘柄が見つからない
2022/06/15 00:50:36 kabuget.go:94: 1164:銘柄が見つからない
2022/06/15 00:50:36 kabuget.go:94: 1165:銘柄が見つからない
2022/06/15 00:50:36 kabuget.go:94: 1166:銘柄が見つからない
2022/06/15 00:50:37 kabuget.go:94: 1167:銘柄が見つからない
2022/06/15 00:50:37 kabuget.go:94: 1168:銘柄が見つからない
2022/06/15 00:50:37 kabuget.go:94: 1169:銘柄が見つからない
2022/06/15 00:50:37 kabuget.go:94: 1170:銘柄が見つからない
2022/06/15 00:50:37 kabuget.go:94: 1171:銘柄が見つからない
2022/06/15 00:50:37 kabuget.go:94: 1172:銘柄が見つからない
2022/06/15 00:50:37 kabuget.go:94: 1173:銘柄が見つからない
2022/06/15 00:50:37 kabuget.go:94: 1174:銘柄が見つからない
2022/06/15 00:50:38 kabuget.go:94: 1175:銘柄が見つからない
2022/06/15 00:50:38 kabuget.go:94: 1176:銘柄が見つからない
2022/06/15 00:50:38 kabuget.go:94: 1177:銘柄が見つからない
2022/06/15 00:50:38 kabuget.go:94: 1178:銘柄が見つからない
2022/06/15 00:50:38 kabuget.go:94: 1179:銘柄が見つからない
2022/06/15 00:50:38 kabuget.go:94: 1180:銘柄が見つからない
2022/06/15 00:50:38 kabuget.go:94: 1181:銘柄が見つからない
2022/06/15 00:50:38 kabuget.go:94: 1182:銘柄が見つからない
2022/06/15 00:50:38 kabuget.go:94: 1183:銘柄が見つからない
2022/06/15 00:50:38 kabuget.go:94: 1184:銘柄が見つからない
2022/06/15 00:50:39 kabuget.go:94: 1185:銘柄が見つからない
2022/06/15 00:50:39 kabuget.go:94: 1186:銘柄が見つからない
2022/06/15 00:50:39 kabuget.go:94: 1187:銘柄が見つからない
2022/06/15 00:50:39 kabuget.go:94: 1188:銘柄が見つからない
2022/06/15 00:50:39 kabuget.go:94: 1189:銘柄が見つからない
2022/06/15 00:50:39 kabuget.go:94: 1190:銘柄が見つからない
2022/06/15 00:50:39 kabuget.go:94: 1191:銘柄が見つからない
2022/06/15 00:50:39 kabuget.go:94: 1192:銘柄が見つからない
2022/06/15 00:50:39 kabuget.go:94: 1193:銘柄が見つからない
2022/06/15 00:50:40 kabuget.go:94: 1194:銘柄が見つからない
2022/06/15 00:50:40 kabuget.go:94: 1195:銘柄が見つからない
2022/06/15 00:50:40 kabuget.go:94: 1196:銘柄が見つからない
2022/06/15 00:50:40 kabuget.go:94: 1197:銘柄が見つからない
2022/06/15 00:50:40 kabuget.go:94: 1198:銘柄が見つからない
2022/06/15 00:50:40 kabuget.go:94: 1199:銘柄が見つからない
2022/06/15 00:50:40 kabuget.go:94: 1200:銘柄が見つからない
2022/06/15 00:50:40 kabuget.go:94: 1201:銘柄が見つからない
2022/06/15 00:50:40 kabuget.go:94: 1202:銘柄が見つからない
2022/06/15 00:50:41 kabuget.go:94: 1203:銘柄が見つからない
2022/06/15 00:50:41 kabuget.go:94: 1204:銘柄が見つからない
2022/06/15 00:50:41 kabuget.go:94: 1205:銘柄が見つからない
2022/06/15 00:50:41 kabuget.go:94: 1206:銘柄が見つからない
2022/06/15 00:50:41 kabuget.go:94: 1207:銘柄が見つからない
2022/06/15 00:50:41 kabuget.go:94: 1208:銘柄が見つからない
2022/06/15 00:50:41 kabuget.go:94: 1209:銘柄が見つからない
2022/06/15 00:50:41 kabuget.go:94: 1210:銘柄が見つからない
2022/06/15 00:50:41 kabuget.go:94: 1211:銘柄が見つからない
2022/06/15 00:50:42 kabuget.go:94: 1212:銘柄が見つからない
2022/06/15 00:50:42 kabuget.go:94: 1213:銘柄が見つからない
2022/06/15 00:50:42 kabuget.go:94: 1214:銘柄が見つからない
2022/06/15 00:50:42 kabuget.go:94: 1215:銘柄が見つからない
2022/06/15 00:50:42 kabuget.go:94: 1216:銘柄が見つからない
2022/06/15 00:50:42 kabuget.go:94: 1217:銘柄が見つからない
2022/06/15 00:50:42 kabuget.go:94: 1218:銘柄が見つからない
2022/06/15 00:50:42 kabuget.go:94: 1219:銘柄が見つからない
2022/06/15 00:50:42 kabuget.go:94: 1220:銘柄が見つからない
2022/06/15 00:50:43 kabuget.go:94: 1221:銘柄が見つからない
2022/06/15 00:50:43 kabuget.go:94: 1222:銘柄が見つからない
2022/06/15 00:50:43 kabuget.go:94: 1223:銘柄が見つからない
2022/06/15 00:50:43 kabuget.go:94: 1224:銘柄が見つからない
2022/06/15 00:50:43 kabuget.go:94: 1225:銘柄が見つからない
2022/06/15 00:50:43 kabuget.go:94: 1226:銘柄が見つからない
2022/06/15 00:50:43 kabuget.go:94: 1227:銘柄が見つからない
2022/06/15 00:50:43 kabuget.go:94: 1228:銘柄が見つからない
2022/06/15 00:50:43 kabuget.go:94: 1229:銘柄が見つからない
2022/06/15 00:50:44 kabuget.go:94: 1230:銘柄が見つからない
2022/06/15 00:50:44 kabuget.go:94: 1231:銘柄が見つからない
2022/06/15 00:50:44 kabuget.go:94: 1232:銘柄が見つからない
2022/06/15 00:50:44 kabuget.go:94: 1233:銘柄が見つからない
2022/06/15 00:50:44 kabuget.go:94: 1234:銘柄が見つからない
2022/06/15 00:50:44 kabuget.go:94: 1235:銘柄が見つからない
2022/06/15 00:50:44 kabuget.go:94: 1236:銘柄が見つからない
2022/06/15 00:50:44 kabuget.go:94: 1237:銘柄が見つからない
2022/06/15 00:50:44 kabuget.go:94: 1238:銘柄が見つからない
2022/06/15 00:50:45 kabuget.go:94: 1239:銘柄が見つからない
2022/06/15 00:50:45 kabuget.go:94: 1240:銘柄が見つからない
2022/06/15 00:50:45 kabuget.go:94: 1241:銘柄が見つからない
2022/06/15 00:50:45 kabuget.go:94: 1242:銘柄が見つからない
2022/06/15 00:50:45 kabuget.go:94: 1243:銘柄が見つからない
2022/06/15 00:50:45 kabuget.go:94: 1244:銘柄が見つからない
2022/06/15 00:50:45 kabuget.go:94: 1245:銘柄が見つからない
2022/06/15 00:50:45 kabuget.go:94: 1246:銘柄が見つからない
2022/06/15 00:50:45 kabuget.go:94: 1247:銘柄が見つからない
2022/06/15 00:50:46 kabuget.go:94: 1248:銘柄が見つからない
2022/06/15 00:50:46 kabuget.go:94: 1249:銘柄が見つからない
2022/06/15 00:50:46 kabuget.go:94: 1250:銘柄が見つからない
2022/06/15 00:50:46 kabuget.go:94: 1251:銘柄が見つからない
2022/06/15 00:50:46 kabuget.go:94: 1252:銘柄が見つからない
2022/06/15 00:50:46 kabuget.go:94: 1253:銘柄が見つからない
2022/06/15 00:50:46 kabuget.go:94: 1254:銘柄が見つからない
2022/06/15 00:50:46 kabuget.go:94: 1255:銘柄が見つからない
2022/06/15 00:50:46 kabuget.go:94: 1256:銘柄が見つからない
2022/06/15 00:50:47 kabuget.go:94: 1257:銘柄が見つからない
2022/06/15 00:50:47 kabuget.go:94: 1258:銘柄が見つからない
2022/06/15 00:50:47 kabuget.go:94: 1259:銘柄が見つからない
2022/06/15 00:50:47 kabuget.go:94: 1260:銘柄が見つからない
2022/06/15 00:50:47 kabuget.go:94: 1261:銘柄が見つからない
2022/06/15 00:50:47 kabuget.go:94: 1262:銘柄が見つからない
2022/06/15 00:50:47 kabuget.go:94: 1263:銘柄が見つからない
2022/06/15 00:50:47 kabuget.go:94: 1264:銘柄が見つからない
2022/06/15 00:50:47 kabuget.go:94: 1265:銘柄が見つからない
2022/06/15 00:50:48 kabuget.go:94: 1266:銘柄が見つからない
2022/06/15 00:50:48 kabuget.go:94: 1267:銘柄が見つからない
2022/06/15 00:50:48 kabuget.go:94: 1268:銘柄が見つからない
2022/06/15 00:50:48 kabuget.go:94: 1269:銘柄が見つからない
2022/06/15 00:50:48 kabuget.go:94: 1270:銘柄が見つからない
2022/06/15 00:50:48 kabuget.go:94: 1271:銘柄が見つからない
2022/06/15 00:50:48 kabuget.go:94: 1272:銘柄が見つからない
2022/06/15 00:50:48 kabuget.go:94: 1273:銘柄が見つからない
2022/06/15 00:50:48 kabuget.go:94: 1274:銘柄が見つからない
2022/06/15 00:50:49 kabuget.go:94: 1275:銘柄が見つからない
2022/06/15 00:50:49 kabuget.go:94: 1276:銘柄が見つからない
2022/06/15 00:50:49 kabuget.go:94: 1277:銘柄が見つからない
2022/06/15 00:50:49 kabuget.go:94: 1278:銘柄が見つからない
2022/06/15 00:50:49 kabuget.go:94: 1279:銘柄が見つからない
2022/06/15 00:50:49 kabuget.go:94: 1280:銘柄が見つからない
2022/06/15 00:50:49 kabuget.go:94: 1281:銘柄が見つからない
2022/06/15 00:50:49 kabuget.go:94: 1282:銘柄が見つからない
2022/06/15 00:50:50 kabuget.go:94: 1283:銘柄が見つからない
2022/06/15 00:50:50 kabuget.go:94: 1284:銘柄が見つからない
2022/06/15 00:50:50 kabuget.go:94: 1285:銘柄が見つからない
2022/06/15 00:50:50 kabuget.go:94: 1286:銘柄が見つからない
2022/06/15 00:50:50 kabuget.go:94: 1287:銘柄が見つからない
2022/06/15 00:50:50 kabuget.go:94: 1288:銘柄が見つからない
2022/06/15 00:50:50 kabuget.go:94: 1289:銘柄が見つからない
2022/06/15 00:50:50 kabuget.go:94: 1290:銘柄が見つからない
2022/06/15 00:50:50 kabuget.go:94: 1291:銘柄が見つからない
2022/06/15 00:50:51 kabuget.go:94: 1292:銘柄が見つからない
2022/06/15 00:50:51 kabuget.go:94: 1293:銘柄が見つからない
2022/06/15 00:50:51 kabuget.go:94: 1294:銘柄が見つからない
2022/06/15 00:50:51 kabuget.go:94: 1295:銘柄が見つからない
2022/06/15 00:50:51 kabuget.go:94: 1296:銘柄が見つからない
2022/06/15 00:50:51 kabuget.go:94: 1297:銘柄が見つからない
2022/06/15 00:50:51 kabuget.go:94: 1298:銘柄が見つからない
2022/06/15 00:50:51 kabuget.go:94: 1299:銘柄が見つからない
2022/06/15 00:50:51 kabuget.go:94: 1300:銘柄が見つからない
2022/06/15 00:50:52 kabuget.go:96: {1301 極洋 極洋 1 東証プ 100 10000 4040 2640   0 0 <nil>}
2022/06/15 00:50:57 kabuget.go:101: {1301 極洋 1 東証プ 3340 2022-06-14 15:00:00 +0900 JST 0061 1 3340 3340 2022-06-13 00:00:00 +0900 JST 0 0 3335 2022-06-14 09:00:00 +0900 JST 3350 2022-06-14 14:08:42 +0900 JST 3320 2022-06-14 12:44:55 +0900 JST 11400 2022-06-14 15:00:00 +0900 JST 3338.114 3.80545e+07 100 3355 2022-06-14 15:00:00 +0900 JST 0101 0 {2022-06-14 15:00:00 +0900 JST 0101 3355 100} {3360 300} {3365 300} {3370 1400} {3375 100} {3380 100} {3385 100} {3400 1000} {3410 100} {3415 200} 100 3340 2022-06-14 15:00:00 +0900 JST 0101 0 {2022-06-14 15:00:00 +0900 JST 0101 3340 100} {3335 200} {3330 100} {3325 100} {3320 200} {3315 400} {3310 100} {3305 200} {3300 200} {3295 100} 18500 10300 3.650046522e+10 1}
2022/06/15 00:50:57 kabuget.go:94: 1302:銘柄が見つからない
2022/06/15 00:50:57 kabuget.go:94: 1303:銘柄が見つからない
2022/06/15 00:50:57 kabuget.go:94: 1304:銘柄が見つからない
2022/06/15 00:50:58 kabuget.go:96: {1305 ダイワ上場投信－トピックス 大和東証指数/ETF 1 東証ETF/ETN 10 10003 2502.5 1502.5   0 0 <nil>}
2022/06/15 00:51:03 kabuget.go:101: {1305 ダイワ上場投信－トピックス 1 東証ETF/ETN 2002.5 2022-06-14 15:00:00 +0900 JST 0061 1 2002.5 2025.5 2022-06-13 00:00:00 +0900 JST -23 -1.14 1993.5 2022-06-14 09:00:00 +0900 JST 2006 2022-06-14 14:59:06 +0900 JST 1989 2022-06-14 12:59:44 +0900 JST 456910 2022-06-14 15:00:00 +0900 JST 1997.0037 9.12450945e+08 19190 2002.5 2022-06-14 15:00:00 +0900 JST 0101 0 {2022-06-14 15:00:00 +0900 JST 0101 2002.5 19190} {2003 20000} {2003.5 20000} {2005.5 140} {2006 230} {2006.5 240} {2007 280} {2007.5 280} {2008 290} {2021 1000} 20000 2000.5 2022-06-14 15:00:00 +0900 JST 0101 0 {2022-06-14 15:00:00 +0900 JST 0101 2000.5 20000} {2000 20400} {1999.5 37500} {1999 17500} {1998 190} {1997.5 180} {1995 20} {1990 10} {1988 70} {1987 40} 32240 125050 7.314211658385e+12 1}
2022/06/15 00:51:04 kabuget.go:96: {1306 ＮＥＸＴ　ＦＵＮＤＳ　ＴＯＰＩＸ連動型上場投信 野村東証指数/ETF 1 東証ETF/ETN 10 10003 2379.5 1579.5   0 0 <nil>}
2022/06/15 00:51:09 kabuget.go:101: {1306 ＮＥＸＴ　ＦＵＮＤＳ　ＴＯＰＩＸ連動型上場投信 1 東証ETF/ETN 1979.5 2022-06-14 15:00:00 +0900 JST 0061 1 1979.5 2003.5 2022-06-13 00:00:00 +0900 JST -24 -1.2 1971.5 2022-06-14 09:00:00 +0900 JST 1982.5 2022-06-14 09:41:47 +0900 JST 1966.5 2022-06-14 12:59:45 +0900 JST 2.85558e+06 2022-06-14 15:00:00 +0900 JST 1974.8357 5.639301295e+09 14770 1979.5 2022-06-14 15:00:00 +0900 JST 0101 0 {2022-06-14 15:00:00 +0900 JST 0101 1979.5 14770} {1980 30000} {1980.5 42000} {1981 30000} {1981.5 60000} {1982 63160} {1982.5 33410} {1983 33620} {1983.5 3590} {1984 6870} 110 1979 2022-06-14 15:00:00 +0900 JST 0101 0 {2022-06-14 15:00:00 +0900 JST 0101 1979 110} {1978.5 30000} {1978 72010} {1977.5 75600} {1977 64130} {1976.5 33590} {1976 30540} {1975.5 30000} {1975 60} {1974 30} 190990 291780 1.59252495324065e+13 1}
2022/06/15 00:51:09 kabuget.go:94: 1307:銘柄が見つからない
2022/06/15 00:51:10 kabuget.go:96: {1308 上場インデックスファンドＴＯＰＩＸ 日興東証指数/ETF 1 東証ETF/ETN 100 10003 2358.5 1558.5   0 0 <nil>}
2022/06/15 00:51:15 kabuget.go:101: {1308 上場インデックスファンドＴＯＰＩＸ 1 東証ETF/ETN 1958.5 2022-06-14 15:00:00 +0900 JST 0061 1 1958.5 1982 2022-06-13 00:00:00 +0900 JST -23.5 -1.19 1949.5 2022-06-14 09:00:00 +0900 JST 1961.5 2022-06-14 14:58:22 +0900 JST 1945 2022-06-14 12:59:18 +0900 JST 1.1955e+06 2022-06-14 15:00:00 +0900 JST 1953.5965 2.33552465e+09 17800 1958.5 2022-06-14 15:00:00 +0900 JST 0101 0 {2022-06-14 15:00:00 +0900 JST 0101 1958.5 17800} {1959 20000} {1959.5 45000} {1960 45000} {1970 100} {1980 500} {1981.5 500} {1986 4000} {2000 200} {2008 100} 20100 1957 2022-06-14 15:00:00 +0900 JST 0101 0 {2022-06-14 15:00:00 +0900 JST 0101 1957 20100} {1956.5 20000} {1956 45100} {1955.5 45000} {1955 25000} {1950 200} {1948 100} {1945 15600} {1944 100} {1942 100} 34700 140200 7.364565767967e+12 1}
2022/06/15 00:51:16 kabuget.go:96: {1309 ＮＥＸＴ　ＦＵＮＤＳ　ＣｈｉｎａＡＭＣ・中国株式・上証５０連動型上場投信 野村上証５０/ETF(F) 1 東証ETF/ETN 1 10003 49770 35770   0 0 <nil>}
2022/06/15 00:51:21 kabuget.go:101: {1309 ＮＥＸＴ　ＦＵＮＤＳ　ＣｈｉｎａＡＭＣ・中国株式・上証５０連動型上場投信 1 東証ETF/ETN 42770 2022-06-14 14:59:39 +0900 JST 0060 1 42770 42300 2022-06-13 00:00:00 +0900 JST 470 1.11 42000 2022-06-14 09:00:00 +0900 JST 42860 2022-06-14 14:51:48 +0900 JST 41510 2022-06-14 09:15:56 +0900 JST 264 2022-06-14 14:59:39 +0900 JST 41924.8485 1.106816e+07 1 42770 2022-06-14 15:00:00 +0900 JST 0107 0 {2022-06-14 15:00:00 +0900 JST 0107 42770 1} {42910 2} {42930 35} {42990 15} {43000 11} {43200 16} {43430 26} {43440 1} {43480 21} {43500 4} 3 42500 2022-06-14 15:00:00 +0900 JST 0107 0 {2022-06-14 15:00:00 +0900 JST 0107 42500 3} {42300 38} {42100 1} {42060 2} {42050 2} {42010 2} {41700 5} {41620 2} {41600 19} {41510 2} 464 225 3.11930164e+09 1}
2022/06/15 00:51:21 kabuget.go:94: 1310:銘柄が見つからない
2022/06/15 00:51:22 kabuget.go:96: {1311 ＮＥＸＴ　ＦＵＮＤＳ　ＴＯＰＩＸ　Ｃｏｒｅ　３０　連動型上場投信 野村コア３０/ETF 1 東証ETF/ETN 10 10003 1071 771   0 0 <nil>}
2022/06/15 00:51:27 kabuget.go:101: {1311 ＮＥＸＴ　ＦＵＮＤＳ　ＴＯＰＩＸ　Ｃｏｒｅ　３０　連動型上場投信 1 東証ETF/ETN 921 2022-06-14 15:00:00 +0900 JST 0061 1 921 933.6 2022-06-13 00:00:00 +0900 JST -12.6 -1.35 918.6 2022-06-14 09:00:00 +0900 JST 921 2022-06-14 15:00:00 +0900 JST 913 2022-06-14 12:52:38 +0900 JST 9410 2022-06-14 15:00:00 +0900 JST 915.6677 8.616433e+06 140 921 2022-06-14 15:00:00 +0900 JST 0101 0 {2022-06-14 15:00:00 +0900 JST 0101 921 140} {930 10} {931.9 920} {936 110} {936.3 10} {938 30} {940 100} {940.1 10} {945.8 10} {947 10} 10 918.3 2022-06-14 15:00:00 +0900 JST 0101 0 {2022-06-14 15:00:00 +0900 JST 0101 918.3 10} {916 110} {915.8 70} {915 110} {914.8 280} {914.7 10} {914.5 100} {913 10} {912.6 550} {912.5 1000} 6540 4260 3.222452823e+09 1}
2022/06/15 00:51:28 kabuget.go:96: {1312 ＮＥＸＴ　ＦＵＮＤＳ　ラッセル野村小型コア・インデックス連動型上場投信 野村ＲＮ小型/ETF 1 東証ETF/ETN 1 10003 22650 14650   0 0 <nil>}
