2022/06/14 00:19:24 kabuget.go:23: 処理開始
2022/06/14 00:19:24 kabuget.go:36: DBStrring:kabu:kabukabu@tcp(localhost:3306)/kabu_test?parseTime=true&loc=Asia%!F(MISSING)Tokyo
2022/06/14 00:19:24 kabuget.go:37: Honban:false
2022/06/14 00:19:24 kabuget.go:38: Password:tkumi0312
2022/06/14 00:19:24 kabuget.go:55: 取得日付:2022/06/13
2022/06/14 00:19:24 kabuget.go:56: 取得日付NUM:5502
2022/06/14 00:19:24 kabuget.go:98: 1001:銘柄が見つからない
2022/06/14 00:19:25 kabuget.go:98: 1002:銘柄が見つからない
2022/06/14 00:19:25 kabuget.go:98: 1003:銘柄が見つからない
2022/06/14 00:19:25 kabuget.go:98: 1004:銘柄が見つからない
2022/06/14 00:19:26 kabuget.go:98: 1005:銘柄が見つからない
2022/06/14 00:19:26 kabuget.go:98: 1006:銘柄が見つからない
2022/06/14 00:19:26 kabuget.go:98: 1007:銘柄が見つからない
2022/06/14 00:19:26 kabuget.go:98: 1008:銘柄が見つからない
2022/06/14 00:19:27 kabuget.go:98: 1009:銘柄が見つからない
2022/06/14 00:19:27 kabuget.go:98: 1010:銘柄が見つからない
2022/06/14 00:19:27 kabuget.go:98: 1011:銘柄が見つからない
2022/06/14 00:19:27 kabuget.go:98: 1012:銘柄が見つからない
2022/06/14 00:19:28 kabuget.go:98: 1013:銘柄が見つからない
2022/06/14 00:19:28 kabuget.go:98: 1014:銘柄が見つからない
2022/06/14 00:19:28 kabuget.go:98: 1015:銘柄が見つからない
2022/06/14 00:19:28 kabuget.go:98: 1016:銘柄が見つからない
2022/06/14 00:19:29 kabuget.go:98: 1017:銘柄が見つからない
2022/06/14 00:19:29 kabuget.go:98: 1018:銘柄が見つからない
2022/06/14 00:19:29 kabuget.go:98: 1019:銘柄が見つからない
2022/06/14 00:19:29 kabuget.go:98: 1020:銘柄が見つからない
2022/06/14 00:19:30 kabuget.go:98: 1021:銘柄が見つからない
2022/06/14 00:19:30 kabuget.go:98: 1022:銘柄が見つからない
2022/06/14 00:19:30 kabuget.go:98: 1023:銘柄が見つからない
2022/06/14 00:19:30 kabuget.go:98: 1024:銘柄が見つからない
2022/06/14 00:19:31 kabuget.go:98: 1025:銘柄が見つからない
2022/06/14 00:19:31 kabuget.go:98: 1026:銘柄が見つからない
2022/06/14 00:19:31 kabuget.go:98: 1027:銘柄が見つからない
2022/06/14 00:19:32 kabuget.go:98: 1028:銘柄が見つからない
2022/06/14 00:19:32 kabuget.go:98: 1029:銘柄が見つからない
2022/06/14 00:19:32 kabuget.go:98: 1030:銘柄が見つからない
2022/06/14 00:19:32 kabuget.go:98: 1031:銘柄が見つからない
2022/06/14 00:19:33 kabuget.go:98: 1032:銘柄が見つからない
