2022/06/14 00:23:54 kabuget.go:23: 処理開始
2022/06/14 00:23:54 kabuget.go:36: DBStrring:kabu:kabukabu@tcp(localhost:3306)/kabu_test?parseTime=true&loc=Asia%!F(MISSING)Tokyo
2022/06/14 00:23:54 kabuget.go:37: Honban:true
2022/06/14 00:23:54 kabuget.go:38: Password:kumi0312
2022/06/14 00:23:54 kabuget.go:55: 取得日付:2022/06/13
2022/06/14 00:23:54 kabuget.go:56: 取得日付NUM:5502
2022/06/14 00:23:54 kabuget.go:98: 1001:銘柄が見つからない
2022/06/14 00:23:54 kabuget.go:98: 1002:銘柄が見つからない
2022/06/14 00:23:55 kabuget.go:98: 1003:銘柄が見つからない
2022/06/14 00:23:55 kabuget.go:98: 1004:銘柄が見つからない
2022/06/14 00:23:55 kabuget.go:98: 1005:銘柄が見つからない
2022/06/14 00:23:55 kabuget.go:98: 1006:銘柄が見つからない
2022/06/14 00:23:56 kabuget.go:98: 1007:銘柄が見つからない
2022/06/14 00:23:56 kabuget.go:98: 1008:銘柄が見つからない
2022/06/14 00:23:56 kabuget.go:98: 1009:銘柄が見つからない
2022/06/14 00:23:56 kabuget.go:98: 1010:銘柄が見つからない
2022/06/14 00:23:57 kabuget.go:98: 1011:銘柄が見つからない
2022/06/14 00:23:57 kabuget.go:98: 1012:銘柄が見つからない
2022/06/14 00:23:57 kabuget.go:98: 1013:銘柄が見つからない
2022/06/14 00:23:57 kabuget.go:98: 1014:銘柄が見つからない
2022/06/14 00:23:58 kabuget.go:98: 1015:銘柄が見つからない
2022/06/14 00:23:58 kabuget.go:98: 1016:銘柄が見つからない
2022/06/14 00:23:58 kabuget.go:98: 1017:銘柄が見つからない
2022/06/14 00:23:58 kabuget.go:98: 1018:銘柄が見つからない
