2022/06/14 00:11:24 kabuget.go:24: 処理開始
2022/06/14 00:11:24 kabuget.go:37: DBStrring:kabu:kabukabu@tcp(localhost:3306)/kabu_test?parseTime=true&loc=Asia%!F(MISSING)Tokyo
2022/06/14 00:11:24 kabuget.go:38: Honban:false
2022/06/14 00:11:24 kabuget.go:39: Password:tkumi0312
2022/06/14 00:11:24 kabuget.go:56: 取得日付:2022/06/13
2022/06/14 00:11:24 kabuget.go:57: 取得日付NUM:5502
2022/06/14 00:11:24 kabuget.go:95: 1001@1:銘柄が見つからない
2022/06/14 00:11:24 kabuget.go:95: 1002@1:銘柄が見つからない
2022/06/14 00:11:24 kabuget.go:95: 1003@1:銘柄が見つからない
2022/06/14 00:11:24 kabuget.go:95: 1004@1:銘柄が見つからない
2022/06/14 00:11:24 kabuget.go:95: 1005@1:銘柄が見つからない
2022/06/14 00:11:24 kabuget.go:95: 1006@1:銘柄が見つからない
2022/06/14 00:11:25 kabuget.go:95: 1007@1:銘柄が見つからない
2022/06/14 00:11:25 kabuget.go:95: 1008@1:銘柄が見つからない
2022/06/14 00:11:25 kabuget.go:95: 1009@1:銘柄が見つからない
2022/06/14 00:11:25 kabuget.go:95: 1010@1:銘柄が見つからない
2022/06/14 00:11:25 kabuget.go:95: 1011@1:銘柄が見つからない
2022/06/14 00:11:25 kabuget.go:95: 1012@1:銘柄が見つからない
2022/06/14 00:11:25 kabuget.go:95: 1013@1:銘柄が見つからない
2022/06/14 00:11:25 kabuget.go:95: 1014@1:銘柄が見つからない
2022/06/14 00:11:25 kabuget.go:95: 1015@1:銘柄が見つからない
2022/06/14 00:11:26 kabuget.go:95: 1016@1:銘柄が見つからない
2022/06/14 00:11:26 kabuget.go:95: 1017@1:銘柄が見つからない
2022/06/14 00:11:26 kabuget.go:95: 1018@1:銘柄が見つからない
2022/06/14 00:11:26 kabuget.go:95: 1019@1:銘柄が見つからない
2022/06/14 00:11:26 kabuget.go:95: 1020@1:銘柄が見つからない
2022/06/14 00:11:26 kabuget.go:95: 1021@1:銘柄が見つからない
2022/06/14 00:11:26 kabuget.go:95: 1022@1:銘柄が見つからない
2022/06/14 00:11:26 kabuget.go:95: 1023@1:銘柄が見つからない
2022/06/14 00:11:26 kabuget.go:95: 1024@1:銘柄が見つからない
2022/06/14 00:11:27 kabuget.go:95: 1025@1:銘柄が見つからない
2022/06/14 00:11:27 kabuget.go:95: 1026@1:銘柄が見つからない
2022/06/14 00:11:27 kabuget.go:95: 1027@1:銘柄が見つからない
2022/06/14 00:11:27 kabuget.go:95: 1028@1:銘柄が見つからない
2022/06/14 00:11:27 kabuget.go:95: 1029@1:銘柄が見つからない
2022/06/14 00:11:27 kabuget.go:95: 1030@1:銘柄が見つからない
2022/06/14 00:11:27 kabuget.go:95: 1031@1:銘柄が見つからない
2022/06/14 00:11:27 kabuget.go:95: 1032@1:銘柄が見つからない
2022/06/14 00:11:27 kabuget.go:95: 1033@1:銘柄が見つからない
2022/06/14 00:11:28 kabuget.go:95: 1034@1:銘柄が見つからない
2022/06/14 00:11:28 kabuget.go:95: 1035@1:銘柄が見つからない
2022/06/14 00:11:28 kabuget.go:95: 1036@1:銘柄が見つからない
2022/06/14 00:11:28 kabuget.go:95: 1037@1:銘柄が見つからない
2022/06/14 00:11:28 kabuget.go:95: 1038@1:銘柄が見つからない
2022/06/14 00:11:28 kabuget.go:95: 1039@1:銘柄が見つからない
2022/06/14 00:11:28 kabuget.go:95: 1040@1:銘柄が見つからない
2022/06/14 00:11:28 kabuget.go:95: 1041@1:銘柄が見つからない
2022/06/14 00:11:28 kabuget.go:95: 1042@1:銘柄が見つからない
2022/06/14 00:11:29 kabuget.go:95: 1043@1:銘柄が見つからない
2022/06/14 00:11:29 kabuget.go:95: 1044@1:銘柄が見つからない
2022/06/14 00:11:29 kabuget.go:95: 1045@1:銘柄が見つからない
2022/06/14 00:11:29 kabuget.go:95: 1046@1:銘柄が見つからない
2022/06/14 00:11:29 kabuget.go:95: 1047@1:銘柄が見つからない
2022/06/14 00:11:29 kabuget.go:95: 1048@1:銘柄が見つからない
2022/06/14 00:11:29 kabuget.go:95: 1049@1:銘柄が見つからない
2022/06/14 00:11:29 kabuget.go:95: 1050@1:銘柄が見つからない
2022/06/14 00:11:29 kabuget.go:95: 1051@1:銘柄が見つからない
2022/06/14 00:11:30 kabuget.go:95: 1052@1:銘柄が見つからない
2022/06/14 00:11:30 kabuget.go:95: 1053@1:銘柄が見つからない
2022/06/14 00:11:30 kabuget.go:95: 1054@1:銘柄が見つからない
2022/06/14 00:11:30 kabuget.go:95: 1055@1:銘柄が見つからない
2022/06/14 00:11:30 kabuget.go:95: 1056@1:銘柄が見つからない
2022/06/14 00:11:30 kabuget.go:95: 1057@1:銘柄が見つからない
2022/06/14 00:11:30 kabuget.go:95: 1058@1:銘柄が見つからない
2022/06/14 00:11:30 kabuget.go:95: 1059@1:銘柄が見つからない
2022/06/14 00:11:30 kabuget.go:95: 1060@1:銘柄が見つからない
2022/06/14 00:11:31 kabuget.go:95: 1061@1:銘柄が見つからない
2022/06/14 00:11:31 kabuget.go:95: 1062@1:銘柄が見つからない
2022/06/14 00:11:31 kabuget.go:95: 1063@1:銘柄が見つからない
2022/06/14 00:11:31 kabuget.go:95: 1064@1:銘柄が見つからない
2022/06/14 00:11:31 kabuget.go:95: 1065@1:銘柄が見つからない
2022/06/14 00:11:31 kabuget.go:95: 1066@1:銘柄が見つからない
2022/06/14 00:11:31 kabuget.go:95: 1067@1:銘柄が見つからない
2022/06/14 00:11:31 kabuget.go:95: 1068@1:銘柄が見つからない
2022/06/14 00:11:31 kabuget.go:95: 1069@1:銘柄が見つからない
2022/06/14 00:11:32 kabuget.go:95: 1070@1:銘柄が見つからない
2022/06/14 00:11:32 kabuget.go:95: 1071@1:銘柄が見つからない
2022/06/14 00:11:32 kabuget.go:95: 1072@1:銘柄が見つからない
2022/06/14 00:11:32 kabuget.go:95: 1073@1:銘柄が見つからない
2022/06/14 00:11:32 kabuget.go:95: 1074@1:銘柄が見つからない
2022/06/14 00:11:32 kabuget.go:95: 1075@1:銘柄が見つからない
2022/06/14 00:11:32 kabuget.go:95: 1076@1:銘柄が見つからない
2022/06/14 00:11:32 kabuget.go:95: 1077@1:銘柄が見つからない
2022/06/14 00:11:32 kabuget.go:95: 1078@1:銘柄が見つからない
2022/06/14 00:11:33 kabuget.go:95: 1079@1:銘柄が見つからない
2022/06/14 00:11:33 kabuget.go:95: 1080@1:銘柄が見つからない
2022/06/14 00:11:33 kabuget.go:95: 1081@1:銘柄が見つからない
2022/06/14 00:11:33 kabuget.go:95: 1082@1:銘柄が見つからない
2022/06/14 00:11:33 kabuget.go:95: 1083@1:銘柄が見つからない
2022/06/14 00:11:33 kabuget.go:95: 1084@1:銘柄が見つからない
2022/06/14 00:11:33 kabuget.go:95: 1085@1:銘柄が見つからない
2022/06/14 00:11:33 kabuget.go:95: 1086@1:銘柄が見つからない
2022/06/14 00:11:33 kabuget.go:95: 1087@1:銘柄が見つからない
2022/06/14 00:11:33 kabuget.go:95: 1088@1:銘柄が見つからない
2022/06/14 00:11:34 kabuget.go:95: 1089@1:銘柄が見つからない
2022/06/14 00:11:34 kabuget.go:95: 1090@1:銘柄が見つからない
2022/06/14 00:11:34 kabuget.go:95: 1091@1:銘柄が見つからない
2022/06/14 00:11:34 kabuget.go:95: 1092@1:銘柄が見つからない
2022/06/14 00:11:34 kabuget.go:95: 1093@1:銘柄が見つからない
2022/06/14 00:11:34 kabuget.go:95: 1094@1:銘柄が見つからない
2022/06/14 00:11:34 kabuget.go:95: 1095@1:銘柄が見つからない
2022/06/14 00:11:34 kabuget.go:95: 1096@1:銘柄が見つからない
2022/06/14 00:11:34 kabuget.go:95: 1097@1:銘柄が見つからない
2022/06/14 00:11:35 kabuget.go:95: 1098@1:銘柄が見つからない
2022/06/14 00:11:35 kabuget.go:95: 1099@1:銘柄が見つからない
2022/06/14 00:11:35 kabuget.go:95: 1100@1:銘柄が見つからない
2022/06/14 00:11:35 kabuget.go:95: 1101@1:銘柄が見つからない
2022/06/14 00:11:35 kabuget.go:95: 1102@1:銘柄が見つからない
2022/06/14 00:11:35 kabuget.go:95: 1103@1:銘柄が見つからない
2022/06/14 00:11:35 kabuget.go:95: 1104@1:銘柄が見つからない
2022/06/14 00:11:35 kabuget.go:95: 1105@1:銘柄が見つからない
2022/06/14 00:11:35 kabuget.go:95: 1106@1:銘柄が見つからない
2022/06/14 00:11:36 kabuget.go:95: 1107@1:銘柄が見つからない
2022/06/14 00:11:36 kabuget.go:95: 1108@1:銘柄が見つからない
2022/06/14 00:11:36 kabuget.go:95: 1109@1:銘柄が見つからない
2022/06/14 00:11:36 kabuget.go:95: 1110@1:銘柄が見つからない
2022/06/14 00:11:36 kabuget.go:95: 1111@1:銘柄が見つからない
2022/06/14 00:11:36 kabuget.go:95: 1112@1:銘柄が見つからない
2022/06/14 00:11:36 kabuget.go:95: 1113@1:銘柄が見つからない
2022/06/14 00:11:36 kabuget.go:95: 1114@1:銘柄が見つからない
2022/06/14 00:11:36 kabuget.go:95: 1115@1:銘柄が見つからない
2022/06/14 00:11:37 kabuget.go:95: 1116@1:銘柄が見つからない
2022/06/14 00:11:37 kabuget.go:95: 1117@1:銘柄が見つからない
2022/06/14 00:11:37 kabuget.go:95: 1118@1:銘柄が見つからない
2022/06/14 00:11:37 kabuget.go:95: 1119@1:銘柄が見つからない
2022/06/14 00:11:37 kabuget.go:95: 1120@1:銘柄が見つからない
2022/06/14 00:11:37 kabuget.go:95: 1121@1:銘柄が見つからない
2022/06/14 00:11:37 kabuget.go:95: 1122@1:銘柄が見つからない
2022/06/14 00:11:37 kabuget.go:95: 1123@1:銘柄が見つからない
2022/06/14 00:11:38 kabuget.go:95: 1124@1:銘柄が見つからない
2022/06/14 00:11:38 kabuget.go:95: 1125@1:銘柄が見つからない
2022/06/14 00:11:38 kabuget.go:95: 1126@1:銘柄が見つからない
2022/06/14 00:11:38 kabuget.go:95: 1127@1:銘柄が見つからない
2022/06/14 00:11:38 kabuget.go:95: 1128@1:銘柄が見つからない
2022/06/14 00:11:38 kabuget.go:95: 1129@1:銘柄が見つからない
2022/06/14 00:11:38 kabuget.go:95: 1130@1:銘柄が見つからない
2022/06/14 00:11:38 kabuget.go:95: 1131@1:銘柄が見つからない
2022/06/14 00:11:38 kabuget.go:95: 1132@1:銘柄が見つからない
2022/06/14 00:11:39 kabuget.go:95: 1133@1:銘柄が見つからない
2022/06/14 00:11:39 kabuget.go:95: 1134@1:銘柄が見つからない
2022/06/14 00:11:39 kabuget.go:95: 1135@1:銘柄が見つからない
2022/06/14 00:11:39 kabuget.go:95: 1136@1:銘柄が見つからない
2022/06/14 00:11:39 kabuget.go:95: 1137@1:銘柄が見つからない
2022/06/14 00:11:39 kabuget.go:95: 1138@1:銘柄が見つからない
2022/06/14 00:11:39 kabuget.go:95: 1139@1:銘柄が見つからない
2022/06/14 00:11:39 kabuget.go:95: 1140@1:銘柄が見つからない
2022/06/14 00:11:39 kabuget.go:95: 1141@1:銘柄が見つからない
2022/06/14 00:11:40 kabuget.go:95: 1142@1:銘柄が見つからない
2022/06/14 00:11:40 kabuget.go:95: 1143@1:銘柄が見つからない
2022/06/14 00:11:40 kabuget.go:95: 1144@1:銘柄が見つからない
2022/06/14 00:11:40 kabuget.go:95: 1145@1:銘柄が見つからない
2022/06/14 00:11:40 kabuget.go:95: 1146@1:銘柄が見つからない
2022/06/14 00:11:40 kabuget.go:95: 1147@1:銘柄が見つからない
2022/06/14 00:11:40 kabuget.go:95: 1148@1:銘柄が見つからない
2022/06/14 00:11:40 kabuget.go:95: 1149@1:銘柄が見つからない
2022/06/14 00:11:40 kabuget.go:95: 1150@1:銘柄が見つからない
2022/06/14 00:11:41 kabuget.go:95: 1151@1:銘柄が見つからない
2022/06/14 00:11:41 kabuget.go:95: 1152@1:銘柄が見つからない
2022/06/14 00:11:41 kabuget.go:95: 1153@1:銘柄が見つからない
2022/06/14 00:11:41 kabuget.go:95: 1154@1:銘柄が見つからない
2022/06/14 00:11:41 kabuget.go:95: 1155@1:銘柄が見つからない
2022/06/14 00:11:41 kabuget.go:95: 1156@1:銘柄が見つからない
2022/06/14 00:11:41 kabuget.go:95: 1157@1:銘柄が見つからない
2022/06/14 00:11:41 kabuget.go:95: 1158@1:銘柄が見つからない
2022/06/14 00:11:41 kabuget.go:95: 1159@1:銘柄が見つからない
2022/06/14 00:11:42 kabuget.go:95: 1160@1:銘柄が見つからない
2022/06/14 00:11:42 kabuget.go:95: 1161@1:銘柄が見つからない
2022/06/14 00:11:42 kabuget.go:95: 1162@1:銘柄が見つからない
2022/06/14 00:11:42 kabuget.go:95: 1163@1:銘柄が見つからない
2022/06/14 00:11:42 kabuget.go:95: 1164@1:銘柄が見つからない
2022/06/14 00:11:42 kabuget.go:95: 1165@1:銘柄が見つからない
2022/06/14 00:11:42 kabuget.go:95: 1166@1:銘柄が見つからない
2022/06/14 00:11:42 kabuget.go:95: 1167@1:銘柄が見つからない
2022/06/14 00:11:42 kabuget.go:95: 1168@1:銘柄が見つからない
2022/06/14 00:11:43 kabuget.go:95: 1169@1:銘柄が見つからない
2022/06/14 00:11:43 kabuget.go:95: 1170@1:銘柄が見つからない
2022/06/14 00:11:43 kabuget.go:95: 1171@1:銘柄が見つからない
2022/06/14 00:11:43 kabuget.go:95: 1172@1:銘柄が見つからない
2022/06/14 00:11:43 kabuget.go:95: 1173@1:銘柄が見つからない
2022/06/14 00:11:43 kabuget.go:95: 1174@1:銘柄が見つからない
2022/06/14 00:11:43 kabuget.go:95: 1175@1:銘柄が見つからない
2022/06/14 00:11:43 kabuget.go:95: 1176@1:銘柄が見つからない
2022/06/14 00:11:43 kabuget.go:95: 1177@1:銘柄が見つからない
2022/06/14 00:11:43 kabuget.go:95: 1178@1:銘柄が見つからない
2022/06/14 00:11:44 kabuget.go:95: 1179@1:銘柄が見つからない
2022/06/14 00:11:44 kabuget.go:95: 1180@1:銘柄が見つからない
2022/06/14 00:11:44 kabuget.go:95: 1181@1:銘柄が見つからない
2022/06/14 00:11:44 kabuget.go:95: 1182@1:銘柄が見つからない
2022/06/14 00:11:44 kabuget.go:95: 1183@1:銘柄が見つからない
2022/06/14 00:11:44 kabuget.go:95: 1184@1:銘柄が見つからない
2022/06/14 00:11:44 kabuget.go:95: 1185@1:銘柄が見つからない
2022/06/14 00:11:44 kabuget.go:95: 1186@1:銘柄が見つからない
2022/06/14 00:11:45 kabuget.go:95: 1187@1:銘柄が見つからない
2022/06/14 00:11:45 kabuget.go:95: 1188@1:銘柄が見つからない
2022/06/14 00:11:45 kabuget.go:95: 1189@1:銘柄が見つからない
2022/06/14 00:11:45 kabuget.go:95: 1190@1:銘柄が見つからない
2022/06/14 00:11:45 kabuget.go:95: 1191@1:銘柄が見つからない
2022/06/14 00:11:45 kabuget.go:95: 1192@1:銘柄が見つからない
2022/06/14 00:11:45 kabuget.go:95: 1193@1:銘柄が見つからない
2022/06/14 00:11:45 kabuget.go:95: 1194@1:銘柄が見つからない
2022/06/14 00:11:45 kabuget.go:95: 1195@1:銘柄が見つからない
2022/06/14 00:11:45 kabuget.go:95: 1196@1:銘柄が見つからない
2022/06/14 00:11:46 kabuget.go:95: 1197@1:銘柄が見つからない
2022/06/14 00:11:46 kabuget.go:95: 1198@1:銘柄が見つからない
2022/06/14 00:11:46 kabuget.go:95: 1199@1:銘柄が見つからない
2022/06/14 00:11:46 kabuget.go:95: 1200@1:銘柄が見つからない
2022/06/14 00:11:46 kabuget.go:95: 1201@1:銘柄が見つからない
2022/06/14 00:11:46 kabuget.go:95: 1202@1:銘柄が見つからない
2022/06/14 00:11:46 kabuget.go:95: 1203@1:銘柄が見つからない
2022/06/14 00:11:46 kabuget.go:95: 1204@1:銘柄が見つからない
2022/06/14 00:11:46 kabuget.go:95: 1205@1:銘柄が見つからない
2022/06/14 00:11:47 kabuget.go:95: 1206@1:銘柄が見つからない
2022/06/14 00:11:47 kabuget.go:95: 1207@1:銘柄が見つからない
2022/06/14 00:11:47 kabuget.go:95: 1208@1:銘柄が見つからない
2022/06/14 00:11:47 kabuget.go:95: 1209@1:銘柄が見つからない
2022/06/14 00:11:47 kabuget.go:95: 1210@1:銘柄が見つからない
2022/06/14 00:11:47 kabuget.go:95: 1211@1:銘柄が見つからない
2022/06/14 00:11:47 kabuget.go:95: 1212@1:銘柄が見つからない
2022/06/14 00:11:47 kabuget.go:95: 1213@1:銘柄が見つからない
2022/06/14 00:11:47 kabuget.go:95: 1214@1:銘柄が見つからない
2022/06/14 00:11:48 kabuget.go:95: 1215@1:銘柄が見つからない
2022/06/14 00:11:48 kabuget.go:95: 1216@1:銘柄が見つからない
2022/06/14 00:11:48 kabuget.go:95: 1217@1:銘柄が見つからない
2022/06/14 00:11:48 kabuget.go:95: 1218@1:銘柄が見つからない
2022/06/14 00:11:48 kabuget.go:95: 1219@1:銘柄が見つからない
2022/06/14 00:11:48 kabuget.go:95: 1220@1:銘柄が見つからない
2022/06/14 00:11:48 kabuget.go:95: 1221@1:銘柄が見つからない
2022/06/14 00:11:48 kabuget.go:95: 1222@1:銘柄が見つからない
2022/06/14 00:11:48 kabuget.go:95: 1223@1:銘柄が見つからない
2022/06/14 00:11:49 kabuget.go:95: 1224@1:銘柄が見つからない
2022/06/14 00:11:49 kabuget.go:95: 1225@1:銘柄が見つからない
2022/06/14 00:11:49 kabuget.go:95: 1226@1:銘柄が見つからない
2022/06/14 00:11:49 kabuget.go:95: 1227@1:銘柄が見つからない
2022/06/14 00:11:49 kabuget.go:95: 1228@1:銘柄が見つからない
2022/06/14 00:11:49 kabuget.go:95: 1229@1:銘柄が見つからない
2022/06/14 00:11:49 kabuget.go:95: 1230@1:銘柄が見つからない
2022/06/14 00:11:49 kabuget.go:95: 1231@1:銘柄が見つからない
2022/06/14 00:11:49 kabuget.go:95: 1232@1:銘柄が見つからない
2022/06/14 00:11:50 kabuget.go:95: 1233@1:銘柄が見つからない
2022/06/14 00:11:50 kabuget.go:95: 1234@1:銘柄が見つからない
2022/06/14 00:11:50 kabuget.go:95: 1235@1:銘柄が見つからない
2022/06/14 00:11:50 kabuget.go:95: 1236@1:銘柄が見つからない
2022/06/14 00:11:50 kabuget.go:95: 1237@1:銘柄が見つからない
2022/06/14 00:11:50 kabuget.go:95: 1238@1:銘柄が見つからない
2022/06/14 00:11:50 kabuget.go:95: 1239@1:銘柄が見つからない
2022/06/14 00:11:50 kabuget.go:95: 1240@1:銘柄が見つからない
2022/06/14 00:11:50 kabuget.go:95: 1241@1:銘柄が見つからない
2022/06/14 00:11:51 kabuget.go:95: 1242@1:銘柄が見つからない
2022/06/14 00:11:51 kabuget.go:95: 1243@1:銘柄が見つからない
2022/06/14 00:11:51 kabuget.go:95: 1244@1:銘柄が見つからない
2022/06/14 00:11:51 kabuget.go:95: 1245@1:銘柄が見つからない
2022/06/14 00:11:51 kabuget.go:95: 1246@1:銘柄が見つからない
2022/06/14 00:11:51 kabuget.go:95: 1247@1:銘柄が見つからない
2022/06/14 00:11:51 kabuget.go:95: 1248@1:銘柄が見つからない
2022/06/14 00:11:51 kabuget.go:95: 1249@1:銘柄が見つからない
2022/06/14 00:11:51 kabuget.go:95: 1250@1:銘柄が見つからない
2022/06/14 00:11:52 kabuget.go:95: 1251@1:銘柄が見つからない
2022/06/14 00:11:52 kabuget.go:95: 1252@1:銘柄が見つからない
2022/06/14 00:11:52 kabuget.go:95: 1253@1:銘柄が見つからない
2022/06/14 00:11:52 kabuget.go:95: 1254@1:銘柄が見つからない
2022/06/14 00:11:52 kabuget.go:95: 1255@1:銘柄が見つからない
2022/06/14 00:11:52 kabuget.go:95: 1256@1:銘柄が見つからない
2022/06/14 00:11:52 kabuget.go:95: 1257@1:銘柄が見つからない
2022/06/14 00:11:52 kabuget.go:95: 1258@1:銘柄が見つからない
2022/06/14 00:11:52 kabuget.go:95: 1259@1:銘柄が見つからない
2022/06/14 00:11:53 kabuget.go:95: 1260@1:銘柄が見つからない
2022/06/14 00:11:53 kabuget.go:95: 1261@1:銘柄が見つからない
2022/06/14 00:11:53 kabuget.go:95: 1262@1:銘柄が見つからない
2022/06/14 00:11:53 kabuget.go:95: 1263@1:銘柄が見つからない
2022/06/14 00:11:53 kabuget.go:95: 1264@1:銘柄が見つからない
2022/06/14 00:11:53 kabuget.go:95: 1265@1:銘柄が見つからない
2022/06/14 00:11:53 kabuget.go:95: 1266@1:銘柄が見つからない
2022/06/14 00:11:53 kabuget.go:95: 1267@1:銘柄が見つからない
2022/06/14 00:11:53 kabuget.go:95: 1268@1:銘柄が見つからない
2022/06/14 00:11:54 kabuget.go:95: 1269@1:銘柄が見つからない
2022/06/14 00:11:54 kabuget.go:95: 1270@1:銘柄が見つからない
2022/06/14 00:11:54 kabuget.go:95: 1271@1:銘柄が見つからない
2022/06/14 00:11:54 kabuget.go:95: 1272@1:銘柄が見つからない
2022/06/14 00:11:54 kabuget.go:95: 1273@1:銘柄が見つからない
2022/06/14 00:11:54 kabuget.go:95: 1274@1:銘柄が見つからない
2022/06/14 00:11:54 kabuget.go:95: 1275@1:銘柄が見つからない
2022/06/14 00:11:54 kabuget.go:95: 1276@1:銘柄が見つからない
2022/06/14 00:11:54 kabuget.go:95: 1277@1:銘柄が見つからない
2022/06/14 00:11:55 kabuget.go:95: 1278@1:銘柄が見つからない
2022/06/14 00:11:55 kabuget.go:95: 1279@1:銘柄が見つからない
2022/06/14 00:11:55 kabuget.go:95: 1280@1:銘柄が見つからない
2022/06/14 00:11:55 kabuget.go:95: 1281@1:銘柄が見つからない
2022/06/14 00:11:55 kabuget.go:95: 1282@1:銘柄が見つからない
2022/06/14 00:11:55 kabuget.go:95: 1283@1:銘柄が見つからない
2022/06/14 00:11:55 kabuget.go:95: 1284@1:銘柄が見つからない
2022/06/14 00:11:55 kabuget.go:95: 1285@1:銘柄が見つからない
2022/06/14 00:11:55 kabuget.go:95: 1286@1:銘柄が見つからない
2022/06/14 00:11:56 kabuget.go:95: 1287@1:銘柄が見つからない
2022/06/14 00:11:56 kabuget.go:95: 1288@1:銘柄が見つからない
2022/06/14 00:11:56 kabuget.go:95: 1289@1:銘柄が見つからない
2022/06/14 00:11:56 kabuget.go:95: 1290@1:銘柄が見つからない
2022/06/14 00:11:56 kabuget.go:95: 1291@1:銘柄が見つからない
2022/06/14 00:11:56 kabuget.go:95: 1292@1:銘柄が見つからない
2022/06/14 00:11:56 kabuget.go:95: 1293@1:銘柄が見つからない
2022/06/14 00:11:56 kabuget.go:95: 1294@1:銘柄が見つからない
2022/06/14 00:11:56 kabuget.go:95: 1295@1:銘柄が見つからない
2022/06/14 00:11:57 kabuget.go:95: 1296@1:銘柄が見つからない
2022/06/14 00:11:57 kabuget.go:95: 1297@1:銘柄が見つからない
2022/06/14 00:11:57 kabuget.go:95: 1298@1:銘柄が見つからない
2022/06/14 00:11:57 kabuget.go:95: 1299@1:銘柄が見つからない
2022/06/14 00:11:57 kabuget.go:95: 1300@1:銘柄が見つからない
2022/06/14 00:11:57 kabuget.go:97: {   0  0  0 0   0 0 <nil>}
