2022/06/14 00:31:24 kabuget.go:23: 処理開始
2022/06/14 00:31:24 kabuget.go:36: DBStrring:kabu:kabukabu@tcp(localhost:3306)/kabu_test?parseTime=true&loc=Asia%!F(MISSING)Tokyo
2022/06/14 00:31:24 kabuget.go:37: Honban:true
2022/06/14 00:31:24 kabuget.go:38: Password:kumi0312
2022/06/14 00:31:24 kabuget.go:55: 取得日付:2022/06/13
2022/06/14 00:31:24 kabuget.go:56: 取得日付NUM:5502
2022/06/14 00:31:24 kabuget.go:94: 1001:銘柄が見つからない
2022/06/14 00:31:24 kabuget.go:94: 1002:銘柄が見つからない
2022/06/14 00:31:24 kabuget.go:94: 1003:銘柄が見つからない
2022/06/14 00:31:24 kabuget.go:94: 1004:銘柄が見つからない
2022/06/14 00:31:24 kabuget.go:94: 1005:銘柄が見つからない
2022/06/14 00:31:24 kabuget.go:94: 1006:銘柄が見つからない
2022/06/14 00:31:24 kabuget.go:94: 1007:銘柄が見つからない
2022/06/14 00:31:24 kabuget.go:94: 1008:銘柄が見つからない
2022/06/14 00:31:25 kabuget.go:94: 1009:銘柄が見つからない
2022/06/14 00:31:25 kabuget.go:94: 1010:銘柄が見つからない
2022/06/14 00:31:25 kabuget.go:94: 1011:銘柄が見つからない
2022/06/14 00:31:25 kabuget.go:94: 1012:銘柄が見つからない
2022/06/14 00:31:25 kabuget.go:94: 1013:銘柄が見つからない
2022/06/14 00:31:25 kabuget.go:94: 1014:銘柄が見つからない
2022/06/14 00:31:25 kabuget.go:94: 1015:銘柄が見つからない
2022/06/14 00:31:25 kabuget.go:94: 1016:銘柄が見つからない
2022/06/14 00:31:25 kabuget.go:94: 1017:銘柄が見つからない
2022/06/14 00:31:26 kabuget.go:94: 1018:銘柄が見つからない
2022/06/14 00:31:26 kabuget.go:94: 1019:銘柄が見つからない
2022/06/14 00:31:26 kabuget.go:94: 1020:銘柄が見つからない
2022/06/14 00:31:26 kabuget.go:94: 1021:銘柄が見つからない
2022/06/14 00:31:26 kabuget.go:94: 1022:銘柄が見つからない
2022/06/14 00:31:26 kabuget.go:94: 1023:銘柄が見つからない
2022/06/14 00:31:26 kabuget.go:94: 1024:銘柄が見つからない
2022/06/14 00:31:26 kabuget.go:94: 1025:銘柄が見つからない
2022/06/14 00:31:26 kabuget.go:94: 1026:銘柄が見つからない
2022/06/14 00:31:27 kabuget.go:94: 1027:銘柄が見つからない
2022/06/14 00:31:27 kabuget.go:94: 1028:銘柄が見つからない
2022/06/14 00:31:27 kabuget.go:94: 1029:銘柄が見つからない
2022/06/14 00:31:27 kabuget.go:94: 1030:銘柄が見つからない
2022/06/14 00:31:27 kabuget.go:94: 1031:銘柄が見つからない
2022/06/14 00:31:27 kabuget.go:94: 1032:銘柄が見つからない
2022/06/14 00:31:27 kabuget.go:94: 1033:銘柄が見つからない
2022/06/14 00:31:27 kabuget.go:94: 1034:銘柄が見つからない
2022/06/14 00:31:27 kabuget.go:94: 1035:銘柄が見つからない
2022/06/14 00:31:28 kabuget.go:94: 1036:銘柄が見つからない
2022/06/14 00:31:28 kabuget.go:94: 1037:銘柄が見つからない
2022/06/14 00:31:28 kabuget.go:94: 1038:銘柄が見つからない
2022/06/14 00:31:28 kabuget.go:94: 1039:銘柄が見つからない
2022/06/14 00:31:28 kabuget.go:94: 1040:銘柄が見つからない
2022/06/14 00:31:28 kabuget.go:94: 1041:銘柄が見つからない
2022/06/14 00:31:28 kabuget.go:94: 1042:銘柄が見つからない
2022/06/14 00:31:28 kabuget.go:94: 1043:銘柄が見つからない
2022/06/14 00:31:28 kabuget.go:94: 1044:銘柄が見つからない
2022/06/14 00:31:29 kabuget.go:94: 1045:銘柄が見つからない
2022/06/14 00:31:29 kabuget.go:94: 1046:銘柄が見つからない
2022/06/14 00:31:29 kabuget.go:94: 1047:銘柄が見つからない
2022/06/14 00:31:29 kabuget.go:94: 1048:銘柄が見つからない
2022/06/14 00:31:29 kabuget.go:94: 1049:銘柄が見つからない
2022/06/14 00:31:29 kabuget.go:94: 1050:銘柄が見つからない
2022/06/14 00:31:29 kabuget.go:94: 1051:銘柄が見つからない
2022/06/14 00:31:29 kabuget.go:94: 1052:銘柄が見つからない
2022/06/14 00:31:29 kabuget.go:94: 1053:銘柄が見つからない
2022/06/14 00:31:29 kabuget.go:94: 1054:銘柄が見つからない
2022/06/14 00:31:30 kabuget.go:94: 1055:銘柄が見つからない
2022/06/14 00:31:30 kabuget.go:94: 1056:銘柄が見つからない
2022/06/14 00:31:30 kabuget.go:94: 1057:銘柄が見つからない
2022/06/14 00:31:30 kabuget.go:94: 1058:銘柄が見つからない
2022/06/14 00:31:30 kabuget.go:94: 1059:銘柄が見つからない
2022/06/14 00:31:30 kabuget.go:94: 1060:銘柄が見つからない
2022/06/14 00:31:30 kabuget.go:94: 1061:銘柄が見つからない
2022/06/14 00:31:30 kabuget.go:94: 1062:銘柄が見つからない
2022/06/14 00:31:30 kabuget.go:94: 1063:銘柄が見つからない
2022/06/14 00:31:31 kabuget.go:94: 1064:銘柄が見つからない
2022/06/14 00:31:31 kabuget.go:94: 1065:銘柄が見つからない
2022/06/14 00:31:31 kabuget.go:94: 1066:銘柄が見つからない
2022/06/14 00:31:31 kabuget.go:94: 1067:銘柄が見つからない
2022/06/14 00:31:31 kabuget.go:94: 1068:銘柄が見つからない
2022/06/14 00:31:31 kabuget.go:94: 1069:銘柄が見つからない
2022/06/14 00:31:31 kabuget.go:94: 1070:銘柄が見つからない
2022/06/14 00:31:31 kabuget.go:94: 1071:銘柄が見つからない
2022/06/14 00:31:31 kabuget.go:94: 1072:銘柄が見つからない
2022/06/14 00:31:32 kabuget.go:94: 1073:銘柄が見つからない
2022/06/14 00:31:32 kabuget.go:94: 1074:銘柄が見つからない
2022/06/14 00:31:32 kabuget.go:94: 1075:銘柄が見つからない
2022/06/14 00:31:32 kabuget.go:94: 1076:銘柄が見つからない
2022/06/14 00:31:32 kabuget.go:94: 1077:銘柄が見つからない
2022/06/14 00:31:32 kabuget.go:94: 1078:銘柄が見つからない
2022/06/14 00:31:32 kabuget.go:94: 1079:銘柄が見つからない
2022/06/14 00:31:32 kabuget.go:94: 1080:銘柄が見つからない
2022/06/14 00:31:32 kabuget.go:94: 1081:銘柄が見つからない
2022/06/14 00:31:33 kabuget.go:94: 1082:銘柄が見つからない
2022/06/14 00:31:33 kabuget.go:94: 1083:銘柄が見つからない
2022/06/14 00:31:33 kabuget.go:94: 1084:銘柄が見つからない
2022/06/14 00:31:33 kabuget.go:94: 1085:銘柄が見つからない
2022/06/14 00:31:33 kabuget.go:94: 1086:銘柄が見つからない
2022/06/14 00:31:33 kabuget.go:94: 1087:銘柄が見つからない
2022/06/14 00:31:33 kabuget.go:94: 1088:銘柄が見つからない
2022/06/14 00:31:33 kabuget.go:94: 1089:銘柄が見つからない
2022/06/14 00:31:33 kabuget.go:94: 1090:銘柄が見つからない
2022/06/14 00:31:34 kabuget.go:94: 1091:銘柄が見つからない
2022/06/14 00:31:34 kabuget.go:94: 1092:銘柄が見つからない
2022/06/14 00:31:34 kabuget.go:94: 1093:銘柄が見つからない
2022/06/14 00:31:34 kabuget.go:94: 1094:銘柄が見つからない
2022/06/14 00:31:34 kabuget.go:94: 1095:銘柄が見つからない
2022/06/14 00:31:34 kabuget.go:94: 1096:銘柄が見つからない
2022/06/14 00:31:34 kabuget.go:94: 1097:銘柄が見つからない
2022/06/14 00:31:34 kabuget.go:94: 1098:銘柄が見つからない
2022/06/14 00:31:34 kabuget.go:94: 1099:銘柄が見つからない
2022/06/14 00:31:35 kabuget.go:94: 1100:銘柄が見つからない
2022/06/14 00:31:35 kabuget.go:94: 1101:銘柄が見つからない
2022/06/14 00:31:35 kabuget.go:94: 1102:銘柄が見つからない
2022/06/14 00:31:35 kabuget.go:94: 1103:銘柄が見つからない
2022/06/14 00:31:35 kabuget.go:94: 1104:銘柄が見つからない
2022/06/14 00:31:35 kabuget.go:94: 1105:銘柄が見つからない
2022/06/14 00:31:35 kabuget.go:94: 1106:銘柄が見つからない
2022/06/14 00:31:35 kabuget.go:94: 1107:銘柄が見つからない
2022/06/14 00:31:35 kabuget.go:94: 1108:銘柄が見つからない
2022/06/14 00:31:36 kabuget.go:94: 1109:銘柄が見つからない
2022/06/14 00:31:36 kabuget.go:94: 1110:銘柄が見つからない
2022/06/14 00:31:36 kabuget.go:94: 1111:銘柄が見つからない
2022/06/14 00:31:36 kabuget.go:94: 1112:銘柄が見つからない
2022/06/14 00:31:36 kabuget.go:94: 1113:銘柄が見つからない
2022/06/14 00:31:36 kabuget.go:94: 1114:銘柄が見つからない
2022/06/14 00:31:36 kabuget.go:94: 1115:銘柄が見つからない
2022/06/14 00:31:36 kabuget.go:94: 1116:銘柄が見つからない
2022/06/14 00:31:36 kabuget.go:94: 1117:銘柄が見つからない
2022/06/14 00:31:37 kabuget.go:94: 1118:銘柄が見つからない
2022/06/14 00:31:37 kabuget.go:94: 1119:銘柄が見つからない
2022/06/14 00:31:37 kabuget.go:94: 1120:銘柄が見つからない
2022/06/14 00:31:37 kabuget.go:94: 1121:銘柄が見つからない
2022/06/14 00:31:37 kabuget.go:94: 1122:銘柄が見つからない
2022/06/14 00:31:37 kabuget.go:94: 1123:銘柄が見つからない
2022/06/14 00:31:37 kabuget.go:94: 1124:銘柄が見つからない
2022/06/14 00:31:37 kabuget.go:94: 1125:銘柄が見つからない
2022/06/14 00:31:37 kabuget.go:94: 1126:銘柄が見つからない
2022/06/14 00:31:38 kabuget.go:94: 1127:銘柄が見つからない
2022/06/14 00:31:38 kabuget.go:94: 1128:銘柄が見つからない
2022/06/14 00:31:38 kabuget.go:94: 1129:銘柄が見つからない
2022/06/14 00:31:38 kabuget.go:94: 1130:銘柄が見つからない
2022/06/14 00:31:38 kabuget.go:94: 1131:銘柄が見つからない
2022/06/14 00:31:38 kabuget.go:94: 1132:銘柄が見つからない
2022/06/14 00:31:38 kabuget.go:94: 1133:銘柄が見つからない
2022/06/14 00:31:38 kabuget.go:94: 1134:銘柄が見つからない
2022/06/14 00:31:38 kabuget.go:94: 1135:銘柄が見つからない
2022/06/14 00:31:39 kabuget.go:94: 1136:銘柄が見つからない
2022/06/14 00:31:39 kabuget.go:94: 1137:銘柄が見つからない
2022/06/14 00:31:39 kabuget.go:94: 1138:銘柄が見つからない
2022/06/14 00:31:39 kabuget.go:94: 1139:銘柄が見つからない
2022/06/14 00:31:39 kabuget.go:94: 1140:銘柄が見つからない
2022/06/14 00:31:39 kabuget.go:94: 1141:銘柄が見つからない
2022/06/14 00:31:39 kabuget.go:94: 1142:銘柄が見つからない
2022/06/14 00:31:39 kabuget.go:94: 1143:銘柄が見つからない
2022/06/14 00:31:39 kabuget.go:94: 1144:銘柄が見つからない
2022/06/14 00:31:40 kabuget.go:94: 1145:銘柄が見つからない
2022/06/14 00:31:40 kabuget.go:94: 1146:銘柄が見つからない
2022/06/14 00:31:40 kabuget.go:94: 1147:銘柄が見つからない
2022/06/14 00:31:40 kabuget.go:94: 1148:銘柄が見つからない
2022/06/14 00:31:40 kabuget.go:94: 1149:銘柄が見つからない
2022/06/14 00:31:40 kabuget.go:94: 1150:銘柄が見つからない
2022/06/14 00:31:40 kabuget.go:94: 1151:銘柄が見つからない
2022/06/14 00:31:40 kabuget.go:94: 1152:銘柄が見つからない
2022/06/14 00:31:40 kabuget.go:94: 1153:銘柄が見つからない
2022/06/14 00:31:40 kabuget.go:94: 1154:銘柄が見つからない
2022/06/14 00:31:41 kabuget.go:94: 1155:銘柄が見つからない
2022/06/14 00:31:41 kabuget.go:94: 1156:銘柄が見つからない
2022/06/14 00:31:41 kabuget.go:94: 1157:銘柄が見つからない
2022/06/14 00:31:41 kabuget.go:94: 1158:銘柄が見つからない
2022/06/14 00:31:41 kabuget.go:94: 1159:銘柄が見つからない
2022/06/14 00:31:41 kabuget.go:94: 1160:銘柄が見つからない
2022/06/14 00:31:41 kabuget.go:94: 1161:銘柄が見つからない
2022/06/14 00:31:41 kabuget.go:94: 1162:銘柄が見つからない
2022/06/14 00:31:41 kabuget.go:94: 1163:銘柄が見つからない
2022/06/14 00:31:42 kabuget.go:94: 1164:銘柄が見つからない
2022/06/14 00:31:42 kabuget.go:94: 1165:銘柄が見つからない
2022/06/14 00:31:42 kabuget.go:94: 1166:銘柄が見つからない
2022/06/14 00:31:42 kabuget.go:94: 1167:銘柄が見つからない
2022/06/14 00:31:42 kabuget.go:94: 1168:銘柄が見つからない
2022/06/14 00:31:42 kabuget.go:94: 1169:銘柄が見つからない
2022/06/14 00:31:42 kabuget.go:94: 1170:銘柄が見つからない
2022/06/14 00:31:42 kabuget.go:94: 1171:銘柄が見つからない
2022/06/14 00:31:42 kabuget.go:94: 1172:銘柄が見つからない
2022/06/14 00:31:43 kabuget.go:94: 1173:銘柄が見つからない
2022/06/14 00:31:43 kabuget.go:94: 1174:銘柄が見つからない
2022/06/14 00:31:43 kabuget.go:94: 1175:銘柄が見つからない
2022/06/14 00:31:43 kabuget.go:94: 1176:銘柄が見つからない
2022/06/14 00:31:43 kabuget.go:94: 1177:銘柄が見つからない
2022/06/14 00:31:43 kabuget.go:94: 1178:銘柄が見つからない
2022/06/14 00:31:43 kabuget.go:94: 1179:銘柄が見つからない
2022/06/14 00:31:43 kabuget.go:94: 1180:銘柄が見つからない
2022/06/14 00:31:43 kabuget.go:94: 1181:銘柄が見つからない
2022/06/14 00:31:44 kabuget.go:94: 1182:銘柄が見つからない
2022/06/14 00:31:44 kabuget.go:94: 1183:銘柄が見つからない
2022/06/14 00:31:44 kabuget.go:94: 1184:銘柄が見つからない
2022/06/14 00:31:44 kabuget.go:94: 1185:銘柄が見つからない
2022/06/14 00:31:44 kabuget.go:94: 1186:銘柄が見つからない
2022/06/14 00:31:44 kabuget.go:94: 1187:銘柄が見つからない
2022/06/14 00:31:44 kabuget.go:94: 1188:銘柄が見つからない
2022/06/14 00:31:44 kabuget.go:94: 1189:銘柄が見つからない
2022/06/14 00:31:44 kabuget.go:94: 1190:銘柄が見つからない
2022/06/14 00:31:45 kabuget.go:94: 1191:銘柄が見つからない
2022/06/14 00:31:45 kabuget.go:94: 1192:銘柄が見つからない
2022/06/14 00:31:45 kabuget.go:94: 1193:銘柄が見つからない
2022/06/14 00:31:45 kabuget.go:94: 1194:銘柄が見つからない
2022/06/14 00:31:45 kabuget.go:94: 1195:銘柄が見つからない
2022/06/14 00:31:45 kabuget.go:94: 1196:銘柄が見つからない
2022/06/14 00:31:45 kabuget.go:94: 1197:銘柄が見つからない
2022/06/14 00:31:45 kabuget.go:94: 1198:銘柄が見つからない
2022/06/14 00:31:45 kabuget.go:94: 1199:銘柄が見つからない
2022/06/14 00:31:46 kabuget.go:94: 1200:銘柄が見つからない
2022/06/14 00:31:46 kabuget.go:94: 1201:銘柄が見つからない
2022/06/14 00:31:46 kabuget.go:94: 1202:銘柄が見つからない
2022/06/14 00:31:46 kabuget.go:94: 1203:銘柄が見つからない
2022/06/14 00:31:46 kabuget.go:94: 1204:銘柄が見つからない
2022/06/14 00:31:46 kabuget.go:94: 1205:銘柄が見つからない
2022/06/14 00:31:46 kabuget.go:94: 1206:銘柄が見つからない
2022/06/14 00:31:46 kabuget.go:94: 1207:銘柄が見つからない
2022/06/14 00:31:46 kabuget.go:94: 1208:銘柄が見つからない
2022/06/14 00:31:47 kabuget.go:94: 1209:銘柄が見つからない
2022/06/14 00:31:47 kabuget.go:94: 1210:銘柄が見つからない
2022/06/14 00:31:47 kabuget.go:94: 1211:銘柄が見つからない
2022/06/14 00:31:47 kabuget.go:94: 1212:銘柄が見つからない
2022/06/14 00:31:47 kabuget.go:94: 1213:銘柄が見つからない
2022/06/14 00:31:47 kabuget.go:94: 1214:銘柄が見つからない
2022/06/14 00:31:47 kabuget.go:94: 1215:銘柄が見つからない
2022/06/14 00:31:47 kabuget.go:94: 1216:銘柄が見つからない
2022/06/14 00:31:47 kabuget.go:94: 1217:銘柄が見つからない
2022/06/14 00:31:48 kabuget.go:94: 1218:銘柄が見つからない
2022/06/14 00:31:48 kabuget.go:94: 1219:銘柄が見つからない
2022/06/14 00:31:48 kabuget.go:94: 1220:銘柄が見つからない
2022/06/14 00:31:48 kabuget.go:94: 1221:銘柄が見つからない
2022/06/14 00:31:48 kabuget.go:94: 1222:銘柄が見つからない
2022/06/14 00:31:48 kabuget.go:94: 1223:銘柄が見つからない
2022/06/14 00:31:48 kabuget.go:94: 1224:銘柄が見つからない
2022/06/14 00:31:48 kabuget.go:94: 1225:銘柄が見つからない
2022/06/14 00:31:48 kabuget.go:94: 1226:銘柄が見つからない
2022/06/14 00:31:49 kabuget.go:94: 1227:銘柄が見つからない
2022/06/14 00:31:49 kabuget.go:94: 1228:銘柄が見つからない
2022/06/14 00:31:49 kabuget.go:94: 1229:銘柄が見つからない
2022/06/14 00:31:49 kabuget.go:94: 1230:銘柄が見つからない
2022/06/14 00:31:49 kabuget.go:94: 1231:銘柄が見つからない
2022/06/14 00:31:49 kabuget.go:94: 1232:銘柄が見つからない
2022/06/14 00:31:49 kabuget.go:94: 1233:銘柄が見つからない
2022/06/14 00:31:49 kabuget.go:94: 1234:銘柄が見つからない
2022/06/14 00:31:49 kabuget.go:94: 1235:銘柄が見つからない
2022/06/14 00:31:50 kabuget.go:94: 1236:銘柄が見つからない
2022/06/14 00:31:50 kabuget.go:94: 1237:銘柄が見つからない
2022/06/14 00:31:50 kabuget.go:94: 1238:銘柄が見つからない
2022/06/14 00:31:50 kabuget.go:94: 1239:銘柄が見つからない
2022/06/14 00:31:50 kabuget.go:94: 1240:銘柄が見つからない
2022/06/14 00:31:50 kabuget.go:94: 1241:銘柄が見つからない
2022/06/14 00:31:50 kabuget.go:94: 1242:銘柄が見つからない
2022/06/14 00:31:50 kabuget.go:94: 1243:銘柄が見つからない
2022/06/14 00:31:50 kabuget.go:94: 1244:銘柄が見つからない
2022/06/14 00:31:51 kabuget.go:94: 1245:銘柄が見つからない
2022/06/14 00:31:51 kabuget.go:94: 1246:銘柄が見つからない
2022/06/14 00:31:51 kabuget.go:94: 1247:銘柄が見つからない
2022/06/14 00:31:51 kabuget.go:94: 1248:銘柄が見つからない
2022/06/14 00:31:51 kabuget.go:94: 1249:銘柄が見つからない
2022/06/14 00:31:51 kabuget.go:94: 1250:銘柄が見つからない
2022/06/14 00:31:51 kabuget.go:94: 1251:銘柄が見つからない
2022/06/14 00:31:51 kabuget.go:94: 1252:銘柄が見つからない
2022/06/14 00:31:51 kabuget.go:94: 1253:銘柄が見つからない
2022/06/14 00:31:51 kabuget.go:94: 1254:銘柄が見つからない
2022/06/14 00:31:52 kabuget.go:94: 1255:銘柄が見つからない
2022/06/14 00:31:52 kabuget.go:94: 1256:銘柄が見つからない
2022/06/14 00:31:52 kabuget.go:94: 1257:銘柄が見つからない
2022/06/14 00:31:52 kabuget.go:94: 1258:銘柄が見つからない
2022/06/14 00:31:52 kabuget.go:94: 1259:銘柄が見つからない
2022/06/14 00:31:52 kabuget.go:94: 1260:銘柄が見つからない
2022/06/14 00:31:52 kabuget.go:94: 1261:銘柄が見つからない
2022/06/14 00:31:52 kabuget.go:94: 1262:銘柄が見つからない
2022/06/14 00:31:52 kabuget.go:94: 1263:銘柄が見つからない
2022/06/14 00:31:53 kabuget.go:94: 1264:銘柄が見つからない
2022/06/14 00:31:53 kabuget.go:94: 1265:銘柄が見つからない
2022/06/14 00:31:53 kabuget.go:94: 1266:銘柄が見つからない
2022/06/14 00:31:53 kabuget.go:94: 1267:銘柄が見つからない
2022/06/14 00:31:53 kabuget.go:94: 1268:銘柄が見つからない
2022/06/14 00:31:53 kabuget.go:94: 1269:銘柄が見つからない
2022/06/14 00:31:53 kabuget.go:94: 1270:銘柄が見つからない
2022/06/14 00:31:53 kabuget.go:94: 1271:銘柄が見つからない
2022/06/14 00:31:53 kabuget.go:94: 1272:銘柄が見つからない
2022/06/14 00:31:54 kabuget.go:94: 1273:銘柄が見つからない
2022/06/14 00:31:54 kabuget.go:94: 1274:銘柄が見つからない
2022/06/14 00:31:54 kabuget.go:94: 1275:銘柄が見つからない
2022/06/14 00:31:54 kabuget.go:94: 1276:銘柄が見つからない
2022/06/14 00:31:54 kabuget.go:94: 1277:銘柄が見つからない
2022/06/14 00:31:54 kabuget.go:94: 1278:銘柄が見つからない
2022/06/14 00:31:54 kabuget.go:94: 1279:銘柄が見つからない
2022/06/14 00:31:54 kabuget.go:94: 1280:銘柄が見つからない
2022/06/14 00:31:54 kabuget.go:94: 1281:銘柄が見つからない
2022/06/14 00:31:55 kabuget.go:94: 1282:銘柄が見つからない
2022/06/14 00:31:55 kabuget.go:94: 1283:銘柄が見つからない
2022/06/14 00:31:55 kabuget.go:94: 1284:銘柄が見つからない
2022/06/14 00:31:55 kabuget.go:94: 1285:銘柄が見つからない
2022/06/14 00:31:55 kabuget.go:94: 1286:銘柄が見つからない
2022/06/14 00:31:55 kabuget.go:94: 1287:銘柄が見つからない
2022/06/14 00:31:55 kabuget.go:94: 1288:銘柄が見つからない
2022/06/14 00:31:55 kabuget.go:94: 1289:銘柄が見つからない
2022/06/14 00:31:55 kabuget.go:94: 1290:銘柄が見つからない
2022/06/14 00:31:56 kabuget.go:94: 1291:銘柄が見つからない
2022/06/14 00:31:56 kabuget.go:94: 1292:銘柄が見つからない
2022/06/14 00:31:56 kabuget.go:94: 1293:銘柄が見つからない
2022/06/14 00:31:56 kabuget.go:94: 1294:銘柄が見つからない
2022/06/14 00:31:56 kabuget.go:94: 1295:銘柄が見つからない
2022/06/14 00:31:56 kabuget.go:94: 1296:銘柄が見つからない
2022/06/14 00:31:56 kabuget.go:94: 1297:銘柄が見つからない
2022/06/14 00:31:56 kabuget.go:94: 1298:銘柄が見つからない
2022/06/14 00:31:57 kabuget.go:94: 1299:銘柄が見つからない
2022/06/14 00:31:57 kabuget.go:94: 1300:銘柄が見つからない
2022/06/14 00:31:57 kabuget.go:96: {1301 極洋 極洋 1 東証プ 100 10000 4040 2640   0 0 <nil>}
2022/06/14 00:31:58 kabuget.go:101: {1301 極洋 1 東証プ 3340 2022-06-13 15:00:00 +0900 JST 0061 1 3340 3350 2022-06-10 00:00:00 +0900 JST -10 -0.3 3335 2022-06-13 09:00:00 +0900 JST 3355 2022-06-13 14:30:00 +0900 JST 3320 2022-06-13 09:42:44 +0900 JST 10300 2022-06-13 15:00:00 +0900 JST 3339.1748 3.43935e+07 200 3350 2022-06-13 14:59:59 +0900 JST 0101 0 {2022-06-13 14:59:59 +0900 JST 0101 3350 200} {3355 900} {3360 200} {3365 100} {3370 1000} {3375 100} {3380 200} {3385 100} {3390 200} {3400 200} 100 3340 2022-06-13 14:59:59 +0900 JST 0101 0 {2022-06-13 14:59:59 +0900 JST 0101 3340 100} {3335 100} {3330 100} {3325 100} {3320 400} {3315 200} {3310 200} {3305 200} {3300 300} {3290 200} 18200 10200 3.650046522e+10 1}
2022/06/14 00:31:58 kabuget.go:94: 1302:銘柄が見つからない
2022/06/14 00:31:58 kabuget.go:94: 1303:銘柄が見つからない
2022/06/14 00:31:58 kabuget.go:94: 1304:銘柄が見つからない
2022/06/14 00:31:59 kabuget.go:96: {1305 ダイワ上場投信－トピックス 大和東証指数/ETF 1 東証ETF/ETN 10 10003 2525.5 1525.5   0 0 <nil>}
2022/06/14 00:32:04 kabuget.go:101: {1305 ダイワ上場投信－トピックス 1 東証ETF/ETN 2025.5 2022-06-13 15:00:00 +0900 JST 0061 1 2025.5 2070 2022-06-10 00:00:00 +0900 JST -44.5 -2.15 2031 2022-06-13 09:00:00 +0900 JST 2036.5 2022-06-13 09:07:15 +0900 JST 2021 2022-06-13 10:29:54 +0900 JST 361870 2022-06-13 15:00:00 +0900 JST 2026.1699 7.33210105e+08 20000 2027.5 2022-06-13 15:00:00 +0900 JST 0101 0 {2022-06-13 15:00:00 +0900 JST 0101 2027.5 20000} {2028 42820} {2028.5 49030} {2029 29570} {2029.5 17500} {2030 17500} {2032 1050} {2040 10} {2050 10} {2055 50} 19200 2025.5 2022-06-13 15:00:00 +0900 JST 0101 0 {2022-06-13 15:00:00 +0900 JST 0101 2025.5 19200} {2025 47360} {2024.5 29860} {2024 10110} {2023.5 9860} {2023 9860} {2022 1020} {2021 40} {2020.5 480} {2020 690} 29980 114940 7.398220081927e+12 1}
2022/06/14 00:32:05 kabuget.go:96: {1306 ＮＥＸＴ　ＦＵＮＤＳ　ＴＯＰＩＸ連動型上場投信 野村東証指数/ETF 1 東証ETF/ETN 10 10003 2503.5 1503.5   0 0 <nil>}
2022/06/14 00:32:10 kabuget.go:101: {1306 ＮＥＸＴ　ＦＵＮＤＳ　ＴＯＰＩＸ連動型上場投信 1 東証ETF/ETN 2003.5 2022-06-13 15:00:00 +0900 JST 0061 1 2003.5 2047 2022-06-10 00:00:00 +0900 JST -43.5 -2.13 2006.5 2022-06-13 09:00:00 +0900 JST 2014 2022-06-13 09:03:58 +0900 JST 1999 2022-06-13 10:29:59 +0900 JST 3.3506e+06 2022-06-13 15:00:00 +0900 JST 2005.4703 6.71952865e+09 23930 2005 2022-06-13 15:00:00 +0900 JST 0101 0 {2022-06-13 15:00:00 +0900 JST 0101 2005 23930} {2005.5 23930} {2006 53930} {2006.5 30000} {2007 31700} {2007.5 1810} {2008 1770} {2008.5 1850} {2009 1830} {2010 10440} 19780 2003.5 2022-06-13 15:00:00 +0900 JST 0101 0 {2022-06-13 15:00:00 +0900 JST 0101 2003.5 19780} {2003 41840} {2002.5 42260} {2002 31800} {2001.5 31700} {2001 40760} {2000.5 90} {2000 3960} {1999.5 11110} {1999 36900} 172750 247100 1.61183316181745e+13 1}
2022/06/14 00:32:10 kabuget.go:94: 1307:銘柄が見つからない
2022/06/14 00:32:11 kabuget.go:96: {1308 上場インデックスファンドＴＯＰＩＸ 日興東証指数/ETF 1 東証ETF/ETN 100 10003 2382 1582   0 0 <nil>}
2022/06/14 00:32:16 kabuget.go:101: {1308 上場インデックスファンドＴＯＰＩＸ 1 東証ETF/ETN 1982 2022-06-13 15:00:00 +0900 JST 0061 1 1982 2025 2022-06-10 00:00:00 +0900 JST -43 -2.12 1985 2022-06-13 09:00:00 +0900 JST 1991 2022-06-13 09:03:45 +0900 JST 1977 2022-06-13 10:29:51 +0900 JST 1.5815e+06 2022-06-13 15:00:00 +0900 JST 1983.7826 3.13735225e+09 20000 1984.5 2022-06-13 15:00:00 +0900 JST 0101 0 {2022-06-13 15:00:00 +0900 JST 0101 1984.5 20000} {1985 20000} {1989.5 4000} {1990 1100} {1995 100} {2000 100} {2009 200} {2010 200} {2015 200} {2020 100} 6500 1982 2022-06-13 15:00:00 +0900 JST 0101 0 {2022-06-13 15:00:00 +0900 JST 0101 1982 6500} {1981.5 20000} {1981 55200} {1980.5 10100} {1980 10700} {1979.5 100} {1977 1400} {1976 100} {1975 700} {1973 200} 41200 149200 7.452933036564e+12 1}
2022/06/14 00:32:17 kabuget.go:96: {1309 ＮＥＸＴ　ＦＵＮＤＳ　ＣｈｉｎａＡＭＣ・中国株式・上証５０連動型上場投信 野村上証５０/ETF(F) 1 東証ETF/ETN 1 10003 49300 35300   0 0 <nil>}
2022/06/14 00:32:22 kabuget.go:101: {1309 ＮＥＸＴ　ＦＵＮＤＳ　ＣｈｉｎａＡＭＣ・中国株式・上証５０連動型上場投信 1 東証ETF/ETN 42300 2022-06-13 14:29:25 +0900 JST 0060 1 42300 43200 2022-06-10 00:00:00 +0900 JST -900 -2.08 42750 2022-06-13 09:00:00 +0900 JST 42990 2022-06-13 10:30:46 +0900 JST 42000 2022-06-13 09:24:47 +0900 JST 215 2022-06-13 14:29:25 +0900 JST 42455.5349 9.12794e+06 2 42400 2022-06-13 15:00:00 +0900 JST 0107 0 {2022-06-13 15:00:00 +0900 JST 0107 42400 2} {42560 3} {42600 1} {42650 2} {42660 5} {42750 1} {42760 3} {42780 35} {42850 2} {42860 2} 1 42210 2022-06-13 15:00:00 +0900 JST 0107 0 {2022-06-13 15:00:00 +0900 JST 0107 42210 1} {42200 4} {42190 1} {42180 1} {42170 1} {42120 1} {42110 2} {42100 5} {42060 35} {42010 1} 695 232 3.0850236e+09 1}
2022/06/14 00:32:22 kabuget.go:94: 1310:銘柄が見つからない
2022/06/14 00:32:23 kabuget.go:96: {1311 ＮＥＸＴ　ＦＵＮＤＳ　ＴＯＰＩＸ　Ｃｏｒｅ　３０　連動型上場投信 野村コア３０/ETF 1 東証ETF/ETN 10 10003 1084 783.6   0 0 <nil>}
2022/06/14 00:32:28 kabuget.go:101: {1311 ＮＥＸＴ　ＦＵＮＤＳ　ＴＯＰＩＸ　Ｃｏｒｅ　３０　連動型上場投信 1 東証ETF/ETN 933.6 2022-06-13 15:00:00 +0900 JST 0061 1 933.6 960.1 2022-06-10 00:00:00 +0900 JST -26.5 -2.76 936.3 2022-06-13 09:03:00 +0900 JST 954.9 2022-06-13 09:03:51 +0900 JST 930 2022-06-13 14:00:50 +0900 JST 6300 2022-06-13 15:00:00 +0900 JST 934.2587 5.88583e+06 110 933.6 2022-06-13 15:00:00 +0900 JST 0101 0 {2022-06-13 15:00:00 +0900 JST 0101 933.6 110} {934.7 500} {936.3 10} {940 100} {940.1 10} {945.8 10} {945.9 880} {946 10} {947 10} {948 50} 210 930.5 2022-06-13 15:00:00 +0900 JST 0101 0 {2022-06-13 15:00:00 +0900 JST 0101 930.5 210} {930.1 320} {930 520} {929.1 10} {929 10} {927.2 10} {927.1 20} {926.1 550} {925.4 10} {925 120} 5730 1730 3.2665384968e+09 1}
2022/06/14 00:32:29 kabuget.go:96: {1312 ＮＥＸＴ　ＦＵＮＤＳ　ラッセル野村小型コア・インデックス連動型上場投信 野村ＲＮ小型/ETF 1 東証ETF/ETN 1 10003 22760 14760   0 0 <nil>}
2022/06/14 00:32:34 kabuget.go:101: {1312 ＮＥＸＴ　ＦＵＮＤＳ　ラッセル野村小型コア・インデックス連動型上場投信 1 東証ETF/ETN 18760 2022-06-13 14:50:11 +0900 JST 0060 1 18760 19290 2022-06-10 00:00:00 +0900 JST -530 -2.75 18895 2022-06-13 09:00:00 +0900 JST 19070 2022-06-13 12:30:00 +0900 JST 18750 2022-06-13 09:31:55 +0900 JST 72 2022-06-13 14:50:11 +0900 JST 18838.8194 1.356395e+06 1 18930 2022-06-13 15:00:00 +0900 JST 0107 0 {2022-06-13 15:00:00 +0900 JST 0107 18930 1} {19195 1} {19280 6} {19300 4} {19395 1} {19430 4} {19435 4} {19440 3} {19545 3} {19625 3} 4 18755 2022-06-13 15:00:00 +0900 JST 0107 0 {2022-06-13 15:00:00 +0900 JST 0107 18755 4} {18710 3} {18705 1} {18690 5} {18650 3} {18600 3} {18570 7} {18515 3} {18500 15} {18470 3} 143 212 2.0658512e+09 1}
2022/06/14 00:32:35 kabuget.go:96: {1313 サムスンＫＯＤＥＸ２００証券上場指数投資信託［株式］ ＫＤＸ２００/ETF(F) 1 東証ETF/ETN 10 10003 4500 3100   0 0 <nil>}
2022/06/14 00:32:40 kabuget.go:101: {1313 サムスンＫＯＤＥＸ２００証券上場指数投資信託［株式］ 1 東証ETF/ETN 3800 2022-06-13 09:00:00 +0900 JST 0060 1 3800 0 0001-01-01 00:00:00 +0000 UTC 0 0 3800 2022-06-13 09:00:00 +0900 JST 3800 2022-06-13 09:00:00 +0900 JST 3800 2022-06-13 09:00:00 +0900 JST 50 2022-06-13 09:00:00 +0900 JST 3800 190000 10 3948 2022-06-13 14:59:51 +0900 JST 0107 0 {2022-06-13 14:59:51 +0900 JST 0107 3948 10} {3949 20} {3950 300} {3999 10} {4000 10} {4049 20} {4050 10} {4099 20} {4100 70} {4120 40} 20 3700 2022-06-13 14:59:51 +0900 JST 0107 0 {2022-06-13 14:59:51 +0900 JST 0107 3700 20} {3620 10} {3511 10} {3502 10} {3501 20} {3491 10} {3490 10} {3410 20} {3402 10} {3380 20} 710 20 5.3181e+11 1}
2022/06/14 00:32:40 kabuget.go:94: 1314:銘柄が見つからない
2022/06/14 00:32:40 kabuget.go:94: 1315:銘柄が見つからない
2022/06/14 00:32:41 kabuget.go:94: 1316:銘柄が見つからない
2022/06/14 00:32:41 kabuget.go:94: 1317:銘柄が見つからない
2022/06/14 00:32:41 kabuget.go:94: 1318:銘柄が見つからない
2022/06/14 00:32:41 kabuget.go:96: {1319 ＮＥＸＴ　ＦＵＮＤＳ　日経３００株価指数連動型上場投信 日経３００投/ETF 1 東証ETF/ETN 1000 10003 437 277   0 0 <nil>}
2022/06/14 00:32:46 kabuget.go:101: {1319 ＮＥＸＴ　ＦＵＮＤＳ　日経３００株価指数連動型上場投信 1 東証ETF/ETN 357 2022-06-13 14:58:13 +0900 JST 0060 1 357 0 0001-01-01 00:00:00 +0000 UTC 0 0 357 2022-06-13 14:58:13 +0900 JST 357 2022-06-13 14:58:13 +0900 JST 357 2022-06-13 14:58:13 +0900 JST 1000 2022-06-13 14:58:13 +0900 JST 357 357000 1000 358 2022-06-13 15:00:00 +0900 JST 0107 0 {2022-06-13 15:00:00 +0900 JST 0107 358 1000} {358.1 1000} {360.2 1000} {360.5 1000} {361.6 1000} {362 1000} {362.2 1000} {363.2 1000} {363.6 1000} {364 3000} 1000 352.2 2022-06-13 15:00:00 +0900 JST 0107 0 {2022-06-13 15:00:00 +0900 JST 0107 352.2 1000} {352.1 1000} {352 1000} {347.2 1000} {347.1 1000} {344.1 1000} {344 1000} {343.8 1000} {343.3 1000} {341.4 1000} 29000 31000 2.68866339e+09 1}
2022/06/14 00:32:47 kabuget.go:96: {1320 ダイワ上場投信－日経２２５ 大和日経平均/ETF 1 東証ETF/ETN 1 10003 33070 23070   0 0 <nil>}
2022/06/14 00:32:50 kabuget.go:101: {1320 ダイワ上場投信－日経２２５ 1 東証ETF/ETN 28070 2022-06-13 15:00:00 +0900 JST 0061 1 28070 28925 2022-06-10 00:00:00 +0900 JST -855 -2.96 28255 2022-06-13 09:03:00 +0900 JST 28290 2022-06-13 09:06:34 +0900 JST 28025 2022-06-13 13:53:57 +0900 JST 96925 2022-06-13 15:00:00 +0900 JST 28131.3004 2.726626295e+09 2130 28105 2022-06-13 15:00:00 +0900 JST 0101 0 {2022-06-13 15:00:00 +0900 JST 0101 28105 2130} {28110 3130} {28115 3130} {28120 3161} {28125 50} {28130 122} {28135 130} {28140 122} {28145 122} {28150 125} 2232 28065 2022-06-13 15:00:00 +0900 JST 0101 0 {2022-06-13 15:00:00 +0900 JST 0101 28065 2232} {28060 4227} {28055 4131} {28050 4244} {28045 1926} {28040 1924} {28035 2225} {28030 1976} {28025 2009} {28020 1979} 10145 42631 3.48987632147e+12 1}
2022/06/14 00:32:51 kabuget.go:96: {1321 ＮＥＸＴ　ＦＵＮＤＳ　日経２２５連動型上場投信 野村日経平均/ETF 1 東証ETF/ETN 1 10003 33140 23135   0 0 <nil>}
2022/06/14 00:32:55 kabuget.go:101: {1321 ＮＥＸＴ　ＦＵＮＤＳ　日経２２５連動型上場投信 1 東証ETF/ETN 28135 2022-06-13 15:00:00 +0900 JST 0061 1 28135 29000 2022-06-10 00:00:00 +0900 JST -865 -2.98 28305 2022-06-13 09:03:00 +0900 JST 28350 2022-06-13 09:03:58 +0900 JST 28080 2022-06-13 13:51:15 +0900 JST 518040 2022-06-13 15:00:00 +0900 JST 28206.3083 1.461199595e+10 2126 28145 2022-06-13 15:00:00 +0900 JST 0101 0 {2022-06-13 15:00:00 +0900 JST 0101 28145 2126} {28150 3126} {28155 3126} {28160 3126} {28165 3126} {28170 1000} {28175 1147} {28180 1010} {28185 174} {28190 1233} 727 28135 2022-06-13 15:00:00 +0900 JST 0101 0 {2022-06-13 15:00:00 +0900 JST 0101 28135 727} {28130 1055} {28125 1014} {28120 1195} {28115 3851} {28110 4515} {28105 4462} {28100 7734} {28095 4667} {28090 2048} 42958 107243 7.64947254576e+12 1}
2022/06/14 00:32:56 kabuget.go:96: {1322 上場インデックスファンド中国Ａ株（パンダ）Ｅ　Ｆｕｎｄ　ＣＳＩ３００ 日興パ中国Ａ/ETF(F) 1 東証ETF/ETN 10 10003 9676 6676   0 0 <nil>}
2022/06/14 00:33:01 kabuget.go:101: {1322 上場インデックスファンド中国Ａ株（パンダ）Ｅ　Ｆｕｎｄ　ＣＳＩ３００ 1 東証ETF/ETN 8176 2022-06-13 14:45:28 +0900 JST 0060 1 8176 8330 2022-06-10 00:00:00 +0900 JST -154 -1.85 8030 2022-06-13 09:03:00 +0900 JST 8214 2022-06-13 10:50:04 +0900 JST 8030 2022-06-13 09:03:00 +0900 JST 1100 2022-06-13 14:45:28 +0900 JST 8147.0091 8.96171e+06 10 8220 2022-06-13 15:00:00 +0900 JST 0107 0 {2022-06-13 15:00:00 +0900 JST 0107 8220 10} {8222 10} {8290 10} {8300 10} {8321 140} {8336 100} {8343 300} {8370 10} {8375 100} {8390 20} 20 8170 2022-06-13 15:00:00 +0900 JST 0107 0 {2022-06-13 15:00:00 +0900 JST 0107 8170 20} {8155 300} {8110 10} {8041 20} {8040 20} {8030 50} {8000 20} {7988 10} {7950 60} {7930 10} 1970 1190 2.767576e+09 1}
2022/06/14 00:33:02 kabuget.go:96: {1323 ＮＥＸＴ　ＦＵＮＤＳ　南アフリカ株式指数・ＦＴＳＥ／ＪＳＥ　Ａｆｒｉｃａ　Ｔｏｐ４０連動型上場投信 野村南ア４０/ETF(F) 1 東証監理 100 10003 620.5 420.5   0 0 <nil>}
2022/06/14 00:33:06 kabuget.go:101: {1323 ＮＥＸＴ　ＦＵＮＤＳ　南アフリカ株式指数・ＦＴＳＥ／ＪＳＥ　Ａｆｒｉｃａ　Ｔｏｐ４０連動型上場投信 1 東証監理 520.5 2022-06-13 14:59:54 +0900 JST 0060 1 520.5 550.5 2022-06-10 00:00:00 +0900 JST -30 -5.45 530.5 2022-06-13 09:03:17 +0900 JST 539.9 2022-06-13 09:05:09 +0900 JST 511 2022-06-13 11:11:52 +0900 JST 24400 2022-06-13 14:59:54 +0900 JST 523.7939 1.278057e+07 100 530 2022-06-13 15:00:00 +0900 JST 0107 0 {2022-06-13 15:00:00 +0900 JST 0107 530 100} {531 100} {534.5 100} {535 200} {535.9 400} {536 1000} {538 300} {539 200} {539.6 100} {539.9 1100} 100 520.5 2022-06-13 15:00:00 +0900 JST 0107 0 {2022-06-13 15:00:00 +0900 JST 0107 520.5 100} {520.1 300} {520 1000} {519.9 100} {518.1 1000} {518 100} {517 100} {516 100} {515.6 200} {515 100} 28200 20400 5.27997282e+08 1}
2022/06/14 00:33:07 kabuget.go:96: {1324 ＮＥＸＴ　ＦＵＮＤＳ　ロシア株式指数・ＲＴＳ連動型上場投信 野村ＲＴＳ/ETF(F) 1 東証ETF/ETN 100 10003 118.6 58.6   0 0 <nil>}
2022/06/14 00:33:12 kabuget.go:101: {1324 ＮＥＸＴ　ＦＵＮＤＳ　ロシア株式指数・ＲＴＳ連動型上場投信 1 東証ETF/ETN 0 0001-01-01 00:00:00 +0000 UTC 0060 -1 88.6 0 0001-01-01 00:00:00 +0000 UTC 0 0 0 0001-01-01 00:00:00 +0000 UTC 0 0001-01-01 00:00:00 +0000 UTC 0 0001-01-01 00:00:00 +0000 UTC 0 0001-01-01 00:00:00 +0000 UTC 0 0 0 0 0001-01-01 00:00:00 +0000 UTC 0000 0 {0001-01-01 00:00:00 +0000 UTC 0000 0 0} {0 0} {0 0} {0 0} {0 0} {0 0} {0 0} {0 0} {0 0} {0 0} 0 0 0001-01-01 00:00:00 +0000 UTC 0000 0 {0001-01-01 00:00:00 +0000 UTC 0000 0 0} {0 0} {0 0} {0 0} {0 0} {0 0} {0 0} {0 0} {0 0} {0 0} 0 0 7.6759053e+08 1}
2022/06/14 00:33:13 kabuget.go:96: {1325 ＮＥＸＴ　ＦＵＮＤＳ　ブラジル株式指数・ボベスパ連動型上場投信 野村ボベスパ/ETF(F) 1 東証ETF/ETN 100 10003 289.1 129.1   0 0 <nil>}
2022/06/14 00:33:18 kabuget.go:101: {1325 ＮＥＸＴ　ＦＵＮＤＳ　ブラジル株式指数・ボベスパ連動型上場投信 1 東証ETF/ETN 209.1 2022-06-13 15:00:00 +0900 JST 0061 1 209.1 218.2 2022-06-10 00:00:00 +0900 JST -9.1 -4.17 214 2022-06-13 09:00:00 +0900 JST 214 2022-06-13 09:00:00 +0900 JST 208.9 2022-06-13 10:37:29 +0900 JST 22800 2022-06-13 15:00:00 +0900 JST 211.4425 4.82089e+06 5000 212 2022-06-13 15:00:00 +0900 JST 0101 0 {2022-06-13 15:00:00 +0900 JST 0101 212 5000} {212.9 100} {213 300} {214 400} {214.1 1400} {215 300} {217 100} {217.4 100} {217.9 200} {218 700} 2200 209 2022-06-13 15:00:00 +0900 JST 0101 0 {2022-06-13 15:00:00 +0900 JST 0101 209 2200} {208.1 1400} {208 4200} {207.6 400} {207.1 200} {207 6600} {206.6 400} {206.2 200} {205.6 100} {205.5 100} 154300 98800 2.7349058856e+09 1}
2022/06/14 00:33:19 kabuget.go:96: {1326 ＳＰＤＲゴールド・シェア ＳＰＤＲ/ETF(C) 1 東証ETF/ETN 1 10003 28465 18465   0 0 <nil>}
2022/06/14 00:33:24 kabuget.go:101: {1326 ＳＰＤＲゴールド・シェア 1 東証ETF/ETN 23465 2022-06-13 15:00:00 +0900 JST 0061 1 23465 23000 2022-06-10 00:00:00 +0900 JST 465 2.02 23595 2022-06-13 09:03:00 +0900 JST 23605 2022-06-13 09:05:13 +0900 JST 23390 2022-06-13 11:28:18 +0900 JST 18888 2022-06-13 15:00:00 +0900 JST 23526.4377 4.44367355e+08 3000 23480 2022-06-13 15:00:00 +0900 JST 0101 0 {2022-06-13 15:00:00 +0900 JST 0101 23480 3000} {23495 20} {23500 2823} {23510 10} {23550 1} {23555 5} {23560 4} {23565 1122} {23590 10} {23595 19} 8 23465 2022-06-13 15:00:00 +0900 JST 0101 0 {2022-06-13 15:00:00 +0900 JST 0101 23465 8} {23460 2990} {23445 1} {23440 10} {23435 475} {23420 2} {23410 3} {23405 14} {23400 77} {23390 500} 952 4555 8.6186945e+12 1}
2022/06/14 00:33:24 kabuget.go:94: 1327:銘柄が見つからない
2022/06/14 00:33:25 kabuget.go:96: {1328 ＮＥＸＴ　ＦＵＮＤＳ　金価格連動型上場投信 野村金連動/ETF(C) 1 東証ETF/ETN 10 10003 7323 5323   0 0 <nil>}
2022/06/14 00:33:30 kabuget.go:101: {1328 ＮＥＸＴ　ＦＵＮＤＳ　金価格連動型上場投信 1 東証ETF/ETN 6323 2022-06-13 15:00:00 +0900 JST 0061 1 6323 6182 2022-06-10 00:00:00 +0900 JST 141 2.28 6346 2022-06-13 09:03:00 +0900 JST 6350 2022-06-13 09:03:12 +0900 JST 6295 2022-06-13 11:03:57 +0900 JST 17820 2022-06-13 15:00:00 +0900 JST 6326.2559 1.1273388e+08 140 6323 2022-06-13 15:00:00 +0900 JST 0101 0 {2022-06-13 15:00:00 +0900 JST 0101 6323 140} {6324 10} {6325 70} {6328 30} {6329 10} {6330 70} {6333 20} {6335 110} {6340 70} {6342 11850} 7340 6310 2022-06-13 15:00:00 +0900 JST 0101 0 {2022-06-13 15:00:00 +0900 JST 0101 6310 7340} {6307 50} {6305 50} {6304 10} {6303 3000} {6300 30} {6297 200} {6293 20000} {6290 30} {6201 20} 5050 7400 1.3410817434e+10 1}
2022/06/14 00:33:31 kabuget.go:96: {1329 ｉシェアーズ・コア　日経２２５　ＥＴＦ ｉＳ日経/ETF 1 東証ETF/ETN 1 10003 33070 23065   0 0 <nil>}
2022/06/14 00:33:36 kabuget.go:101: {1329 ｉシェアーズ・コア　日経２２５　ＥＴＦ 1 東証ETF/ETN 28065 2022-06-13 15:00:00 +0900 JST 0061 1 28065 28920 2022-06-10 00:00:00 +0900 JST -855 -2.96 28230 2022-06-13 09:03:00 +0900 JST 28270 2022-06-13 09:06:35 +0900 JST 28005 2022-06-13 13:51:10 +0900 JST 21067 2022-06-13 15:00:00 +0900 JST 28115.2378 5.92303715e+08 3487 28075 2022-06-13 15:00:00 +0900 JST 0101 0 {2022-06-13 15:00:00 +0900 JST 0101 28075 3487} {28080 3487} {28085 3487} {28090 1000} {28095 1000} {28100 1001} {28105 977} {28110 1} {28120 1} {28130 1} 35 28065 2022-06-13 15:00:00 +0900 JST 0101 0 {2022-06-13 15:00:00 +0900 JST 0101 28065 35} {28055 1000} {28050 1000} {28045 5975} {28040 4976} {28035 6904} {28030 6906} {28025 1935} {28020 1931} {28015 1930} 8005 42445 8.76763088925e+11 1}
2022/06/14 00:33:37 kabuget.go:96: {1330 上場インデックスファンド２２５ 日興日経平均/ETF 1 東証ETF/ETN 10 10003 33190 23190   0 0 <nil>}
2022/06/14 00:33:42 kabuget.go:101: {1330 上場インデックスファンド２２５ 1 東証ETF/ETN 28190 2022-06-13 15:00:00 +0900 JST 0061 1 28190 29015 2022-06-10 00:00:00 +0900 JST -825 -2.84 28340 2022-06-13 09:03:00 +0900 JST 28380 2022-06-13 09:09:50 +0900 JST 28115 2022-06-13 13:51:10 +0900 JST 87010 2022-06-13 15:00:00 +0900 JST 28225.3833 2.4558906e+09 2030 28190 2022-06-13 15:00:00 +0900 JST 0101 0 {2022-06-13 15:00:00 +0900 JST 0101 28190 2030} {28195 3120} {28200 3130} {28205 3120} {28210 1420} {28215 1500} {28220 1150} {28225 180} {28230 160} {28235 150} 10 28180 2022-06-13 15:00:00 +0900 JST 0101 0 {2022-06-13 15:00:00 +0900 JST 0101 28180 10} {28175 180} {28165 1020} {28160 1120} {28155 1150} {28150 6990} {28145 5190} {28140 4310} {28135 4100} {28130 1950} 9440 49850 3.5906347216e+12 1}
2022/06/14 00:33:42 kabuget.go:94: 1331:銘柄が見つからない
2022/06/14 00:33:43 kabuget.go:96: {1332 日本水産 日水 1 東証プ 100 10000 638 438   0 0 <nil>}
2022/06/14 00:33:48 kabuget.go:101: {1332 日本水産 1 東証プ 538 2022-06-13 15:00:00 +0900 JST 0061 1 538 534 2022-06-10 00:00:00 +0900 JST 4 0.75 530 2022-06-13 09:00:00 +0900 JST 539 2022-06-13 14:59:21 +0900 JST 530 2022-06-13 09:00:00 +0900 JST 1.1647e+06 2022-06-13 15:00:00 +0900 JST 535.3471 6.235188e+08 23400 539 2022-06-13 15:00:00 +0900 JST 0101 0 {2022-06-13 15:00:00 +0900 JST 0101 539 23400} {540 66100} {541 30600} {542 30300} {543 24200} {544 55200} {545 43800} {546 12200} {547 6800} {548 8400} 7800 537 2022-06-13 15:00:00 +0900 JST 0101 0 {2022-06-13 15:00:00 +0900 JST 0101 537 7800} {536 27900} {535 23700} {534 27000} {533 49100} {532 26900} {531 14800} {530 39200} {529 14400} {528 16300} 373200 400700 1.68087489026e+11 1}
2022/06/14 00:33:49 kabuget.go:96: {1333 マルハニチロ マルハニチロ 1 東証プ 100 10000 2846 1846   0 0 <nil>}
2022/06/14 00:33:54 kabuget.go:101: {1333 マルハニチロ 1 東証プ 2346 2022-06-13 15:00:00 +0900 JST 0061 1 2346 2339 2022-06-10 00:00:00 +0900 JST 7 0.3 2326 2022-06-13 09:00:00 +0900 JST 2350 2022-06-13 14:59:09 +0900 JST 2317 2022-06-13 09:15:45 +0900 JST 233000 2022-06-13 15:00:00 +0900 JST 2334.8687 5.440244e+08 100 2349 2022-06-13 15:00:00 +0900 JST 0101 0 {2022-06-13 15:00:00 +0900 JST 0101 2349 100} {2350 900} {2351 900} {2352 1600} {2353 1100} {2354 700} {2355 2000} {2356 8100} {2357 600} {2358 3500} 1200 2345 2022-06-13 15:00:00 +0900 JST 0101 0 {2022-06-13 15:00:00 +0900 JST 0101 2345 1200} {2344 400} {2343 5800} {2342 400} {2341 900} {2340 8700} {2339 800} {2338 1200} {2337 4700} {2336 6200} 138900 103700 1.2353311086e+11 1}
2022/06/14 00:33:54 kabuget.go:94: 1334:銘柄が見つからない
2022/06/14 00:33:54 kabuget.go:94: 1335:銘柄が見つからない
2022/06/14 00:33:54 kabuget.go:94: 1336:銘柄が見つからない
2022/06/14 00:33:54 kabuget.go:94: 1337:銘柄が見つからない
2022/06/14 00:33:55 kabuget.go:94: 1338:銘柄が見つからない
2022/06/14 00:33:55 kabuget.go:94: 1339:銘柄が見つからない
2022/06/14 00:33:55 kabuget.go:94: 1340:銘柄が見つからない
2022/06/14 00:33:55 kabuget.go:94: 1341:銘柄が見つからない
2022/06/14 00:33:55 kabuget.go:94: 1342:銘柄が見つからない
2022/06/14 00:33:56 kabuget.go:96: {1343 ＮＥＸＴ　ＦＵＮＤＳ　東証ＲＥＩＴ指数連動型上場投信 野村ＲＥＩＴ/ETF(C) 1 東証ETF/ETN 10 10003 2639.5 1639.5   0 0 <nil>}
2022/06/14 00:34:01 kabuget.go:101: {1343 ＮＥＸＴ　ＦＵＮＤＳ　東証ＲＥＩＴ指数連動型上場投信 1 東証ETF/ETN 2139.5 2022-06-13 15:00:00 +0900 JST 0061 1 2139.5 2153.5 2022-06-10 00:00:00 +0900 JST -14 -0.65 2145 2022-06-13 09:00:00 +0900 JST 2148 2022-06-13 09:01:18 +0900 JST 2131 2022-06-13 10:05:26 +0900 JST 258870 2022-06-13 15:00:00 +0900 JST 2137.4301 5.5331654e+08 24070 2139.5 2022-06-13 15:00:00 +0900 JST 0101 0 {2022-06-13 15:00:00 +0900 JST 0101 2139.5 24070} {2140 41020} {2140.5 80} {2141 1850} {2142 300} {2142.5 5120} {2143 10} {2144.5 10} {2145 30} {2147 10} 100 2137 2022-06-13 15:00:00 +0900 JST 0101 0 {2022-06-13 15:00:00 +0900 JST 0101 2137 100} {2136.5 50} {2135 35290} {2134.5 35850} {2134 35160} {2133.5 5170} {2133 10} {2132.5 20} {2132 200} {2131 80} 60820 101880 4.59896141199e+11 1}
2022/06/14 00:34:01 kabuget.go:94: 1344:銘柄が見つからない
2022/06/14 00:34:02 kabuget.go:96: {1345 上場インデックスファンドＪリート（東証ＲＥＩＴ指数）隔月分配型 日興リート隔/ETF(C) 1 東証ETF/ETN 100 10003 2519 1519   0 0 <nil>}
2022/06/14 00:34:07 kabuget.go:101: {1345 上場インデックスファンドＪリート（東証ＲＥＩＴ指数）隔月分配型 1 東証ETF/ETN 2019 2022-06-13 14:50:35 +0900 JST 0060 1 2019 2036.5 2022-06-10 00:00:00 +0900 JST -17.5 -0.86 2030 2022-06-13 09:00:00 +0900 JST 2030 2022-06-13 09:00:00 +0900 JST 2012 2022-06-13 10:13:01 +0900 JST 58400 2022-06-13 14:50:35 +0900 JST 2018.2414 1.178653e+08 5500 2019.5 2022-06-13 15:00:00 +0900 JST 0107 0 {2022-06-13 15:00:00 +0900 JST 0107 2019.5 5500} {2020 5600} {2021.5 100} {2022 100} {2023 6400} {2023.5 100} {2024 100} {2039.5 600} {2040 600} {2050 500} 100 2018.5 2022-06-13 15:00:00 +0900 JST 0107 0 {2022-06-13 15:00:00 +0900 JST 0107 2018.5 100} {2018 3300} {2017 400} {2016 37300} {2015.5 37200} {2015 37300} {2014 100} {2013.5 5500} {2013 5700} {2012.5 100} 12400 30300 2.13943387494e+11 1}
2022/06/14 00:34:08 kabuget.go:96: {1346 ＭＡＸＩＳ　日経２２５上場投信 ＭＸ２２５/ETF 1 東証ETF/ETN 1 10003 33080 23075   0 0 <nil>}
2022/06/14 00:34:13 kabuget.go:101: {1346 ＭＡＸＩＳ　日経２２５上場投信 1 東証ETF/ETN 28075 2022-06-13 15:00:00 +0900 JST 0061 1 28075 28900 2022-06-10 00:00:00 +0900 JST -825 -2.85 28215 2022-06-13 09:03:00 +0900 JST 28270 2022-06-13 09:03:59 +0900 JST 28000 2022-06-13 13:51:30 +0900 JST 27119 2022-06-13 15:00:00 +0900 JST 28102.7425 7.62118275e+08 795 28075 2022-06-13 15:00:00 +0900 JST 0101 0 {2022-06-13 15:00:00 +0900 JST 0101 28075 795} {28080 2711} {28085 1711} {28090 1000} {28095 1000} {28100 22} {28105 1183} {28110 3} {28120 14} {28125 1} 1000 28055 2022-06-13 15:00:00 +0900 JST 0101 0 {2022-06-13 15:00:00 +0900 JST 0101 28055 1000} {28050 1000} {28045 3137} {28040 2132} {28035 4116} {28030 4058} {28025 1920} {28020 1921} {28015 1924} {28010 1921} 7728 38995 1.7889327112e+12 1}
2022/06/14 00:34:13 kabuget.go:94: 1347:銘柄が見つからない
2022/06/14 00:34:14 kabuget.go:96: {1348 ＭＡＸＩＳ　トピックス上場投信 ＭＸトピクス/ETF 1 東証ETF/ETN 10 10003 2387.5 1587.5   0 0 <nil>}
2022/06/14 00:34:19 kabuget.go:101: {1348 ＭＡＸＩＳ　トピックス上場投信 1 東証ETF/ETN 1987.5 2022-06-13 15:00:00 +0900 JST 0061 1 1987.5 2028.5 2022-06-10 00:00:00 +0900 JST -41 -2.02 1990 2022-06-13 09:00:00 +0900 JST 1995.5 2022-06-13 09:04:11 +0900 JST 1980.5 2022-06-13 10:29:58 +0900 JST 404970 2022-06-13 15:00:00 +0900 JST 1987.4245 8.0484732e+08 9660 1987.5 2022-06-13 15:00:00 +0900 JST 0101 0 {2022-06-13 15:00:00 +0900 JST 0101 1987.5 9660} {1988 50060} {1988.5 10060} {1989 10} {1991 60} {1995 10} {1999 100} {2000 40} {2003 10} {2009 140} 20 1986 2022-06-13 15:00:00 +0900 JST 0101 0 {2022-06-13 15:00:00 +0900 JST 0101 1986 20} {1985 40000} {1984.5 50060} {1984 50370} {1983.5 10060} {1983 160} {1982 110} {1981.5 200} {1980.5 20} {1980 5760} 24420 120380 2.4168421409625e+12 1}
2022/06/14 00:34:20 kabuget.go:96: {1349 ＡＢＦ汎アジア債券インデックス・ファンド アジア債券/ETF(C) 1 東証ETF/ETN 1 10003 17730 11730   0 0 <nil>}
2022/06/14 00:34:25 kabuget.go:101: {1349 ＡＢＦ汎アジア債券インデックス・ファンド 1 東証ETF/ETN 14730 2022-06-13 15:00:00 +0900 JST 0061 1 14730 14755 2022-06-10 00:00:00 +0900 JST -25 -0.17 14605 2022-06-13 09:00:00 +0900 JST 14775 2022-06-13 09:12:52 +0900 JST 14605 2022-06-13 09:00:00 +0900 JST 33 2022-06-13 15:00:00 +0900 JST 14633.0303 482890 69 14730 2022-06-13 15:00:00 +0900 JST 0101 0 {2022-06-13 15:00:00 +0900 JST 0101 14730 69} {14750 1} {14755 2} {14760 2} {14765 2} {14770 650} {14775 1560} {14790 2} {14800 63} {14840 26} 4 14600 2022-06-13 15:00:00 +0900 JST 0101 0 {2022-06-13 15:00:00 +0900 JST 0101 14600 4} {14595 70} {14590 10} {14560 1} {14550 50} {14530 1} {14510 1} {14505 150} {14480 500} {14475 1560} 39 129 4.4864477862e+11 1}
2022/06/14 00:34:26 kabuget.go:94: 1350:銘柄が見つからない
2022/06/14 00:34:26 kabuget.go:94: 1351:銘柄が見つからない
2022/06/14 00:34:26 kabuget.go:94: 1352:銘柄が見つからない
2022/06/14 00:34:26 kabuget.go:94: 1353:銘柄が見つからない
2022/06/14 00:34:26 kabuget.go:94: 1354:銘柄が見つからない
2022/06/14 00:34:26 kabuget.go:94: 1355:銘柄が見つからない
2022/06/14 00:34:26 kabuget.go:96: {1356 ＴＯＰＩＸベア２倍上場投信 ＴＰＸベア２/ETF(C) 1 東証ETF/ETN 10 10003 1326.5 726.5   0 0 <nil>}
2022/06/14 00:34:31 kabuget.go:101: {1356 ＴＯＰＩＸベア２倍上場投信 1 東証ETF/ETN 1026.5 2022-06-13 15:00:00 +0900 JST 0061 1 1026.5 986.4 2022-06-10 00:00:00 +0900 JST 40.1 4.07 1021 2022-06-13 09:03:00 +0900 JST 1032.5 2022-06-13 10:29:58 +0900 JST 1018 2022-06-13 09:04:14 +0900 JST 388840 2022-06-13 15:00:00 +0900 JST 1025.1938 3.9863636e+08 10000 1028 2022-06-13 15:00:00 +0900 JST 0101 0 {2022-06-13 15:00:00 +0900 JST 0101 1028 10000} {1028.5 17760} {1029 17760} {1029.5 15430} {1030 20170} {1030.5 19870} {1031 5300} {1031.5 4940} {1032 5410} {1032.5 920} 9610 1026.5 2022-06-13 15:00:00 +0900 JST 0101 0 {2022-06-13 15:00:00 +0900 JST 0101 1026.5 9610} {1026 20660} {1025.5 19760} {1025 19760} {1024.5 19690} {1024 18520} {1023.5 28660} {1023 8610} {1022.5 10510} {1022 3780} 141740 280040 4.61925e+09 1}
2022/06/14 00:34:33 kabuget.go:96: {1357 ＮＥＸＴ ＦＵＮＤＳ 日経平均ダブルインバース・インデックス連動型上場投信 日経Ｄインバ/ETF(C) 1 東証ETF/ETN 1 10000 479 319   0 0 <nil>}
2022/06/14 00:34:38 kabuget.go:101: {1357 ＮＥＸＴ ＦＵＮＤＳ 日経平均ダブルインバース・インデックス連動型上場投信 1 東証ETF/ETN 399 2022-06-13 15:00:00 +0900 JST 0061 1 399 377 2022-06-10 00:00:00 +0900 JST 22 5.84 393 2022-06-13 09:03:58 +0900 JST 400 2022-06-13 13:50:03 +0900 JST 393 2022-06-13 09:03:58 +0900 JST 1.0692661e+08 2022-06-13 15:00:00 +0900 JST 395.9857 4.2341412058e+10 1.980634e+06 399 2022-06-13 15:00:00 +0900 JST 0101 0 {2022-06-13 15:00:00 +0900 JST 0101 399 1.980634e+06} {400 4.882202e+06} {401 3.356328e+06} {402 2.538351e+06} {403 1.62059e+06} {404 1.581145e+06} {405 1.519656e+06} {406 1.246304e+06} {407 1.295342e+06} {408 425880} 1.375561e+06 398 2022-06-13 15:00:00 +0900 JST 0101 0 {2022-06-13 15:00:00 +0900 JST 0101 398 1.375561e+06} {397 2.234274e+06} {396 2.116977e+06} {395 1.813279e+06} {394 1.461578e+06} {393 1.355746e+06} {392 1.28212e+06} {391 1.384479e+06} {390 2.121974e+06} {389 819656} 8.394343e+06 1.2572208e+07 1.5096564e+11 1}
2022/06/14 00:34:39 kabuget.go:96: {1358 上場インデックスファンド日経レバレッジ指数 日経２倍/ETF(C) 1 東証ETF/ETN 1 10003 30480 20475   0 0 <nil>}
2022/06/14 00:34:44 kabuget.go:101: {1358 上場インデックスファンド日経レバレッジ指数 1 東証ETF/ETN 25475 2022-06-13 15:00:00 +0900 JST 0061 1 25475 27055 2022-06-10 00:00:00 +0900 JST -1580 -5.84 25800 2022-06-13 09:06:00 +0900 JST 25860 2022-06-13 09:07:10 +0900 JST 25350 2022-06-13 13:51:09 +0900 JST 34604 2022-06-13 15:00:00 +0900 JST 25600.7492 8.85888325e+08 518 25475 2022-06-13 15:00:00 +0900 JST 0101 0 {2022-06-13 15:00:00 +0900 JST 0101 25475 518} {25480 200} {25485 786} {25490 200} {25495 200} {25505 586} {25510 586} {25520 586} {25525 586} {25530 62} 1 25465 2022-06-13 15:00:00 +0900 JST 0101 0 {2022-06-13 15:00:00 +0900 JST 0101 25465 1} {25455 202} {25450 12} {25445 201} {25440 200} {25435 705} {25430 703} {25425 704} {25415 2} {25405 1} 5662 3755 4.4841095e+09 1}
2022/06/14 00:34:44 kabuget.go:94: 1359:銘柄が見つからない
2022/06/14 00:34:45 kabuget.go:96: {1360 日経平均ベア２倍上場投信 日経ベア２/ETF(C) 1 東証ETF/ETN 10 10003 1123 822.9   0 0 <nil>}
2022/06/14 00:34:50 kabuget.go:101: {1360 日経平均ベア２倍上場投信 1 東証ETF/ETN 972.9 2022-06-13 15:00:00 +0900 JST 0061 1 972.9 918.7 2022-06-10 00:00:00 +0900 JST 54.2 5.9 961 2022-06-13 09:06:00 +0900 JST 976.5 2022-06-13 13:51:12 +0900 JST 959.2 2022-06-13 09:07:02 +0900 JST 1.73485e+07 2022-06-13 15:00:00 +0900 JST 966.818 1.6772842741e+10 2660 972.9 2022-06-13 15:00:00 +0900 JST 0101 0 {2022-06-13 15:00:00 +0900 JST 0101 972.9 2660} {973 36730} {973.1 5550} {973.4 62030} {973.5 62550} {973.6 63290} {973.7 123480} {973.8 123030} {973.9 123030} {974 64170} 5000 972.1 2022-06-13 15:00:00 +0900 JST 0101 0 {2022-06-13 15:00:00 +0900 JST 0101 972.1 5000} {972 78290} {971.9 78290} {971.8 72030} {971.7 67030} {971.6 67030} {971.5 5160} {971.4 45000} {971.3 40000} {971.1 62030} 1.92665e+06 3.46411e+06 4.6144647e+10 1}
2022/06/14 00:34:50 kabuget.go:94: 1361:銘柄が見つからない
2022/06/14 00:34:50 kabuget.go:94: 1362:銘柄が見つからない
2022/06/14 00:34:50 kabuget.go:94: 1363:銘柄が見つからない
2022/06/14 00:34:51 kabuget.go:96: {1364 ｉシェアーズ　ＪＰＸ日経４００　ＥＴＦ ｉシェア４百/ETF 1 東証ETF/ETN 1 10003 21560 13560   0 0 <nil>}
2022/06/14 00:34:56 kabuget.go:101: {1364 ｉシェアーズ　ＪＰＸ日経４００　ＥＴＦ 1 東証ETF/ETN 17560 2022-06-13 13:55:54 +0900 JST 0060 1 17560 17955 2022-06-10 00:00:00 +0900 JST -395 -2.2 17640 2022-06-13 09:00:00 +0900 JST 17665 2022-06-13 09:08:08 +0900 JST 17560 2022-06-13 13:55:54 +0900 JST 158 2022-06-13 13:55:54 +0900 JST 17634.3354 2.786225e+06 1135 17610 2022-06-13 15:00:00 +0900 JST 0107 0 {2022-06-13 15:00:00 +0900 JST 0107 17610 1135} {17615 100} {17750 1} {18075 3920} {18390 5} {18400 10} {18550 5} {18880 2} {19000 1} {19100 22} 3 17575 2022-06-13 15:00:00 +0900 JST 0107 0 {2022-06-13 15:00:00 +0900 JST 0107 17575 3} {17565 100} {17550 2} {17535 1135} {17500 1} {17470 17} {17400 1} {17170 5} {17135 1} {17100 1} 32 4890 2.6450561272e+11 1}
2022/06/14 00:34:57 kabuget.go:96: {1365 ダイワ上場投信－日経平均レバレッジ・インデックス 大和日経レバ/ETF(C) 1 東証ETF/ETN 1 10003 26140 16140   0 0 <nil>}
2022/06/14 00:35:02 kabuget.go:101: {1365 ダイワ上場投信－日経平均レバレッジ・インデックス 1 東証ETF/ETN 21140 2022-06-13 15:00:00 +0900 JST 0061 1 21140 22470 2022-06-10 00:00:00 +0900 JST -1330 -5.92 21400 2022-06-13 09:06:00 +0900 JST 21450 2022-06-13 09:07:12 +0900 JST 21020 2022-06-13 13:53:37 +0900 JST 67455 2022-06-13 15:00:00 +0900 JST 21207.6199 1.43056e+09 89 21140 2022-06-13 15:00:00 +0900 JST 0101 0 {2022-06-13 15:00:00 +0900 JST 0101 21140 89} {21145 100} {21150 288} {21155 200} {21160 100} {21165 1308} {21170 1303} {21175 2585} {21180 2953} {21185 2410} 100 21115 2022-06-13 15:00:00 +0900 JST 0101 0 {2022-06-13 15:00:00 +0900 JST 0101 21115 100} {21110 102} {21105 160} {21100 160} {21095 288} {21090 1413} {21085 2240} {21080 2632} {21075 2839} {21070 2438} 25669 50293 9.01815488e+09 1}
2022/06/14 00:35:03 kabuget.go:96: {1366 ダイワ上場投信－日経平均ダブルインバース・インデックス 大和日経Ｄイ/ETF(C) 1 東証ETF/ETN 1 10000 1338 738   0 0 <nil>}
2022/06/14 00:35:08 kabuget.go:101: {1366 ダイワ上場投信－日経平均ダブルインバース・インデックス 1 東証ETF/ETN 1038 2022-06-13 15:00:00 +0900 JST 0061 1 1038 982 2022-06-10 00:00:00 +0900 JST 56 5.7 1026 2022-06-13 09:06:00 +0900 JST 1043 2022-06-13 13:52:13 +0900 JST 1025 2022-06-13 09:06:35 +0900 JST 1.635191e+06 2022-06-13 15:00:00 +0900 JST 1034.1984 1.691111893e+09 10431 1039 2022-06-13 15:00:00 +0900 JST 0101 0 {2022-06-13 15:00:00 +0900 JST 0101 1039 10431} {1040 24689} {1041 67978} {1042 65038} {1043 77282} {1044 47352} {1045 40311} {1046 27062} {1047 25863} {1048 26922} 23357 1038 2022-06-13 15:00:00 +0900 JST 0101 0 {2022-06-13 15:00:00 +0900 JST 0101 1038 23357} {1037 38788} {1036 119496} {1035 110727} {1034 105491} {1033 117723} {1032 91814} {1031 92282} {1030 98638} {1029 86962} 270624 1.049701e+06 8.461820634e+09 1}
2022/06/14 00:35:09 kabuget.go:96: {1367 ダイワ上場投信－ＴＯＰＩＸレバレッジ（２倍）指数 大和ＴＰレバ/ETF(C) 1 東証ETF/ETN 1 10003 21830 13830   0 0 <nil>}
2022/06/14 00:35:14 kabuget.go:101: {1367 ダイワ上場投信－ＴＯＰＩＸレバレッジ（２倍）指数 1 東証ETF/ETN 17830 2022-06-13 15:00:00 +0900 JST 0061 1 17830 18660 2022-06-10 00:00:00 +0900 JST -830 -4.45 17950 2022-06-13 09:03:00 +0900 JST 18005 2022-06-13 09:06:59 +0900 JST 17740 2022-06-13 10:29:58 +0900 JST 11567 2022-06-13 15:00:00 +0900 JST 17846.6992 2.0643277e+08 100 17855 2022-06-13 15:00:00 +0900 JST 0101 0 {2022-06-13 15:00:00 +0900 JST 0101 17855 100} {17860 2218} {17865 2218} {17870 2218} {17875 100} {17880 100} {17885 200} {17890 460} {17895 261} {17900 310} 99 17830 2022-06-13 15:00:00 +0900 JST 0101 0 {2022-06-13 15:00:00 +0900 JST 0101 17830 99} {17825 1100} {17820 2118} {17815 2118} {17810 2268} {17805 1000} {17800 2} {17795 5} {17790 270} {17785 265} 14989 10942 1.81532579e+09 1}
2022/06/14 00:35:15 kabuget.go:96: {1368 ダイワ上場投信－ＴＯＰＩＸダブルインバース（－２倍）指数 大和ＴＰＤイ/ETF(C) 1 東証ETF/ETN 1 10000 1787 1187   0 0 <nil>}
2022/06/14 00:35:20 kabuget.go:101: {1368 ダイワ上場投信－ＴＯＰＩＸダブルインバース（－２倍）指数 1 東証ETF/ETN 1487 2022-06-13 15:00:00 +0900 JST 0061 1 1487 1427 2022-06-10 00:00:00 +0900 JST 60 4.2 1480 2022-06-13 09:03:00 +0900 JST 1496 2022-06-13 10:29:51 +0900 JST 1476 2022-06-13 09:04:05 +0900 JST 70572 2022-06-13 15:00:00 +0900 JST 1484.7687 1.04783094e+08 10 1489 2022-06-13 15:00:00 +0900 JST 0101 0 {2022-06-13 15:00:00 +0900 JST 0101 1489 10} {1490 10} {1491 100} {1492 6835} {1493 13562} {1494 13563} {1495 52} {1496 233} {1497 1390} {1498 1227} 5979 1487 2022-06-13 15:00:00 +0900 JST 0101 0 {2022-06-13 15:00:00 +0900 JST 0101 1487 5979} {1486 6100} {1485 12735} {1484 19655} {1483 19656} {1482 12924} {1481 12828} {1480 6021} {1479 102} {1478 110} 51065 147818 1.42561664e+09 1}
2022/06/14 00:35:21 kabuget.go:96: {1369 Ｏｎｅ　ＥＴＦ　日経２２５ Ｏｎｅ２２５/ETF 1 東証ETF/ETN 1 10003 32250 22250   0 0 <nil>}
2022/06/14 00:35:26 kabuget.go:101: {1369 Ｏｎｅ　ＥＴＦ　日経２２５ 1 東証ETF/ETN 27250 2022-06-13 15:00:00 +0900 JST 0061 1 27250 28070 2022-06-10 00:00:00 +0900 JST -820 -2.92 27400 2022-06-13 09:03:00 +0900 JST 27420 2022-06-13 09:05:06 +0900 JST 27200 2022-06-13 13:50:06 +0900 JST 3471 2022-06-13 15:00:00 +0900 JST 27321.3281 9.483233e+07 3809 27250 2022-06-13 15:00:00 +0900 JST 0101 0 {2022-06-13 15:00:00 +0900 JST 0101 27250 3809} {27255 3100} {27260 1000} {27265 1000} {27315 1183} {27500 20} {27800 1193} {28250 2} {28380 2} {28500 10} 1000 27230 2022-06-13 15:00:00 +0900 JST 0101 0 {2022-06-13 15:00:00 +0900 JST 0101 27230 1000} {27225 3929} {27220 2929} {27215 5029} {27190 2} {27170 3970} {27165 3971} {27160 3970} {27155 3970} {27100 75} 414 10742 3.200005105e+11 1}
2022/06/14 00:35:26 kabuget.go:94: 1370:銘柄が見つからない
2022/06/14 00:35:26 kabuget.go:94: 1371:銘柄が見つからない
2022/06/14 00:35:26 kabuget.go:94: 1372:銘柄が見つからない
2022/06/14 00:35:27 kabuget.go:94: 1373:銘柄が見つからない
2022/06/14 00:35:27 kabuget.go:94: 1374:銘柄が見つからない
2022/06/14 00:35:27 kabuget.go:96: {1375 雪国まいたけ 雪国まいたけ 1 東証プ 100 10000 1032 732   0 0 <nil>}
2022/06/14 00:35:32 kabuget.go:101: {1375 雪国まいたけ 1 東証プ 882 2022-06-13 15:00:00 +0900 JST 0061 1 882 889 2022-06-10 00:00:00 +0900 JST -7 -0.79 885 2022-06-13 09:00:00 +0900 JST 888 2022-06-13 09:24:24 +0900 JST 878 2022-06-13 13:53:01 +0900 JST 174700 2022-06-13 15:00:00 +0900 JST 882.9485 1.542511e+08 200 883 2022-06-13 15:00:00 +0900 JST 0101 0 {2022-06-13 15:00:00 +0900 JST 0101 883 200} {884 3600} {885 5600} {886 3000} {887 6700} {888 2600} {889 6700} {890 2800} {891 600} {892 12400} 3200 880 2022-06-13 15:00:00 +0900 JST 0101 0 {2022-06-13 15:00:00 +0900 JST 0101 880 3200} {879 8000} {878 12200} {877 3400} {876 8900} {875 10300} {874 1800} {873 1100} {872 2000} {871 1300} 105800 192200 3.52012374e+10 1}
2022/06/14 00:35:33 kabuget.go:96: {1376 カネコ種苗 カネコ種 1 東証ス 100 10000 2086 1286   0 0 <nil>}
2022/06/14 00:35:38 kabuget.go:101: {1376 カネコ種苗 1 東証ス 1686 2022-06-13 15:00:00 +0900 JST 0061 1 1686 1701 2022-06-10 00:00:00 +0900 JST -15 -0.88 1651 2022-06-13 09:03:00 +0900 JST 1705 2022-06-13 09:12:24 +0900 JST 1651 2022-06-13 09:03:00 +0900 JST 32300 2022-06-13 15:00:00 +0900 JST 1670.6811 5.3963e+07 200 1688 2022-06-13 15:00:00 +0900 JST 0101 0 {2022-06-13 15:00:00 +0900 JST 0101 1688 200} {1689 100} {1690 900} {1691 100} {1692 300} {1694 300} {1696 300} {1699 200} {1700 100} {1702 200} 400 1677 2022-06-13 15:00:00 +0900 JST 0101 0 {2022-06-13 15:00:00 +0900 JST 0101 1677 400} {1675 200} {1673 200} {1671 200} {1669 200} {1667 200} {1665 200} {1663 300} {1662 100} {1661 1000} 9400 11900 1.9848647436e+10 1}
2022/06/14 00:35:39 kabuget.go:96: {1377 サカタのタネ サカタタネ 1 東証プ 100 10000 5310 3910   0 0 <nil>}
2022/06/14 00:35:44 kabuget.go:101: {1377 サカタのタネ 1 東証プ 4610 2022-06-13 15:00:00 +0900 JST 0061 1 4610 4580 2022-06-10 00:00:00 +0900 JST 30 0.66 4565 2022-06-13 09:00:00 +0900 JST 4640 2022-06-13 13:28:56 +0900 JST 4555 2022-06-13 09:00:00 +0900 JST 123300 2022-06-13 15:00:00 +0900 JST 4601.5328 5.67369e+08 300 4620 2022-06-13 15:00:00 +0900 JST 0101 0 {2022-06-13 15:00:00 +0900 JST 0101 4620 300} {4625 400} {4630 900} {4635 1600} {4640 2900} {4645 1200} {4650 5800} {4655 800} {4660 5300} {4665 200} 4200 4605 2022-06-13 15:00:00 +0900 JST 0101 0 {2022-06-13 15:00:00 +0900 JST 0101 4605 4200} {4600 4400} {4595 2200} {4590 5300} {4585 900} {4580 1800} {4575 1300} {4570 1100} {4565 400} {4560 700} 33000 39900 2.185635575e+11 1}
2022/06/14 00:35:44 kabuget.go:94: 1378:銘柄が見つからない
2022/06/14 00:35:45 kabuget.go:96: {1379 ホクト ホクト 1 東証プ 100 10000 2317 1517   0 0 <nil>}
2022/06/14 00:35:50 kabuget.go:101: {1379 ホクト 1 東証プ 1917 2022-06-13 15:00:00 +0900 JST 0061 1 1917 1902 2022-06-10 00:00:00 +0900 JST 15 0.79 1901 2022-06-13 09:00:00 +0900 JST 1917 2022-06-13 14:57:29 +0900 JST 1899 2022-06-13 09:00:31 +0900 JST 45700 2022-06-13 15:00:00 +0900 JST 1907.9978 8.71955e+07 100 1917 2022-06-13 15:00:00 +0900 JST 0101 0 {2022-06-13 15:00:00 +0900 JST 0101 1917 100} {1918 700} {1919 600} {1920 500} {1921 500} {1922 200} {1923 1200} {1924 100} {1925 500} {1926 1500} 200 1912 2022-06-13 15:00:00 +0900 JST 0101 0 {2022-06-13 15:00:00 +0900 JST 0101 1912 200} {1911 500} {1910 2200} {1909 2600} {1908 500} {1907 2000} {1906 600} {1905 2700} {1904 300} {1903 500} 61200 58400 6.394927968e+10 1}
2022/06/14 00:35:50 kabuget.go:108: {[]}
2022/06/14 00:35:51 kabuget.go:96: {1380 秋川牧園 秋川牧園 1 東証ス 100 10000 1367 767   0 0 <nil>}
2022/06/14 00:35:56 kabuget.go:101: {1380 秋川牧園 1 東証ス 1067 2022-06-13 14:57:48 +0900 JST 0060 1 1067 1053 2022-06-10 00:00:00 +0900 JST 14 1.33 1069 2022-06-13 09:00:00 +0900 JST 1069 2022-06-13 09:00:00 +0900 JST 1052 2022-06-13 10:01:26 +0900 JST 1200 2022-06-13 14:57:48 +0900 JST 1063.9167 1.2767e+06 100 1067 2022-06-13 15:00:00 +0900 JST 0107 0 {2022-06-13 15:00:00 +0900 JST 0107 1067 100} {1068 100} {1069 1400} {1070 1200} {1073 100} {1075 1000} {1078 100} {1079 100} {1080 1000} {1091 100} 200 1052 2022-06-13 15:00:00 +0900 JST 0107 0 {2022-06-13 15:00:00 +0900 JST 0107 1052 200} {1051 200} {1050 500} {1049 600} {1048 200} {1047 500} {1045 1100} {1042 100} {1040 100} {1038 100} 3700 5200 4.458993e+09 1}
2022/06/14 00:35:57 kabuget.go:96: {1381 アクシーズ アクシーズ 1 東証ス 100 10000 4095 2695   0 0 <nil>}
2022/06/14 00:36:02 kabuget.go:101: {1381 アクシーズ 1 東証ス 3395 2022-06-13 15:00:00 +0900 JST 0061 1 3395 3405 2022-06-10 00:00:00 +0900 JST -10 -0.29 3365 2022-06-13 09:00:00 +0900 JST 3405 2022-06-13 11:15:40 +0900 JST 3365 2022-06-13 09:00:00 +0900 JST 1500 2022-06-13 15:00:00 +0900 JST 3385.6667 5.0785e+06 100 3400 2022-06-13 15:00:00 +0900 JST 0101 0 {2022-06-13 15:00:00 +0900 JST 0101 3400 100} {3405 200} {3410 100} {3420 100} {3435 100} {3440 700} {3450 1200} {3455 800} {3460 100} {3485 500} 200 3365 2022-06-13 15:00:00 +0900 JST 0101 0 {2022-06-13 15:00:00 +0900 JST 0101 3365 200} {3360 200} {3355 600} {3350 200} {3340 200} {3330 100} {3320 100} {3315 200} {3305 200} {3300 400} 4800 3300 1.90714125e+10 1}
2022/06/14 00:36:03 kabuget.go:96: {1382 ホーブ ホーブ 1 東証ス 100 10000 1098 798   0 0 <nil>}
2022/06/14 00:36:08 kabuget.go:101: {1382 ホーブ 1 東証ス 948 2022-06-13 12:30:00 +0900 JST 0060 1 948 942 2022-06-10 00:00:00 +0900 JST 6 0.64 942 2022-06-13 09:00:00 +0900 JST 948 2022-06-13 12:30:00 +0900 JST 942 2022-06-13 09:00:00 +0900 JST 500 2022-06-13 12:30:00 +0900 JST 943.2 471600 100 955 2022-06-13 15:00:00 +0900 JST 0107 0 {2022-06-13 15:00:00 +0900 JST 0107 955 100} {956 100} {959 200} {960 100} {965 100} {966 100} {971 500} {974 100} {978 2200} {980 1000} 100 935 2022-06-13 15:00:00 +0900 JST 0107 0 {2022-06-13 15:00:00 +0900 JST 0107 935 100} {929 100} {928 200} {927 100} {926 100} {925 100} {921 100} {920 100} {919 800} {917 100} 2900 3100 7.22376e+08 1}
2022/06/14 00:36:10 kabuget.go:96: {1383 ベルグアース ベルグアース 1 東証ス 100 10000 3225 2225   0 0 <nil>}
2022/06/14 00:36:11 kabuget.go:101: {1383 ベルグアース 1 東証ス 2725 2022-06-13 14:53:23 +0900 JST 0060 1 2725 2725 2022-06-10 00:00:00 +0900 JST 0 0 2715 2022-06-13 09:00:00 +0900 JST 2747 2022-06-13 12:32:43 +0900 JST 2715 2022-06-13 09:00:00 +0900 JST 1900 2022-06-13 14:53:23 +0900 JST 2727.1579 5.1816e+06 100 2725 2022-06-13 15:00:00 +0900 JST 0107 0 {2022-06-13 15:00:00 +0900 JST 0107 2725 100} {2738 100} {2740 100} {2747 100} {2748 200} {2760 100} {2770 100} {2788 100} {2795 200} {2799 300} 200 2715 2022-06-13 15:00:00 +0900 JST 0107 0 {2022-06-13 15:00:00 +0900 JST 0107 2715 200} {2710 100} {2702 100} {2701 200} {2700 400} {2680 300} {2671 100} {2650 200} {2630 100} {2611 100} 6000 9300 3.9428025e+09 1}
2022/06/14 00:36:12 kabuget.go:96: {1384 ホクリヨウ ホクリヨウ 1 東証ス 100 10000 736 536   0 0 <nil>}
2022/06/14 00:36:17 kabuget.go:101: {1384 ホクリヨウ 1 東証ス 636 2022-06-13 15:00:00 +0900 JST 0061 1 636 635 2022-06-10 00:00:00 +0900 JST 1 0.16 635 2022-06-13 09:00:00 +0900 JST 636 2022-06-13 09:09:03 +0900 JST 635 2022-06-13 09:00:00 +0900 JST 2200 2022-06-13 15:00:00 +0900 JST 635.6818 1.3985e+06 1500 636 2022-06-13 14:59:59 +0900 JST 0101 0 {2022-06-13 14:59:59 +0900 JST 0101 636 1500} {637 1200} {638 1200} {639 700} {640 1400} {641 1500} {642 700} {643 700} {644 1000} {645 300} 2600 635 2022-06-13 14:59:59 +0900 JST 0101 0 {2022-06-13 14:59:59 +0900 JST 0101 635 2600} {634 2200} {633 1200} {632 1000} {631 300} {630 3500} {629 1100} {628 100} {627 100} {626 900} 15100 15400 5.379924e+09 1}
2022/06/14 00:36:18 kabuget.go:96: {1385 ＵＢＳ　ＥＴＦ　ユーロ圏大型株５０（ユーロ・ストックス５０） ＵＢＳ欧５０/ETF(F) 1 東証ETF/ETN 1 10000 6230 4230   0 0 <nil>}
2022/06/14 00:36:23 kabuget.go:101: {1385 ＵＢＳ　ＥＴＦ　ユーロ圏大型株５０（ユーロ・ストックス５０） 1 東証ETF/ETN 5230 2022-06-13 14:44:11 +0900 JST 0060 1 5230 5460 2022-06-10 00:00:00 +0900 JST -230 -4.21 5270 2022-06-13 09:03:00 +0900 JST 5290 2022-06-13 09:39:25 +0900 JST 5180 2022-06-13 11:30:00 +0900 JST 230 2022-06-13 14:44:11 +0900 JST 5239.6087 1.20511e+06 15 5230 2022-06-13 15:00:00 +0900 JST 0107 0 {2022-06-13 15:00:00 +0900 JST 0107 5230 15} {5240 86} {5250 180} {5270 39} {5280 5} {5290 81} {5300 15} {5320 60} {5330 84} {5340 61} 1 5200 2022-06-13 15:00:00 +0900 JST 0107 0 {2022-06-13 15:00:00 +0900 JST 0107 5200 1} {5190 1} {5180 7} {5170 28} {5160 51} {5150 67} {5140 65} {5130 59} {5120 57} {5110 66} 4699 3924 6.2461367e+08 1}
2022/06/14 00:36:24 kabuget.go:96: {1386 ＵＢＳ　ＥＴＦ　欧州株（ＭＳＣＩヨーロッパ） ＵＢＳ欧州株/ETF(F) 1 東証ETF/ETN 1 10003 11455 8455   0 0 <nil>}
2022/06/14 00:36:29 kabuget.go:101: {1386 ＵＢＳ　ＥＴＦ　欧州株（ＭＳＣＩヨーロッパ） 1 東証ETF/ETN 9955 2022-06-13 12:56:23 +0900 JST 0060 1 9955 10325 2022-06-10 00:00:00 +0900 JST -370 -3.58 10200 2022-06-13 09:00:00 +0900 JST 10200 2022-06-13 09:00:00 +0900 JST 9852 2022-06-13 09:07:06 +0900 JST 117 2022-06-13 12:56:23 +0900 JST 10095.1368 1.181131e+06 1 9955 2022-06-13 15:00:00 +0900 JST 0107 0 {2022-06-13 15:00:00 +0900 JST 0107 9955 1} {9963 2} {9979 8} {9981 1000} {9989 17} {10000 18} {10125 18} {10200 18} {10210 3} {10250 3} 3 9947 2022-06-13 15:00:00 +0900 JST 0107 0 {2022-06-13 15:00:00 +0900 JST 0107 9947 3} {9900 7} {9871 3} {9870 8} {9857 1} {9854 11} {9853 1} {9851 5} {9850 1} {9813 3} 185 1512 5.02916645e+08 1}
2022/06/14 00:36:30 kabuget.go:96: {1387 ＵＢＳ　ＥＴＦ　ユーロ圏株（ＭＳＣＩ　ＥＭＵ） ＵＢＳユロ株/ETF(F) 1 東証ETF/ETN 1 10003 23215 15215   0 0 <nil>}
2022/06/14 00:36:35 kabuget.go:101: {1387 ＵＢＳ　ＥＴＦ　ユーロ圏株（ＭＳＣＩ　ＥＭＵ） 1 東証ETF/ETN 0 0001-01-01 00:00:00 +0000 UTC 0060 -1 19215 0 0001-01-01 00:00:00 +0000 UTC 0 0 0 0001-01-01 00:00:00 +0000 UTC 0 0001-01-01 00:00:00 +0000 UTC 0 0001-01-01 00:00:00 +0000 UTC 0 0001-01-01 00:00:00 +0000 UTC 0 0 8 18350 2022-06-13 14:59:51 +0900 JST 0107 0 {2022-06-13 14:59:51 +0900 JST 0107 18350 8} {18385 1000} {18425 8} {18525 8} {18600 8} {18705 8} {18810 8} {18950 8} {19020 4} {19180 4} 1 18000 2022-06-13 14:59:51 +0900 JST 0107 0 {2022-06-13 14:59:51 +0900 JST 0107 18000 1} {17900 2} {17895 2} {17870 4} {17850 2} {17845 8} {17815 8} {17750 4} {17745 1000} {17700 8} 22 89 1.8592434e+08 1}
2022/06/14 00:36:36 kabuget.go:96: {1388 ＵＢＳ　ＥＴＦ　ユーロ圏小型株（ＭＳＣＩ　ＥＭＵ小型株） ＵＢＳユロ小/ETF(F) 1 東証ETF/ETN 1 10003 20470 12470   0 0 <nil>}
2022/06/14 00:36:41 kabuget.go:101: {1388 ＵＢＳ　ＥＴＦ　ユーロ圏小型株（ＭＳＣＩ　ＥＭＵ小型株） 1 東証ETF/ETN 0 0001-01-01 00:00:00 +0000 UTC 0060 -1 17170 17385 2022-06-10 00:00:00 +0900 JST 0 0 0 0001-01-01 00:00:00 +0000 UTC 0 0001-01-01 00:00:00 +0000 UTC 0 0001-01-01 00:00:00 +0000 UTC 0 0001-01-01 00:00:00 +0000 UTC 0 0 1000 16650 2022-06-13 14:55:27 +0900 JST 0107 0 {2022-06-13 14:55:27 +0900 JST 0107 16650 1000} {16670 35} {17350 1} {17380 1} {17385 3} {17650 13} {0 0} {0 0} {0 0} {0 0} 3 16040 2022-06-13 14:55:27 +0900 JST 0107 0 {2022-06-13 14:55:27 +0900 JST 0107 16040 3} {16035 1000} {13750 40} {0 0} {0 0} {0 0} {0 0} {0 0} {0 0} {0 0} 0 0 5.566514e+07 1}
2022/06/14 00:36:42 kabuget.go:96: {1389 ＵＢＳ　ＥＴＦ　英国大型株１００（ＦＴＳＥ　１００） ＵＢＳ英大株/ETF(F) 1 東証ETF/ETN 1 10003 14180 8180   0 0 <nil>}
2022/06/14 00:36:47 kabuget.go:101: {1389 ＵＢＳ　ＥＴＦ　英国大型株１００（ＦＴＳＥ　１００） 1 東証ETF/ETN 11180 2022-06-13 14:09:50 +0900 JST 0060 1 11180 11700 2022-06-10 00:00:00 +0900 JST -520 -4.44 11165 2022-06-13 09:03:00 +0900 JST 11300 2022-06-13 11:08:58 +0900 JST 11160 2022-06-13 09:58:16 +0900 JST 228 2022-06-13 14:09:50 +0900 JST 11167.5877 2.54621e+06 2 11265 2022-06-13 15:00:00 +0900 JST 0107 0 {2022-06-13 15:00:00 +0900 JST 0107 11265 2} {11275 2} {11290 2} {11295 1} {11300 2} {11325 2} {11350 1} {11360 8} {11375 16} {11385 16} 5 11180 2022-06-13 15:00:00 +0900 JST 0107 0 {2022-06-13 15:00:00 +0900 JST 0107 11180 5} {11170 11} {11160 10} {11150 1} {11130 4} {11125 4} {11110 8} {11105 8} {11100 16} {11095 1} 1429 1746 3.4099e+08 1}
2022/06/14 00:36:48 kabuget.go:96: {1390 ＵＢＳ　ＥＴＦ　ＭＳＣＩアジア太平洋株（除く日本） ＵＢＳアジア/ETF(F) 1 東証ETF/ETN 1 10000 6710 4710   0 0 <nil>}
2022/06/14 00:36:53 kabuget.go:101: {1390 ＵＢＳ　ＥＴＦ　ＭＳＣＩアジア太平洋株（除く日本） 1 東証ETF/ETN 5710 2022-06-13 13:58:08 +0900 JST 0060 1 5710 5840 2022-06-10 00:00:00 +0900 JST -130 -2.23 5920 2022-06-13 09:00:00 +0900 JST 5920 2022-06-13 09:00:00 +0900 JST 5600 2022-06-13 10:40:07 +0900 JST 137 2022-06-13 13:58:08 +0900 JST 5735.1825 785720 2011 5720 2022-06-13 15:00:00 +0900 JST 0107 0 {2022-06-13 15:00:00 +0900 JST 0107 5720 2011} {5760 11} {5800 1} {5810 2} {5820 1} {5840 1} {5850 1} {5860 1} {5930 2} {5940 7} 4 5640 2022-06-13 15:00:00 +0900 JST 0107 0 {2022-06-13 15:00:00 +0900 JST 0107 5640 4} {5610 100} {5600 1} {5560 22} {5550 12} {5540 10} {5520 3} {5500 25} {5460 25} {5420 29} 327 157 3.05485e+08 1}
2022/06/14 00:36:54 kabuget.go:96: {1391 ＵＢＳ　ＥＴＦ　スイス株（ＭＳＣＩスイス２０／３５） ＵＢＳスイス/ETF(F) 1 東証ETF/ETN 1 10000 3410 2410   0 0 <nil>}
2022/06/14 00:36:59 kabuget.go:101: {1391 ＵＢＳ　ＥＴＦ　スイス株（ＭＳＣＩスイス２０／３５） 1 東証ETF/ETN 2910 2022-06-13 14:58:48 +0900 JST 0060 1 2910 3040 2022-06-10 00:00:00 +0900 JST -130 -4.28 2950 2022-06-13 09:03:00 +0900 JST 2967 2022-06-13 09:06:57 +0900 JST 2846 2022-06-13 14:16:13 +0900 JST 2310 2022-06-13 14:58:48 +0900 JST 2878.9364 6.650343e+06 57 2928 2022-06-13 15:00:00 +0900 JST 0107 0 {2022-06-13 15:00:00 +0900 JST 0107 2928 57} {2929 4} {2941 80} {2942 80} {2948 80} {2949 1} {2960 80} {2964 2} {2967 80} {2970 80} 1 2901 2022-06-13 15:00:00 +0900 JST 0107 0 {2022-06-13 15:00:00 +0900 JST 0107 2901 1} {2899 2} {2886 7} {2885 1} {2882 2} {2881 1} {2880 7} {2872 18} {2868 18} {2865 36} 3831 3610 3.4163109e+08 1}
2022/06/14 00:37:00 kabuget.go:96: {1392 ＵＢＳ　ＥＴＦ　英国株（ＭＳＣＩ英国） ＵＢＳ英国株/ETF(F) 1 東証ETF/ETN 1 10000 3830 2430   0 0 <nil>}
2022/06/14 00:37:05 kabuget.go:101: {1392 ＵＢＳ　ＥＴＦ　英国株（ＭＳＣＩ英国） 1 東証ETF/ETN 3130 2022-06-13 12:53:58 +0900 JST 0060 1 3130 3210 2022-06-10 00:00:00 +0900 JST -80 -2.49 3140 2022-06-13 09:00:00 +0900 JST 3140 2022-06-13 09:00:00 +0900 JST 3060 2022-06-13 12:30:44 +0900 JST 48 2022-06-13 12:53:58 +0900 JST 3114.8958 149515 1 3115 2022-06-13 15:00:00 +0900 JST 0107 0 {2022-06-13 15:00:00 +0900 JST 0107 3115 1} {3130 6} {3135 12} {3140 18} {3150 82} {3155 81} {3160 80} {3165 580} {3170 80} {3175 82} 12 3060 2022-06-13 15:00:00 +0900 JST 0107 0 {2022-06-13 15:00:00 +0900 JST 0107 3060 12} {3055 19} {3050 28} {3045 35} {3040 35} {3035 37} {3030 48} {3025 560} {3020 50} {3015 51} 1740 2647 1.467031e+08 1}
2022/06/14 00:37:06 kabuget.go:96: {1393 ＵＢＳ　ＥＴＦ　米国株（ＭＳＣＩ米国） ＵＢＳ米国株/ETF(F) 1 東証ETF/ETN 1 10003 61130 41130   0 0 <nil>}
2022/06/14 00:37:11 kabuget.go:101: {1393 ＵＢＳ　ＥＴＦ　米国株（ＭＳＣＩ米国） 1 東証ETF/ETN 51130 2022-06-13 14:59:35 +0900 JST 0060 1 51130 52350 2022-06-10 00:00:00 +0900 JST -1220 -2.33 51230 2022-06-13 09:03:00 +0900 JST 51580 2022-06-13 09:10:36 +0900 JST 50750 2022-06-13 12:38:16 +0900 JST 112 2022-06-13 14:59:35 +0900 JST 51072.4107 5.72011e+06 1005 51230 2022-06-13 15:00:00 +0900 JST 0107 0 {2022-06-13 15:00:00 +0900 JST 0107 51230 1005} {51270 8} {51330 8} {51350 2} {51370 8} {51390 8} {51460 8} {51520 4} {51540 8} {51570 8} 1 50800 2022-06-13 15:00:00 +0900 JST 0107 0 {2022-06-13 15:00:00 +0900 JST 0107 50800 1} {50780 5} {50750 10} {50700 100} {50610 1} {50500 1} {50390 1} {50340 1} {50300 4} {50220 4} 267 1419 7.31159e+08 1}
2022/06/14 00:37:12 kabuget.go:96: {1394 ＵＢＳ　ＥＴＦ　先進国株（ＭＳＣＩワールド） ＵＢＳ先進国/ETF(F) 1 東証ETF/ETN 1 10003 43790 29790   0 0 <nil>}
2022/06/14 00:37:17 kabuget.go:101: {1394 ＵＢＳ　ＥＴＦ　先進国株（ＭＳＣＩワールド） 1 東証ETF/ETN 36790 2022-06-13 09:00:01 +0900 JST 0060 1 36790 36850 2022-06-10 00:00:00 +0900 JST -60 -0.16 36800 2022-06-13 09:00:00 +0900 JST 36800 2022-06-13 09:00:00 +0900 JST 36790 2022-06-13 09:00:01 +0900 JST 6 2022-06-13 09:00:01 +0900 JST 36798.3333 220790 1018 36490 2022-06-13 14:59:51 +0900 JST 0107 0 {2022-06-13 14:59:51 +0900 JST 0107 36490 1018} {36560 35} {36730 18} {36800 1} {37030 18} {37250 8} {37460 18} {37550 9} {37700 5} {37850 10} 1 35690 2022-06-13 14:59:51 +0900 JST 0107 0 {2022-06-13 14:59:51 +0900 JST 0107 35690 1} {35620 2} {35510 4} {35450 8} {35390 18} {35290 18} {35210 18} {35110 18} {35010 18} {35000 1000} 109 134 2.50172e+08 1}
2022/06/14 00:37:17 kabuget.go:94: 1395:銘柄が見つからない
2022/06/14 00:37:17 kabuget.go:94: 1396:銘柄が見つからない
2022/06/14 00:37:18 kabuget.go:96: {1397 ＳＭＤＡＭ　日経２２５上場投信 ＳＭＤ２２５/ETF 1 東証ETF/ETN 1 10003 32240 22235   0 0 <nil>}
2022/06/14 00:37:23 kabuget.go:101: {1397 ＳＭＤＡＭ　日経２２５上場投信 1 東証ETF/ETN 27235 2022-06-13 14:51:37 +0900 JST 0060 1 27235 28065 2022-06-10 00:00:00 +0900 JST -830 -2.96 27405 2022-06-13 09:03:00 +0900 JST 27405 2022-06-13 09:03:00 +0900 JST 27175 2022-06-13 13:56:15 +0900 JST 31 2022-06-13 14:51:37 +0900 JST 27270.6452 845390 1647 27245 2022-06-13 15:00:00 +0900 JST 0107 0 {2022-06-13 15:00:00 +0900 JST 0107 27245 1647} {27250 1500} {28000 1} {28440 3} {28640 6} {28750 1} {28800 8} {28960 11} {29120 13} {29200 1} 1647 27220 2022-06-13 15:00:00 +0900 JST 0107 0 {2022-06-13 15:00:00 +0900 JST 0107 27220 1647} {27215 1500} {26900 1} {26840 1} {26650 3} {26510 5} {26370 7} {26300 342} {26230 9} {25000 10} 26 10 8.1948671545e+10 1}
2022/06/14 00:37:24 kabuget.go:96: {1398 ＳＭＤＡＭ　東証ＲＥＩＴ指数上場投信 ＳＭＤリート/ETF(C) 1 東証ETF/ETN 10 10003 2536 1536   0 0 <nil>}
